C:/OneDrive/Desktop/HLS-Tutorial/Take-Home-Ex/5-Basic_Input_Output/Ex2/solution1/csynth.tcl:14:9: warning: HLS pragma dump _XLX_SEP_ PragmaIsValid=1_XLX_SEP_ PragmaType=top_XLX_SEP_ PragmaContext=directive_XLX_SEP_ PragmaFunction=sw_led_control_XLX_SEP_ PragmaOptions=name=sw_led_control_XLX_SEP_ [-Wdump-hls-pragmas]
#pragma HLSDIRECTIVE TOP name=sw_led_control
        ^
Ex2/src/sw_led_control.cpp:12:9: warning: HLS pragma dump _XLX_SEP_ PragmaIsValid=1_XLX_SEP_ PragmaType=interface_XLX_SEP_ PragmaContext=_XLX_SEP_ PragmaFunction=sw_led_control_XLX_SEP_ PragmaOptions=mode=ap_ctrl_none port=return_XLX_SEP_ [-Wdump-hls-pragmas]
#pragma HLS INTERFACE mode=ap_ctrl_none port=return
        ^
Ex2/src/sw_led_control.cpp:13:9: warning: HLS pragma dump _XLX_SEP_ PragmaIsValid=1_XLX_SEP_ PragmaType=interface_XLX_SEP_ PragmaContext=_XLX_SEP_ PragmaFunction=sw_led_control_XLX_SEP_ PragmaOptions=mode=ap_none port=sw0_XLX_SEP_ [-Wdump-hls-pragmas]
#pragma HLS INTERFACE mode=ap_none port=sw0
        ^
Ex2/src/sw_led_control.cpp:14:9: warning: HLS pragma dump _XLX_SEP_ PragmaIsValid=1_XLX_SEP_ PragmaType=interface_XLX_SEP_ PragmaContext=_XLX_SEP_ PragmaFunction=sw_led_control_XLX_SEP_ PragmaOptions=mode=ap_none port=sw1_XLX_SEP_ [-Wdump-hls-pragmas]
#pragma HLS INTERFACE mode=ap_none port=sw1
        ^
Ex2/src/sw_led_control.cpp:15:9: warning: HLS pragma dump _XLX_SEP_ PragmaIsValid=1_XLX_SEP_ PragmaType=interface_XLX_SEP_ PragmaContext=_XLX_SEP_ PragmaFunction=sw_led_control_XLX_SEP_ PragmaOptions=mode=ap_none port=sw2_XLX_SEP_ [-Wdump-hls-pragmas]
#pragma HLS INTERFACE mode=ap_none port=sw2
        ^
Ex2/src/sw_led_control.cpp:16:9: warning: HLS pragma dump _XLX_SEP_ PragmaIsValid=1_XLX_SEP_ PragmaType=interface_XLX_SEP_ PragmaContext=_XLX_SEP_ PragmaFunction=sw_led_control_XLX_SEP_ PragmaOptions=mode=ap_none port=sw3_XLX_SEP_ [-Wdump-hls-pragmas]
#pragma HLS INTERFACE mode=ap_none port=sw3
        ^
Ex2/src/sw_led_control.cpp:17:9: warning: HLS pragma dump _XLX_SEP_ PragmaIsValid=1_XLX_SEP_ PragmaType=interface_XLX_SEP_ PragmaContext=_XLX_SEP_ PragmaFunction=sw_led_control_XLX_SEP_ PragmaOptions=mode=ap_none port=sw4_XLX_SEP_ [-Wdump-hls-pragmas]
#pragma HLS INTERFACE mode=ap_none port=sw4
        ^
Ex2/src/sw_led_control.cpp:19:9: warning: HLS pragma dump _XLX_SEP_ PragmaIsValid=1_XLX_SEP_ PragmaType=interface_XLX_SEP_ PragmaContext=_XLX_SEP_ PragmaFunction=sw_led_control_XLX_SEP_ PragmaOptions=mode=ap_none port=led0_XLX_SEP_ [-Wdump-hls-pragmas]
#pragma HLS INTERFACE mode=ap_none port=led0
        ^
Ex2/src/sw_led_control.cpp:20:9: warning: HLS pragma dump _XLX_SEP_ PragmaIsValid=1_XLX_SEP_ PragmaType=interface_XLX_SEP_ PragmaContext=_XLX_SEP_ PragmaFunction=sw_led_control_XLX_SEP_ PragmaOptions=mode=ap_none port=led1_XLX_SEP_ [-Wdump-hls-pragmas]
#pragma HLS INTERFACE mode=ap_none port=led1
        ^
Ex2/src/sw_led_control.cpp:21:9: warning: HLS pragma dump _XLX_SEP_ PragmaIsValid=1_XLX_SEP_ PragmaType=interface_XLX_SEP_ PragmaContext=_XLX_SEP_ PragmaFunction=sw_led_control_XLX_SEP_ PragmaOptions=mode=ap_none port=led2_XLX_SEP_ [-Wdump-hls-pragmas]
#pragma HLS INTERFACE mode=ap_none port=led2
        ^
Ex2/src/sw_led_control.cpp:22:9: warning: HLS pragma dump _XLX_SEP_ PragmaIsValid=1_XLX_SEP_ PragmaType=interface_XLX_SEP_ PragmaContext=_XLX_SEP_ PragmaFunction=sw_led_control_XLX_SEP_ PragmaOptions=mode=ap_none port=led3_XLX_SEP_ [-Wdump-hls-pragmas]
#pragma HLS INTERFACE mode=ap_none port=led3
        ^
11 warnings generated.
