

================================================================
== Vitis HLS Report for 'fulladder_4x'
================================================================
* Date:           Wed Jul 24 22:50:14 2024

* Version:        2023.2 (Build 4023990 on Oct 11 2023)
* Project:        Ex2
* Solution:       solution1 (Vivado IP Flow Target)
* Product family: virtexuplus
* Target device:  xcvu11p-flga2577-1-e


================================================================
== Performance Estimates
================================================================
+ Timing: 
    * Summary: 
    +--------+----------+----------+------------+
    |  Clock |  Target  | Estimated| Uncertainty|
    +--------+----------+----------+------------+
    |ap_clk  |  10.00 ns|  0.592 ns|     2.70 ns|
    +--------+----------+----------+------------+

+ Latency: 
    * Summary: 
    +---------+---------+----------+----------+-----+-----+---------+
    |  Latency (cycles) |  Latency (absolute) |  Interval | Pipeline|
    |   min   |   max   |    min   |    max   | min | max |   Type  |
    +---------+---------+----------+----------+-----+-----+---------+
    |        0|        0|      0 ns|      0 ns|    1|    1|       no|
    +---------+---------+----------+----------+-----+-----+---------+

    + Detail: 
        * Instance: 
        N/A

        * Loop: 
        N/A

============================================================
+ Verbose Summary: Synthesis Manager
============================================================
InlineROM: 1
ExposeGlobal: 0
============================================================
+ Verbose Summary: CDFG Model
============================================================
IsTopModel: 1
ResetActiveHigh: 1
IsCombinational: 0
IsDatapathOnly: 0
HasWiredReturn: 1
HasMFsm: 0
HasVarLatency: 0
IsPipeline: 0
IsRtlPipelined: 0
IsInstanceOverlapped: 0
IsDontTouch: 0
HasImplIP: 0
IsGatedGlobalClock: 0


============================================================
+ Verbose Summary: Schedule
============================================================
* Number of FSM states : 1
* Pipeline : 0
* Dataflow Pipeline: 0

* FSM state transitions: 
1 --> 

* FSM state operations: 

State 1 <SV = 0> <Delay = 0.59>
ST_1 : Operation 2 [1/1] (0.00ns)   --->   "%spectopmodule_ln17 = spectopmodule void @_ssdm_op_SpecTopModule, void @empty_1" [Ex2/src/fulladder_4x.cpp:17]   --->   Operation 2 'spectopmodule' 'spectopmodule_ln17' <Predicate = true> <Delay = 0.00>
ST_1 : Operation 3 [1/1] (0.00ns)   --->   "%specinterface_ln17 = specinterface void @_ssdm_op_SpecInterface, i32 0, void @empty_2, i32 0, i32 0, void @empty_0, i32 0, i32 0, void @empty_0, void @empty_0, void @empty_0, i32 0, i32 0, i32 0, i32 0, void @empty_0, void @empty_0, i32 4294967295, i32 0" [Ex2/src/fulladder_4x.cpp:17]   --->   Operation 3 'specinterface' 'specinterface_ln17' <Predicate = true> <Delay = 0.00>
ST_1 : Operation 4 [1/1] (0.00ns)   --->   "%specbitsmap_ln0 = specbitsmap void @_ssdm_op_SpecBitsMap, i1 %a0"   --->   Operation 4 'specbitsmap' 'specbitsmap_ln0' <Predicate = true> <Delay = 0.00>
ST_1 : Operation 5 [1/1] (0.00ns)   --->   "%specinterface_ln0 = specinterface void @_ssdm_op_SpecInterface, i1 %a0, void @empty, i32 0, i32 0, void @empty_0, i32 0, i32 0, void @empty_0, void @empty_0, void @empty_0, i32 0, i32 0, i32 0, i32 0, void @empty_0, void @empty_0, i32 4294967295, i32 0"   --->   Operation 5 'specinterface' 'specinterface_ln0' <Predicate = true> <Delay = 0.00>
ST_1 : Operation 6 [1/1] (0.00ns)   --->   "%specbitsmap_ln0 = specbitsmap void @_ssdm_op_SpecBitsMap, i1 %a1"   --->   Operation 6 'specbitsmap' 'specbitsmap_ln0' <Predicate = true> <Delay = 0.00>
ST_1 : Operation 7 [1/1] (0.00ns)   --->   "%specinterface_ln0 = specinterface void @_ssdm_op_SpecInterface, i1 %a1, void @empty, i32 0, i32 0, void @empty_0, i32 0, i32 0, void @empty_0, void @empty_0, void @empty_0, i32 0, i32 0, i32 0, i32 0, void @empty_0, void @empty_0, i32 4294967295, i32 0"   --->   Operation 7 'specinterface' 'specinterface_ln0' <Predicate = true> <Delay = 0.00>
ST_1 : Operation 8 [1/1] (0.00ns)   --->   "%specbitsmap_ln0 = specbitsmap void @_ssdm_op_SpecBitsMap, i1 %a2"   --->   Operation 8 'specbitsmap' 'specbitsmap_ln0' <Predicate = true> <Delay = 0.00>
ST_1 : Operation 9 [1/1] (0.00ns)   --->   "%specinterface_ln0 = specinterface void @_ssdm_op_SpecInterface, i1 %a2, void @empty, i32 0, i32 0, void @empty_0, i32 0, i32 0, void @empty_0, void @empty_0, void @empty_0, i32 0, i32 0, i32 0, i32 0, void @empty_0, void @empty_0, i32 4294967295, i32 0"   --->   Operation 9 'specinterface' 'specinterface_ln0' <Predicate = true> <Delay = 0.00>
ST_1 : Operation 10 [1/1] (0.00ns)   --->   "%specbitsmap_ln0 = specbitsmap void @_ssdm_op_SpecBitsMap, i1 %a3"   --->   Operation 10 'specbitsmap' 'specbitsmap_ln0' <Predicate = true> <Delay = 0.00>
ST_1 : Operation 11 [1/1] (0.00ns)   --->   "%specinterface_ln0 = specinterface void @_ssdm_op_SpecInterface, i1 %a3, void @empty, i32 0, i32 0, void @empty_0, i32 0, i32 0, void @empty_0, void @empty_0, void @empty_0, i32 0, i32 0, i32 0, i32 0, void @empty_0, void @empty_0, i32 4294967295, i32 0"   --->   Operation 11 'specinterface' 'specinterface_ln0' <Predicate = true> <Delay = 0.00>
ST_1 : Operation 12 [1/1] (0.00ns)   --->   "%specbitsmap_ln0 = specbitsmap void @_ssdm_op_SpecBitsMap, i1 %b0"   --->   Operation 12 'specbitsmap' 'specbitsmap_ln0' <Predicate = true> <Delay = 0.00>
ST_1 : Operation 13 [1/1] (0.00ns)   --->   "%specinterface_ln0 = specinterface void @_ssdm_op_SpecInterface, i1 %b0, void @empty, i32 0, i32 0, void @empty_0, i32 0, i32 0, void @empty_0, void @empty_0, void @empty_0, i32 0, i32 0, i32 0, i32 0, void @empty_0, void @empty_0, i32 4294967295, i32 0"   --->   Operation 13 'specinterface' 'specinterface_ln0' <Predicate = true> <Delay = 0.00>
ST_1 : Operation 14 [1/1] (0.00ns)   --->   "%specbitsmap_ln0 = specbitsmap void @_ssdm_op_SpecBitsMap, i1 %b1"   --->   Operation 14 'specbitsmap' 'specbitsmap_ln0' <Predicate = true> <Delay = 0.00>
ST_1 : Operation 15 [1/1] (0.00ns)   --->   "%specinterface_ln0 = specinterface void @_ssdm_op_SpecInterface, i1 %b1, void @empty, i32 0, i32 0, void @empty_0, i32 0, i32 0, void @empty_0, void @empty_0, void @empty_0, i32 0, i32 0, i32 0, i32 0, void @empty_0, void @empty_0, i32 4294967295, i32 0"   --->   Operation 15 'specinterface' 'specinterface_ln0' <Predicate = true> <Delay = 0.00>
ST_1 : Operation 16 [1/1] (0.00ns)   --->   "%specbitsmap_ln0 = specbitsmap void @_ssdm_op_SpecBitsMap, i1 %b2"   --->   Operation 16 'specbitsmap' 'specbitsmap_ln0' <Predicate = true> <Delay = 0.00>
ST_1 : Operation 17 [1/1] (0.00ns)   --->   "%specinterface_ln0 = specinterface void @_ssdm_op_SpecInterface, i1 %b2, void @empty, i32 0, i32 0, void @empty_0, i32 0, i32 0, void @empty_0, void @empty_0, void @empty_0, i32 0, i32 0, i32 0, i32 0, void @empty_0, void @empty_0, i32 4294967295, i32 0"   --->   Operation 17 'specinterface' 'specinterface_ln0' <Predicate = true> <Delay = 0.00>
ST_1 : Operation 18 [1/1] (0.00ns)   --->   "%specbitsmap_ln0 = specbitsmap void @_ssdm_op_SpecBitsMap, i1 %b3"   --->   Operation 18 'specbitsmap' 'specbitsmap_ln0' <Predicate = true> <Delay = 0.00>
ST_1 : Operation 19 [1/1] (0.00ns)   --->   "%specinterface_ln0 = specinterface void @_ssdm_op_SpecInterface, i1 %b3, void @empty, i32 0, i32 0, void @empty_0, i32 0, i32 0, void @empty_0, void @empty_0, void @empty_0, i32 0, i32 0, i32 0, i32 0, void @empty_0, void @empty_0, i32 4294967295, i32 0"   --->   Operation 19 'specinterface' 'specinterface_ln0' <Predicate = true> <Delay = 0.00>
ST_1 : Operation 20 [1/1] (0.00ns)   --->   "%specbitsmap_ln0 = specbitsmap void @_ssdm_op_SpecBitsMap, i1 %s0"   --->   Operation 20 'specbitsmap' 'specbitsmap_ln0' <Predicate = true> <Delay = 0.00>
ST_1 : Operation 21 [1/1] (0.00ns)   --->   "%specinterface_ln0 = specinterface void @_ssdm_op_SpecInterface, i1 %s0, void @empty, i32 0, i32 0, void @empty_0, i32 0, i32 0, void @empty_0, void @empty_0, void @empty_0, i32 0, i32 0, i32 0, i32 0, void @empty_0, void @empty_0, i32 4294967295, i32 0"   --->   Operation 21 'specinterface' 'specinterface_ln0' <Predicate = true> <Delay = 0.00>
ST_1 : Operation 22 [1/1] (0.00ns)   --->   "%specbitsmap_ln0 = specbitsmap void @_ssdm_op_SpecBitsMap, i1 %s1"   --->   Operation 22 'specbitsmap' 'specbitsmap_ln0' <Predicate = true> <Delay = 0.00>
ST_1 : Operation 23 [1/1] (0.00ns)   --->   "%specinterface_ln0 = specinterface void @_ssdm_op_SpecInterface, i1 %s1, void @empty, i32 0, i32 0, void @empty_0, i32 0, i32 0, void @empty_0, void @empty_0, void @empty_0, i32 0, i32 0, i32 0, i32 0, void @empty_0, void @empty_0, i32 4294967295, i32 0"   --->   Operation 23 'specinterface' 'specinterface_ln0' <Predicate = true> <Delay = 0.00>
ST_1 : Operation 24 [1/1] (0.00ns)   --->   "%specbitsmap_ln0 = specbitsmap void @_ssdm_op_SpecBitsMap, i1 %s2"   --->   Operation 24 'specbitsmap' 'specbitsmap_ln0' <Predicate = true> <Delay = 0.00>
ST_1 : Operation 25 [1/1] (0.00ns)   --->   "%specinterface_ln0 = specinterface void @_ssdm_op_SpecInterface, i1 %s2, void @empty, i32 0, i32 0, void @empty_0, i32 0, i32 0, void @empty_0, void @empty_0, void @empty_0, i32 0, i32 0, i32 0, i32 0, void @empty_0, void @empty_0, i32 4294967295, i32 0"   --->   Operation 25 'specinterface' 'specinterface_ln0' <Predicate = true> <Delay = 0.00>
ST_1 : Operation 26 [1/1] (0.00ns)   --->   "%specbitsmap_ln0 = specbitsmap void @_ssdm_op_SpecBitsMap, i1 %s3"   --->   Operation 26 'specbitsmap' 'specbitsmap_ln0' <Predicate = true> <Delay = 0.00>
ST_1 : Operation 27 [1/1] (0.00ns)   --->   "%specinterface_ln0 = specinterface void @_ssdm_op_SpecInterface, i1 %s3, void @empty, i32 0, i32 0, void @empty_0, i32 0, i32 0, void @empty_0, void @empty_0, void @empty_0, i32 0, i32 0, i32 0, i32 0, void @empty_0, void @empty_0, i32 4294967295, i32 0"   --->   Operation 27 'specinterface' 'specinterface_ln0' <Predicate = true> <Delay = 0.00>
ST_1 : Operation 28 [1/1] (0.00ns)   --->   "%specbitsmap_ln0 = specbitsmap void @_ssdm_op_SpecBitsMap, i1 %cout"   --->   Operation 28 'specbitsmap' 'specbitsmap_ln0' <Predicate = true> <Delay = 0.00>
ST_1 : Operation 29 [1/1] (0.00ns)   --->   "%specinterface_ln0 = specinterface void @_ssdm_op_SpecInterface, i1 %cout, void @empty, i32 0, i32 0, void @empty_0, i32 0, i32 0, void @empty_0, void @empty_0, void @empty_0, i32 0, i32 0, i32 0, i32 0, void @empty_0, void @empty_0, i32 4294967295, i32 0"   --->   Operation 29 'specinterface' 'specinterface_ln0' <Predicate = true> <Delay = 0.00>
ST_1 : Operation 30 [1/1] (0.00ns)   --->   "%b3_read = read i1 @_ssdm_op_Read.ap_none.i1, i1 %b3" [Ex2/src/fulladder_4x.cpp:17]   --->   Operation 30 'read' 'b3_read' <Predicate = true> <Delay = 0.00>
ST_1 : Operation 31 [1/1] (0.00ns)   --->   "%b2_read = read i1 @_ssdm_op_Read.ap_none.i1, i1 %b2" [Ex2/src/fulladder_4x.cpp:17]   --->   Operation 31 'read' 'b2_read' <Predicate = true> <Delay = 0.00>
ST_1 : Operation 32 [1/1] (0.00ns)   --->   "%b1_read = read i1 @_ssdm_op_Read.ap_none.i1, i1 %b1" [Ex2/src/fulladder_4x.cpp:17]   --->   Operation 32 'read' 'b1_read' <Predicate = true> <Delay = 0.00>
ST_1 : Operation 33 [1/1] (0.00ns)   --->   "%b0_read = read i1 @_ssdm_op_Read.ap_none.i1, i1 %b0" [Ex2/src/fulladder_4x.cpp:17]   --->   Operation 33 'read' 'b0_read' <Predicate = true> <Delay = 0.00>
ST_1 : Operation 34 [1/1] (0.00ns)   --->   "%a3_read = read i1 @_ssdm_op_Read.ap_none.i1, i1 %a3" [Ex2/src/fulladder_4x.cpp:17]   --->   Operation 34 'read' 'a3_read' <Predicate = true> <Delay = 0.00>
ST_1 : Operation 35 [1/1] (0.00ns)   --->   "%a2_read = read i1 @_ssdm_op_Read.ap_none.i1, i1 %a2" [Ex2/src/fulladder_4x.cpp:17]   --->   Operation 35 'read' 'a2_read' <Predicate = true> <Delay = 0.00>
ST_1 : Operation 36 [1/1] (0.00ns)   --->   "%a1_read = read i1 @_ssdm_op_Read.ap_none.i1, i1 %a1" [Ex2/src/fulladder_4x.cpp:17]   --->   Operation 36 'read' 'a1_read' <Predicate = true> <Delay = 0.00>
ST_1 : Operation 37 [1/1] (0.00ns)   --->   "%a0_read = read i1 @_ssdm_op_Read.ap_none.i1, i1 %a0" [Ex2/src/fulladder_4x.cpp:17]   --->   Operation 37 'read' 'a0_read' <Predicate = true> <Delay = 0.00>
ST_1 : Operation 38 [1/1] (0.14ns)   --->   "%xor_ln12 = xor i1 %a0_read, i1 %b0_read" [Ex2/src/fulladder_4x.cpp:12->Ex2/src/fulladder_4x.cpp:40]   --->   Operation 38 'xor' 'xor_ln12' <Predicate = true> <Delay = 0.14> <CoreInst = "LogicGate">   --->   Core 74 'LogicGate' <Latency = 0> <II = 1> <Delay = 0.14> <FuncUnit> <Opcode : 'and' 'or' 'xor'> <InPorts = 2> <OutPorts = 1>
ST_1 : Operation 39 [1/1] (0.00ns)   --->   "%write_ln12 = write void @_ssdm_op_Write.ap_none.i1P0A, i1 %s0, i1 %xor_ln12" [Ex2/src/fulladder_4x.cpp:12->Ex2/src/fulladder_4x.cpp:40]   --->   Operation 39 'write' 'write_ln12' <Predicate = true> <Delay = 0.00>
ST_1 : Operation 40 [1/1] (0.14ns)   --->   "%c0 = and i1 %a0_read, i1 %b0_read" [Ex2/src/fulladder_4x.cpp:13->Ex2/src/fulladder_4x.cpp:40]   --->   Operation 40 'and' 'c0' <Predicate = true> <Delay = 0.14> <CoreInst = "LogicGate">   --->   Core 74 'LogicGate' <Latency = 0> <II = 1> <Delay = 0.14> <FuncUnit> <Opcode : 'and' 'or' 'xor'> <InPorts = 2> <OutPorts = 1>
ST_1 : Operation 41 [1/1] (0.00ns) (grouped into LUT with out node xor_ln12_2)   --->   "%xor_ln12_1 = xor i1 %c0, i1 %b1_read" [Ex2/src/fulladder_4x.cpp:12->Ex2/src/fulladder_4x.cpp:41]   --->   Operation 41 'xor' 'xor_ln12_1' <Predicate = true> <Delay = 0.00> <CoreInst = "LogicGate">   --->   Core 74 'LogicGate' <Latency = 0> <II = 1> <Delay = 0.14> <FuncUnit> <Opcode : 'and' 'or' 'xor'> <InPorts = 2> <OutPorts = 1>
ST_1 : Operation 42 [1/1] (0.14ns) (out node of the LUT)   --->   "%xor_ln12_2 = xor i1 %xor_ln12_1, i1 %a1_read" [Ex2/src/fulladder_4x.cpp:12->Ex2/src/fulladder_4x.cpp:41]   --->   Operation 42 'xor' 'xor_ln12_2' <Predicate = true> <Delay = 0.14> <CoreInst = "LogicGate">   --->   Core 74 'LogicGate' <Latency = 0> <II = 1> <Delay = 0.14> <FuncUnit> <Opcode : 'and' 'or' 'xor'> <InPorts = 2> <OutPorts = 1>
ST_1 : Operation 43 [1/1] (0.00ns)   --->   "%write_ln12 = write void @_ssdm_op_Write.ap_none.i1P0A, i1 %s1, i1 %xor_ln12_2" [Ex2/src/fulladder_4x.cpp:12->Ex2/src/fulladder_4x.cpp:41]   --->   Operation 43 'write' 'write_ln12' <Predicate = true> <Delay = 0.00>
ST_1 : Operation 44 [1/1] (0.00ns) (grouped into LUT with out node c1)   --->   "%and_ln13 = and i1 %a1_read, i1 %b1_read" [Ex2/src/fulladder_4x.cpp:13->Ex2/src/fulladder_4x.cpp:41]   --->   Operation 44 'and' 'and_ln13' <Predicate = true> <Delay = 0.00> <CoreInst = "LogicGate">   --->   Core 74 'LogicGate' <Latency = 0> <II = 1> <Delay = 0.14> <FuncUnit> <Opcode : 'and' 'or' 'xor'> <InPorts = 2> <OutPorts = 1>
ST_1 : Operation 45 [1/1] (0.00ns) (grouped into LUT with out node c1)   --->   "%or_ln13 = or i1 %a1_read, i1 %b1_read" [Ex2/src/fulladder_4x.cpp:13->Ex2/src/fulladder_4x.cpp:41]   --->   Operation 45 'or' 'or_ln13' <Predicate = true> <Delay = 0.00> <CoreInst = "LogicGate">   --->   Core 74 'LogicGate' <Latency = 0> <II = 1> <Delay = 0.14> <FuncUnit> <Opcode : 'and' 'or' 'xor'> <InPorts = 2> <OutPorts = 1>
ST_1 : Operation 46 [1/1] (0.00ns) (grouped into LUT with out node c1)   --->   "%and_ln13_1 = and i1 %c0, i1 %or_ln13" [Ex2/src/fulladder_4x.cpp:13->Ex2/src/fulladder_4x.cpp:41]   --->   Operation 46 'and' 'and_ln13_1' <Predicate = true> <Delay = 0.00> <CoreInst = "LogicGate">   --->   Core 74 'LogicGate' <Latency = 0> <II = 1> <Delay = 0.14> <FuncUnit> <Opcode : 'and' 'or' 'xor'> <InPorts = 2> <OutPorts = 1>
ST_1 : Operation 47 [1/1] (0.14ns) (out node of the LUT)   --->   "%c1 = or i1 %and_ln13, i1 %and_ln13_1" [Ex2/src/fulladder_4x.cpp:13->Ex2/src/fulladder_4x.cpp:41]   --->   Operation 47 'or' 'c1' <Predicate = true> <Delay = 0.14> <CoreInst = "LogicGate">   --->   Core 74 'LogicGate' <Latency = 0> <II = 1> <Delay = 0.14> <FuncUnit> <Opcode : 'and' 'or' 'xor'> <InPorts = 2> <OutPorts = 1>
ST_1 : Operation 48 [1/1] (0.00ns) (grouped into LUT with out node xor_ln12_4)   --->   "%xor_ln12_3 = xor i1 %c1, i1 %b2_read" [Ex2/src/fulladder_4x.cpp:12->Ex2/src/fulladder_4x.cpp:42]   --->   Operation 48 'xor' 'xor_ln12_3' <Predicate = true> <Delay = 0.00> <CoreInst = "LogicGate">   --->   Core 74 'LogicGate' <Latency = 0> <II = 1> <Delay = 0.14> <FuncUnit> <Opcode : 'and' 'or' 'xor'> <InPorts = 2> <OutPorts = 1>
ST_1 : Operation 49 [1/1] (0.14ns) (out node of the LUT)   --->   "%xor_ln12_4 = xor i1 %xor_ln12_3, i1 %a2_read" [Ex2/src/fulladder_4x.cpp:12->Ex2/src/fulladder_4x.cpp:42]   --->   Operation 49 'xor' 'xor_ln12_4' <Predicate = true> <Delay = 0.14> <CoreInst = "LogicGate">   --->   Core 74 'LogicGate' <Latency = 0> <II = 1> <Delay = 0.14> <FuncUnit> <Opcode : 'and' 'or' 'xor'> <InPorts = 2> <OutPorts = 1>
ST_1 : Operation 50 [1/1] (0.00ns)   --->   "%write_ln12 = write void @_ssdm_op_Write.ap_none.i1P0A, i1 %s2, i1 %xor_ln12_4" [Ex2/src/fulladder_4x.cpp:12->Ex2/src/fulladder_4x.cpp:42]   --->   Operation 50 'write' 'write_ln12' <Predicate = true> <Delay = 0.00>
ST_1 : Operation 51 [1/1] (0.00ns) (grouped into LUT with out node c2)   --->   "%and_ln13_2 = and i1 %a2_read, i1 %b2_read" [Ex2/src/fulladder_4x.cpp:13->Ex2/src/fulladder_4x.cpp:42]   --->   Operation 51 'and' 'and_ln13_2' <Predicate = true> <Delay = 0.00> <CoreInst = "LogicGate">   --->   Core 74 'LogicGate' <Latency = 0> <II = 1> <Delay = 0.14> <FuncUnit> <Opcode : 'and' 'or' 'xor'> <InPorts = 2> <OutPorts = 1>
ST_1 : Operation 52 [1/1] (0.00ns) (grouped into LUT with out node c2)   --->   "%or_ln13_1 = or i1 %a2_read, i1 %b2_read" [Ex2/src/fulladder_4x.cpp:13->Ex2/src/fulladder_4x.cpp:42]   --->   Operation 52 'or' 'or_ln13_1' <Predicate = true> <Delay = 0.00> <CoreInst = "LogicGate">   --->   Core 74 'LogicGate' <Latency = 0> <II = 1> <Delay = 0.14> <FuncUnit> <Opcode : 'and' 'or' 'xor'> <InPorts = 2> <OutPorts = 1>
ST_1 : Operation 53 [1/1] (0.00ns) (grouped into LUT with out node c2)   --->   "%and_ln13_3 = and i1 %c1, i1 %or_ln13_1" [Ex2/src/fulladder_4x.cpp:13->Ex2/src/fulladder_4x.cpp:42]   --->   Operation 53 'and' 'and_ln13_3' <Predicate = true> <Delay = 0.00> <CoreInst = "LogicGate">   --->   Core 74 'LogicGate' <Latency = 0> <II = 1> <Delay = 0.14> <FuncUnit> <Opcode : 'and' 'or' 'xor'> <InPorts = 2> <OutPorts = 1>
ST_1 : Operation 54 [1/1] (0.14ns) (out node of the LUT)   --->   "%c2 = or i1 %and_ln13_2, i1 %and_ln13_3" [Ex2/src/fulladder_4x.cpp:13->Ex2/src/fulladder_4x.cpp:42]   --->   Operation 54 'or' 'c2' <Predicate = true> <Delay = 0.14> <CoreInst = "LogicGate">   --->   Core 74 'LogicGate' <Latency = 0> <II = 1> <Delay = 0.14> <FuncUnit> <Opcode : 'and' 'or' 'xor'> <InPorts = 2> <OutPorts = 1>
ST_1 : Operation 55 [1/1] (0.00ns) (grouped into LUT with out node xor_ln12_6)   --->   "%xor_ln12_5 = xor i1 %c2, i1 %b3_read" [Ex2/src/fulladder_4x.cpp:12->Ex2/src/fulladder_4x.cpp:43]   --->   Operation 55 'xor' 'xor_ln12_5' <Predicate = true> <Delay = 0.00> <CoreInst = "LogicGate">   --->   Core 74 'LogicGate' <Latency = 0> <II = 1> <Delay = 0.14> <FuncUnit> <Opcode : 'and' 'or' 'xor'> <InPorts = 2> <OutPorts = 1>
ST_1 : Operation 56 [1/1] (0.14ns) (out node of the LUT)   --->   "%xor_ln12_6 = xor i1 %xor_ln12_5, i1 %a3_read" [Ex2/src/fulladder_4x.cpp:12->Ex2/src/fulladder_4x.cpp:43]   --->   Operation 56 'xor' 'xor_ln12_6' <Predicate = true> <Delay = 0.14> <CoreInst = "LogicGate">   --->   Core 74 'LogicGate' <Latency = 0> <II = 1> <Delay = 0.14> <FuncUnit> <Opcode : 'and' 'or' 'xor'> <InPorts = 2> <OutPorts = 1>
ST_1 : Operation 57 [1/1] (0.00ns)   --->   "%write_ln12 = write void @_ssdm_op_Write.ap_none.i1P0A, i1 %s3, i1 %xor_ln12_6" [Ex2/src/fulladder_4x.cpp:12->Ex2/src/fulladder_4x.cpp:43]   --->   Operation 57 'write' 'write_ln12' <Predicate = true> <Delay = 0.00>
ST_1 : Operation 58 [1/1] (0.00ns) (grouped into LUT with out node c3)   --->   "%and_ln13_4 = and i1 %a3_read, i1 %b3_read" [Ex2/src/fulladder_4x.cpp:13->Ex2/src/fulladder_4x.cpp:43]   --->   Operation 58 'and' 'and_ln13_4' <Predicate = true> <Delay = 0.00> <CoreInst = "LogicGate">   --->   Core 74 'LogicGate' <Latency = 0> <II = 1> <Delay = 0.14> <FuncUnit> <Opcode : 'and' 'or' 'xor'> <InPorts = 2> <OutPorts = 1>
ST_1 : Operation 59 [1/1] (0.00ns) (grouped into LUT with out node c3)   --->   "%or_ln13_2 = or i1 %a3_read, i1 %b3_read" [Ex2/src/fulladder_4x.cpp:13->Ex2/src/fulladder_4x.cpp:43]   --->   Operation 59 'or' 'or_ln13_2' <Predicate = true> <Delay = 0.00> <CoreInst = "LogicGate">   --->   Core 74 'LogicGate' <Latency = 0> <II = 1> <Delay = 0.14> <FuncUnit> <Opcode : 'and' 'or' 'xor'> <InPorts = 2> <OutPorts = 1>
ST_1 : Operation 60 [1/1] (0.00ns) (grouped into LUT with out node c3)   --->   "%and_ln13_5 = and i1 %c2, i1 %or_ln13_2" [Ex2/src/fulladder_4x.cpp:13->Ex2/src/fulladder_4x.cpp:43]   --->   Operation 60 'and' 'and_ln13_5' <Predicate = true> <Delay = 0.00> <CoreInst = "LogicGate">   --->   Core 74 'LogicGate' <Latency = 0> <II = 1> <Delay = 0.14> <FuncUnit> <Opcode : 'and' 'or' 'xor'> <InPorts = 2> <OutPorts = 1>
ST_1 : Operation 61 [1/1] (0.14ns) (out node of the LUT)   --->   "%c3 = or i1 %and_ln13_4, i1 %and_ln13_5" [Ex2/src/fulladder_4x.cpp:13->Ex2/src/fulladder_4x.cpp:43]   --->   Operation 61 'or' 'c3' <Predicate = true> <Delay = 0.14> <CoreInst = "LogicGate">   --->   Core 74 'LogicGate' <Latency = 0> <II = 1> <Delay = 0.14> <FuncUnit> <Opcode : 'and' 'or' 'xor'> <InPorts = 2> <OutPorts = 1>
ST_1 : Operation 62 [1/1] (0.00ns)   --->   "%write_ln45 = write void @_ssdm_op_Write.ap_none.i1P0A, i1 %cout, i1 %c3" [Ex2/src/fulladder_4x.cpp:45]   --->   Operation 62 'write' 'write_ln45' <Predicate = true> <Delay = 0.00>
ST_1 : Operation 63 [1/1] (0.00ns)   --->   "%ret_ln46 = ret" [Ex2/src/fulladder_4x.cpp:46]   --->   Operation 63 'ret' 'ret_ln46' <Predicate = true> <Delay = 0.00>


============================================================
+ Verbose Summary: Timing violations
============================================================
Target clock period: 10.000ns, clock uncertainty: 2.700ns.

 <State 1>: 0.592ns
The critical path consists of the following:
	wire read operation ('b0', Ex2/src/fulladder_4x.cpp:17) on port 'b0' (Ex2/src/fulladder_4x.cpp:17) [45]  (0.000 ns)
	'and' operation 1 bit ('c0', Ex2/src/fulladder_4x.cpp:13->Ex2/src/fulladder_4x.cpp:40) [52]  (0.148 ns)
	'and' operation 1 bit ('and_ln13_1', Ex2/src/fulladder_4x.cpp:13->Ex2/src/fulladder_4x.cpp:41) [58]  (0.000 ns)
	'or' operation 1 bit ('c1', Ex2/src/fulladder_4x.cpp:13->Ex2/src/fulladder_4x.cpp:41) [59]  (0.148 ns)
	'and' operation 1 bit ('and_ln13_3', Ex2/src/fulladder_4x.cpp:13->Ex2/src/fulladder_4x.cpp:42) [65]  (0.000 ns)
	'or' operation 1 bit ('c2', Ex2/src/fulladder_4x.cpp:13->Ex2/src/fulladder_4x.cpp:42) [66]  (0.148 ns)
	'xor' operation 1 bit ('xor_ln12_5', Ex2/src/fulladder_4x.cpp:12->Ex2/src/fulladder_4x.cpp:43) [67]  (0.000 ns)
	'xor' operation 1 bit ('xor_ln12_6', Ex2/src/fulladder_4x.cpp:12->Ex2/src/fulladder_4x.cpp:43) [68]  (0.148 ns)


============================================================
+ Verbose Summary: Binding
============================================================
N/A
* FSMD analyzer results:
  - Output states:
 - Input state : 
  - Chain level:
	State 1


============================================================
+ Verbose Summary: Datapath Resource usage 
============================================================
N/A
