INFO: [HLS 200-10] Running 'C:/Xilinx/Vitis_HLS/2023.2/bin/unwrapped/win64.o/vitis_hls.exe'
INFO: [HLS 200-10] For user 'User1' on host 'desktop-a2lg1n2' (Windows NT_amd64 version 6.2) on Thu Jun 27 21:55:49 +0330 2024
INFO: [HLS 200-10] In directory 'C:/OneDrive/Desktop/HLS-Tutorial/Exercise'
INFO: [HLS 200-2053] The vitis_hls executable is being deprecated. Consider using vitis-run --mode hls --tcl
Sourcing Tcl script 'C:/OneDrive/Desktop/HLS-Tutorial/Exercise/0-LED_on/solution1/export.tcl'
INFO: [HLS 200-1510] Running: source C:/OneDrive/Desktop/HLS-Tutorial/Exercise/0-LED_on/solution1/export.tcl
INFO: [HLS 200-1510] Running: open_project 0-LED_on 
INFO: [HLS 200-10] Opening project 'C:/OneDrive/Desktop/HLS-Tutorial/Exercise/0-LED_on'.
INFO: [HLS 200-1510] Running: set_top led_on 
INFO: [HLS 200-1510] Running: add_files 0-LED_on/led_out.cpp 
INFO: [HLS 200-10] Adding design file '0-LED_on/led_out.cpp' to the project
INFO: [HLS 200-1510] Running: open_solution solution1 -flow_target vivado 
INFO: [HLS 200-10] Opening solution 'C:/OneDrive/Desktop/HLS-Tutorial/Exercise/0-LED_on/solution1'.
INFO: [SYN 201-201] Setting up clock 'default' with a period of 10ns.
INFO: [HLS 200-1611] Setting target device to 'xc7z010-clg400-1'
INFO: [HLS 200-1505] Using flow_target 'vivado'
Resolution: For help on HLS 200-1505 see docs.xilinx.com/access/sources/dita/topic?Doc_Version=2023.2%20English&url=ug1448-hls-guidance&resourceid=200-1505.html
INFO: [HLS 200-1464] Running solution command: config_export -format=sysgen
INFO: [HLS 200-1464] Running solution command: config_export -output=C:/OneDrive/Desktop/HLS-Tutorial/Exercise/0-LED_on
INFO: [HLS 200-1464] Running solution command: config_export -rtl=verilog
INFO: [HLS 200-1510] Running: set_part xc7z010-clg400-1 
INFO: [HLS 200-1510] Running: create_clock -period 10 -name default 
INFO: [HLS 200-1510] Running: config_export -format sysgen -output C:/OneDrive/Desktop/HLS-Tutorial/Exercise/0-LED_on -rtl verilog 
INFO: [HLS 200-1510] Running: source ./0-LED_on/solution1/directives.tcl
INFO: [HLS 200-1510] Running: set_directive_top -name led_on led_on 
INFO: [HLS 200-1510] Running: export_design -rtl verilog -format sysgen -output C:/OneDrive/Desktop/HLS-Tutorial/Exercise/0-LED_on 
INFO: [IMPL 213-8] Exporting RTL as a Vivado IP.

****** Vivado v2023.2 (64-bit)
  **** SW Build 4029153 on Fri Oct 13 20:14:34 MDT 2023
  **** IP Build 4028589 on Sat Oct 14 00:45:43 MDT 2023
  **** SharedData Build 4025554 on Tue Oct 10 17:18:54 MDT 2023
    ** Copyright 1986-2022 Xilinx, Inc. All Rights Reserved.
    ** Copyright 2022-2023 Advanced Micro Devices, Inc. All Rights Reserved.

source run_ippack.tcl -notrace
ipx::create_core: Time (s): cpu = 00:00:03 ; elapsed = 00:00:08 . Memory (MB): peak = 573.219 ; gain = 175.914
INFO: [IP_Flow 19-234] Refreshing IP repositories
INFO: [IP_Flow 19-1704] No user IP repositories specified
INFO: [IP_Flow 19-2313] Loaded Vivado IP repository 'C:/Xilinx/Vivado/2023.2/data/ip'.
INFO: [Common 17-206] Exiting Vivado at Thu Jun 27 21:56:09 2024...
INFO: [HLS 200-802] Generated output file 0-LED_on/export.zip
INFO: [HLS 200-111] Finished Command export_design CPU user time: 0 seconds. CPU system time: 1 seconds. Elapsed time: 18.177 seconds; current allocated memory: 6.172 MB.
INFO: [HLS 200-112] Total CPU user time: 2 seconds. Total CPU system time: 1 seconds. Total elapsed time: 22.017 seconds; peak allocated memory: 216.457 MB.
