==============================================================
Vitis HLS - High-Level Synthesis from C, C++ and OpenCL v2023.2 (64-bit)
Tool Version Limit: 2023.10
Copyright 1986-2022 Xilinx, Inc. All Rights Reserved.
Copyright 2022-2023 Advanced Micro Devices, Inc. All Rights Reserved.

==============================================================
INFO: [SYN 201-201] Setting up clock 'default' with a period of 10ns.
INFO: [HLS 200-1611] Setting target device to 'xcvu11p-flga2577-1-e'
INFO: [HLS 200-1505] Using flow_target 'vivado'
INFO: [HLS 200-1510] Running: set_part xcvu11p-flga2577-1-e 
INFO: [HLS 200-1510] Running: create_clock -period 10 -name default 
INFO: [SYN 201-201] Setting up clock 'default' with a period of 10ns.
INFO: [HLS 200-1510] Running: csynth_design 
INFO: [HLS 200-111] Finished File checks and directory preparation: CPU user time: 0 seconds. CPU system time: 0 seconds. Elapsed time: 0.12 seconds; current allocated memory: 210.648 MB.
INFO: [HLS 200-10] Analyzing design file 'Ex3/src/comparator.cpp' ... 
WARNING: [HLS 207-4947] '&&' within '||' (Ex3/src/comparator.cpp:29:47)
INFO: [HLS 207-4428] place parentheses around the '&&' expression to silence this warning (Ex3/src/comparator.cpp:29:47)
WARNING: [HLS 200-1986] Could not apply TOP directive, invalid function, label, or variable (C:/OneDrive/Desktop/HLS-Tutorial/Take-Home-Ex/6-Combinational_Circuit/Ex3/solution1/csynth.tcl:14)
INFO: [HLS 200-111] Finished Source Code Analysis and Preprocessing: CPU user time: 0 seconds. CPU system time: 0 seconds. Elapsed time: 1.239 seconds; current allocated memory: 212.125 MB.
ERROR: [HLS 214-157] Top function not found: there is no function named 'comprator'
INFO: [HLS 200-111] Finished Command csynth_design CPU user time: 0 seconds. CPU system time: 0 seconds. Elapsed time: 3.997 seconds; current allocated memory: 2.359 MB.
==============================================================
Vitis HLS - High-Level Synthesis from C, C++ and OpenCL v2023.2 (64-bit)
Tool Version Limit: 2023.10
Copyright 1986-2022 Xilinx, Inc. All Rights Reserved.
Copyright 2022-2023 Advanced Micro Devices, Inc. All Rights Reserved.

==============================================================
INFO: [SYN 201-201] Setting up clock 'default' with a period of 10ns.
INFO: [HLS 200-1611] Setting target device to 'xcvu11p-flga2577-1-e'
INFO: [HLS 200-1505] Using flow_target 'vivado'
INFO: [HLS 200-1510] Running: set_part xcvu11p-flga2577-1-e 
INFO: [HLS 200-1510] Running: create_clock -period 10 -name default 
INFO: [HLS 200-1510] Running: csynth_design 
INFO: [HLS 200-111] Finished File checks and directory preparation: CPU user time: 0 seconds. CPU system time: 0 seconds. Elapsed time: 0.119 seconds; current allocated memory: 210.297 MB.
INFO: [HLS 200-10] Analyzing design file 'Ex3/src/comparator.cpp' ... 
WARNING: [HLS 207-4947] '&&' within '||' (Ex3/src/comparator.cpp:29:47)
INFO: [HLS 207-4428] place parentheses around the '&&' expression to silence this warning (Ex3/src/comparator.cpp:29:47)
INFO: [HLS 200-111] Finished Source Code Analysis and Preprocessing: CPU user time: 0 seconds. CPU system time: 0 seconds. Elapsed time: 1.202 seconds; current allocated memory: 211.402 MB.
INFO: [HLS 200-777] Using interface defaults for 'Vivado' flow target.
INFO: [HLS 200-1995] There were 52 instructions in the design after the 'Compile/Link' phase of compilation. See the Design Size Report for more details: C:/OneDrive/Desktop/HLS-Tutorial/Take-Home-Ex/6-Combinational_Circuit/Ex3/solution1/syn/report/csynth_design_size.rpt
INFO: [HLS 200-1995] There were 36 instructions in the design after the 'Unroll/Inline (step 1)' phase of compilation. See the Design Size Report for more details: C:/OneDrive/Desktop/HLS-Tutorial/Take-Home-Ex/6-Combinational_Circuit/Ex3/solution1/syn/report/csynth_design_size.rpt
INFO: [HLS 200-1995] There were 36 instructions in the design after the 'Unroll/Inline (step 2)' phase of compilation. See the Design Size Report for more details: C:/OneDrive/Desktop/HLS-Tutorial/Take-Home-Ex/6-Combinational_Circuit/Ex3/solution1/syn/report/csynth_design_size.rpt
INFO: [HLS 200-1995] There were 36 instructions in the design after the 'Unroll/Inline (step 3)' phase of compilation. See the Design Size Report for more details: C:/OneDrive/Desktop/HLS-Tutorial/Take-Home-Ex/6-Combinational_Circuit/Ex3/solution1/syn/report/csynth_design_size.rpt
INFO: [HLS 200-1995] There were 36 instructions in the design after the 'Unroll/Inline (step 4)' phase of compilation. See the Design Size Report for more details: C:/OneDrive/Desktop/HLS-Tutorial/Take-Home-Ex/6-Combinational_Circuit/Ex3/solution1/syn/report/csynth_design_size.rpt
INFO: [HLS 200-1995] There were 36 instructions in the design after the 'Array/Struct (step 1)' phase of compilation. See the Design Size Report for more details: C:/OneDrive/Desktop/HLS-Tutorial/Take-Home-Ex/6-Combinational_Circuit/Ex3/solution1/syn/report/csynth_design_size.rpt
INFO: [HLS 200-1995] There were 36 instructions in the design after the 'Array/Struct (step 2)' phase of compilation. See the Design Size Report for more details: C:/OneDrive/Desktop/HLS-Tutorial/Take-Home-Ex/6-Combinational_Circuit/Ex3/solution1/syn/report/csynth_design_size.rpt
INFO: [HLS 200-1995] There were 36 instructions in the design after the 'Array/Struct (step 3)' phase of compilation. See the Design Size Report for more details: C:/OneDrive/Desktop/HLS-Tutorial/Take-Home-Ex/6-Combinational_Circuit/Ex3/solution1/syn/report/csynth_design_size.rpt
INFO: [HLS 200-1995] There were 36 instructions in the design after the 'Array/Struct (step 4)' phase of compilation. See the Design Size Report for more details: C:/OneDrive/Desktop/HLS-Tutorial/Take-Home-Ex/6-Combinational_Circuit/Ex3/solution1/syn/report/csynth_design_size.rpt
INFO: [HLS 200-1995] There were 36 instructions in the design after the 'Array/Struct (step 5)' phase of compilation. See the Design Size Report for more details: C:/OneDrive/Desktop/HLS-Tutorial/Take-Home-Ex/6-Combinational_Circuit/Ex3/solution1/syn/report/csynth_design_size.rpt
INFO: [HLS 200-1995] There were 36 instructions in the design after the 'Performance (step 1)' phase of compilation. See the Design Size Report for more details: C:/OneDrive/Desktop/HLS-Tutorial/Take-Home-Ex/6-Combinational_Circuit/Ex3/solution1/syn/report/csynth_design_size.rpt
INFO: [HLS 200-1995] There were 36 instructions in the design after the 'Performance (step 2)' phase of compilation. See the Design Size Report for more details: C:/OneDrive/Desktop/HLS-Tutorial/Take-Home-Ex/6-Combinational_Circuit/Ex3/solution1/syn/report/csynth_design_size.rpt
INFO: [HLS 200-1995] There were 36 instructions in the design after the 'Performance (step 3)' phase of compilation. See the Design Size Report for more details: C:/OneDrive/Desktop/HLS-Tutorial/Take-Home-Ex/6-Combinational_Circuit/Ex3/solution1/syn/report/csynth_design_size.rpt
INFO: [HLS 200-1995] There were 36 instructions in the design after the 'Performance (step 4)' phase of compilation. See the Design Size Report for more details: C:/OneDrive/Desktop/HLS-Tutorial/Take-Home-Ex/6-Combinational_Circuit/Ex3/solution1/syn/report/csynth_design_size.rpt
INFO: [HLS 200-1995] There were 47 instructions in the design after the 'HW Transforms (step 1)' phase of compilation. See the Design Size Report for more details: C:/OneDrive/Desktop/HLS-Tutorial/Take-Home-Ex/6-Combinational_Circuit/Ex3/solution1/syn/report/csynth_design_size.rpt
INFO: [HLS 200-1995] There were 48 instructions in the design after the 'HW Transforms (step 2)' phase of compilation. See the Design Size Report for more details: C:/OneDrive/Desktop/HLS-Tutorial/Take-Home-Ex/6-Combinational_Circuit/Ex3/solution1/syn/report/csynth_design_size.rpt
INFO: [HLS 200-111] Finished Compiling Optimization and Transform: CPU user time: 0 seconds. CPU system time: 0 seconds. Elapsed time: 8.049 seconds; current allocated memory: 213.246 MB.
INFO: [HLS 200-111] Finished Checking Pragmas: CPU user time: 0 seconds. CPU system time: 0 seconds. Elapsed time: 0.002 seconds; current allocated memory: 213.246 MB.
INFO: [HLS 200-10] Starting code transformations ...
INFO: [HLS 200-111] Finished Standard Transforms: CPU user time: 0 seconds. CPU system time: 0 seconds. Elapsed time: 0.028 seconds; current allocated memory: 217.820 MB.
INFO: [HLS 200-10] Checking synthesizability ...
INFO: [HLS 200-111] Finished Checking Synthesizability: CPU user time: 0 seconds. CPU system time: 0 seconds. Elapsed time: 0.028 seconds; current allocated memory: 218.836 MB.
INFO: [XFORM 203-11] Balancing expressions in function 'comprator' (Ex3/src/comparator.cpp:1)...6 expression(s) balanced.
INFO: [HLS 200-111] Finished Loop, function and other optimizations: CPU user time: 0 seconds. CPU system time: 0 seconds. Elapsed time: 0.063 seconds; current allocated memory: 239.281 MB.
INFO: [HLS 200-111] Finished Architecture Synthesis: CPU user time: 0 seconds. CPU system time: 0 seconds. Elapsed time: 0.04 seconds; current allocated memory: 239.285 MB.
INFO: [HLS 200-10] Starting hardware synthesis ...
INFO: [HLS 200-10] Synthesizing 'comprator' ...
INFO: [HLS 200-10] ----------------------------------------------------------------
INFO: [HLS 200-42] -- Implementing module 'comprator' 
INFO: [HLS 200-10] ----------------------------------------------------------------
INFO: [SCHED 204-11] Starting scheduling ...
INFO: [SCHED 204-11] Finished scheduling.
INFO: [HLS 200-111] Finished Scheduling: CPU user time: 1 seconds. CPU system time: 0 seconds. Elapsed time: 0.169 seconds; current allocated memory: 239.285 MB.
INFO: [BIND 205-100] Starting micro-architecture generation ...
INFO: [BIND 205-101] Performing variable lifetime analysis.
INFO: [BIND 205-101] Exploring resource sharing.
INFO: [BIND 205-101] Binding ...
INFO: [BIND 205-100] Finished micro-architecture generation.
INFO: [HLS 200-111] Finished Binding: CPU user time: 0 seconds. CPU system time: 0 seconds. Elapsed time: 0.069 seconds; current allocated memory: 239.285 MB.
INFO: [HLS 200-10] ----------------------------------------------------------------
INFO: [HLS 200-10] -- Generating RTL for module 'comprator' 
INFO: [HLS 200-10] ----------------------------------------------------------------
INFO: [RTGEN 206-500] Setting interface mode on port 'comprator/a0' to 'ap_none'.
INFO: [RTGEN 206-500] Setting interface mode on port 'comprator/a1' to 'ap_none'.
INFO: [RTGEN 206-500] Setting interface mode on port 'comprator/a2' to 'ap_none'.
INFO: [RTGEN 206-500] Setting interface mode on port 'comprator/a3' to 'ap_none'.
INFO: [RTGEN 206-500] Setting interface mode on port 'comprator/b0' to 'ap_none'.
INFO: [RTGEN 206-500] Setting interface mode on port 'comprator/b1' to 'ap_none'.
INFO: [RTGEN 206-500] Setting interface mode on port 'comprator/b2' to 'ap_none'.
INFO: [RTGEN 206-500] Setting interface mode on port 'comprator/b3' to 'ap_none'.
INFO: [RTGEN 206-500] Setting interface mode on port 'comprator/M' to 'ap_none'.
WARNING: [RTGEN 206-101] Port 'M' with mode 'ap_none' may require an associated data valid signal to correctly communicate with other blocks or a test bench; automatic C/RTL co-simulation may not be able to verify such a port.
INFO: [RTGEN 206-500] Setting interface mode on port 'comprator/N' to 'ap_none'.
WARNING: [RTGEN 206-101] Port 'N' with mode 'ap_none' may require an associated data valid signal to correctly communicate with other blocks or a test bench; automatic C/RTL co-simulation may not be able to verify such a port.
INFO: [RTGEN 206-500] Setting interface mode on port 'comprator/P' to 'ap_none'.
WARNING: [RTGEN 206-101] Port 'P' with mode 'ap_none' may require an associated data valid signal to correctly communicate with other blocks or a test bench; automatic C/RTL co-simulation may not be able to verify such a port.
INFO: [RTGEN 206-500] Setting interface mode on function 'comprator' to 'ap_ctrl_none'.
INFO: [RTGEN 206-100] Finished creating RTL model for 'comprator'.
INFO: [HLS 200-111] Finished Creating RTL model: CPU user time: 0 seconds. CPU system time: 0 seconds. Elapsed time: 0.251 seconds; current allocated memory: 239.469 MB.
INFO: [HLS 200-111] Finished Generating all RTL models: CPU user time: 0 seconds. CPU system time: 0 seconds. Elapsed time: 0.41 seconds; current allocated memory: 244.020 MB.
INFO: [HLS 200-111] Finished Updating report files: CPU user time: 0 seconds. CPU system time: 0 seconds. Elapsed time: 0.702 seconds; current allocated memory: 248.508 MB.
INFO: [VHDL 208-304] Generating VHDL RTL for comprator.
INFO: [VLOG 209-307] Generating Verilog RTL for comprator.
INFO: [HLS 200-789] **** Estimated Fmax: 3378.38 MHz
INFO: [HLS 200-111] Finished Command csynth_design CPU user time: 1 seconds. CPU system time: 0 seconds. Elapsed time: 11.211 seconds; current allocated memory: 38.660 MB.
==============================================================
Vitis HLS - High-Level Synthesis from C, C++ and OpenCL v2023.2 (64-bit)
Tool Version Limit: 2023.10
Copyright 1986-2022 Xilinx, Inc. All Rights Reserved.
Copyright 2022-2023 Advanced Micro Devices, Inc. All Rights Reserved.

==============================================================
INFO: [SYN 201-201] Setting up clock 'default' with a period of 10ns.
INFO: [HLS 200-1611] Setting target device to 'xcvu11p-flga2577-1-e'
INFO: [HLS 200-1505] Using flow_target 'vivado'
INFO: [HLS 200-1510] Running: set_part xcvu11p-flga2577-1-e 
INFO: [HLS 200-1510] Running: create_clock -period 10 -name default 
INFO: [HLS 200-1510] Running: csynth_design 
INFO: [HLS 200-111] Finished File checks and directory preparation: CPU user time: 0 seconds. CPU system time: 1 seconds. Elapsed time: 0.113 seconds; current allocated memory: 211.254 MB.
INFO: [HLS 200-10] Analyzing design file 'Ex3/src/comparator.cpp' ... 
INFO: [HLS 200-111] Finished Source Code Analysis and Preprocessing: CPU user time: 1 seconds. CPU system time: 0 seconds. Elapsed time: 1.365 seconds; current allocated memory: 212.418 MB.
INFO: [HLS 200-777] Using interface defaults for 'Vivado' flow target.
INFO: [HLS 200-1995] There were 58 instructions in the design after the 'Compile/Link' phase of compilation. See the Design Size Report for more details: C:/OneDrive/Desktop/HLS-Tutorial/Take-Home-Ex/6-Combinational_Circuit/Ex3/solution1/syn/report/csynth_design_size.rpt
INFO: [HLS 200-1995] There were 42 instructions in the design after the 'Unroll/Inline (step 1)' phase of compilation. See the Design Size Report for more details: C:/OneDrive/Desktop/HLS-Tutorial/Take-Home-Ex/6-Combinational_Circuit/Ex3/solution1/syn/report/csynth_design_size.rpt
INFO: [HLS 200-1995] There were 42 instructions in the design after the 'Unroll/Inline (step 2)' phase of compilation. See the Design Size Report for more details: C:/OneDrive/Desktop/HLS-Tutorial/Take-Home-Ex/6-Combinational_Circuit/Ex3/solution1/syn/report/csynth_design_size.rpt
INFO: [HLS 200-1995] There were 42 instructions in the design after the 'Unroll/Inline (step 3)' phase of compilation. See the Design Size Report for more details: C:/OneDrive/Desktop/HLS-Tutorial/Take-Home-Ex/6-Combinational_Circuit/Ex3/solution1/syn/report/csynth_design_size.rpt
INFO: [HLS 200-1995] There were 41 instructions in the design after the 'Unroll/Inline (step 4)' phase of compilation. See the Design Size Report for more details: C:/OneDrive/Desktop/HLS-Tutorial/Take-Home-Ex/6-Combinational_Circuit/Ex3/solution1/syn/report/csynth_design_size.rpt
INFO: [HLS 200-1995] There were 41 instructions in the design after the 'Array/Struct (step 1)' phase of compilation. See the Design Size Report for more details: C:/OneDrive/Desktop/HLS-Tutorial/Take-Home-Ex/6-Combinational_Circuit/Ex3/solution1/syn/report/csynth_design_size.rpt
INFO: [HLS 200-1995] There were 41 instructions in the design after the 'Array/Struct (step 2)' phase of compilation. See the Design Size Report for more details: C:/OneDrive/Desktop/HLS-Tutorial/Take-Home-Ex/6-Combinational_Circuit/Ex3/solution1/syn/report/csynth_design_size.rpt
INFO: [HLS 200-1995] There were 41 instructions in the design after the 'Array/Struct (step 3)' phase of compilation. See the Design Size Report for more details: C:/OneDrive/Desktop/HLS-Tutorial/Take-Home-Ex/6-Combinational_Circuit/Ex3/solution1/syn/report/csynth_design_size.rpt
INFO: [HLS 200-1995] There were 41 instructions in the design after the 'Array/Struct (step 4)' phase of compilation. See the Design Size Report for more details: C:/OneDrive/Desktop/HLS-Tutorial/Take-Home-Ex/6-Combinational_Circuit/Ex3/solution1/syn/report/csynth_design_size.rpt
INFO: [HLS 200-1995] There were 41 instructions in the design after the 'Array/Struct (step 5)' phase of compilation. See the Design Size Report for more details: C:/OneDrive/Desktop/HLS-Tutorial/Take-Home-Ex/6-Combinational_Circuit/Ex3/solution1/syn/report/csynth_design_size.rpt
INFO: [HLS 200-1995] There were 41 instructions in the design after the 'Performance (step 1)' phase of compilation. See the Design Size Report for more details: C:/OneDrive/Desktop/HLS-Tutorial/Take-Home-Ex/6-Combinational_Circuit/Ex3/solution1/syn/report/csynth_design_size.rpt
INFO: [HLS 200-1995] There were 41 instructions in the design after the 'Performance (step 2)' phase of compilation. See the Design Size Report for more details: C:/OneDrive/Desktop/HLS-Tutorial/Take-Home-Ex/6-Combinational_Circuit/Ex3/solution1/syn/report/csynth_design_size.rpt
INFO: [HLS 200-1995] There were 41 instructions in the design after the 'Performance (step 3)' phase of compilation. See the Design Size Report for more details: C:/OneDrive/Desktop/HLS-Tutorial/Take-Home-Ex/6-Combinational_Circuit/Ex3/solution1/syn/report/csynth_design_size.rpt
INFO: [HLS 200-1995] There were 41 instructions in the design after the 'Performance (step 4)' phase of compilation. See the Design Size Report for more details: C:/OneDrive/Desktop/HLS-Tutorial/Take-Home-Ex/6-Combinational_Circuit/Ex3/solution1/syn/report/csynth_design_size.rpt
INFO: [HLS 200-1995] There were 52 instructions in the design after the 'HW Transforms (step 1)' phase of compilation. See the Design Size Report for more details: C:/OneDrive/Desktop/HLS-Tutorial/Take-Home-Ex/6-Combinational_Circuit/Ex3/solution1/syn/report/csynth_design_size.rpt
INFO: [HLS 200-1995] There were 53 instructions in the design after the 'HW Transforms (step 2)' phase of compilation. See the Design Size Report for more details: C:/OneDrive/Desktop/HLS-Tutorial/Take-Home-Ex/6-Combinational_Circuit/Ex3/solution1/syn/report/csynth_design_size.rpt
INFO: [HLS 200-111] Finished Compiling Optimization and Transform: CPU user time: 0 seconds. CPU system time: 0 seconds. Elapsed time: 8.079 seconds; current allocated memory: 214.160 MB.
INFO: [HLS 200-111] Finished Checking Pragmas: CPU user time: 0 seconds. CPU system time: 0 seconds. Elapsed time: 0.002 seconds; current allocated memory: 214.160 MB.
INFO: [HLS 200-10] Starting code transformations ...
INFO: [HLS 200-111] Finished Standard Transforms: CPU user time: 0 seconds. CPU system time: 0 seconds. Elapsed time: 0.027 seconds; current allocated memory: 218.270 MB.
INFO: [HLS 200-10] Checking synthesizability ...
INFO: [HLS 200-111] Finished Checking Synthesizability: CPU user time: 0 seconds. CPU system time: 0 seconds. Elapsed time: 0.027 seconds; current allocated memory: 219.355 MB.
INFO: [XFORM 203-11] Balancing expressions in function 'comprator' (Ex3/src/comparator.cpp:1)...6 expression(s) balanced.
INFO: [HLS 200-111] Finished Loop, function and other optimizations: CPU user time: 0 seconds. CPU system time: 0 seconds. Elapsed time: 0.056 seconds; current allocated memory: 239.789 MB.
INFO: [HLS 200-111] Finished Architecture Synthesis: CPU user time: 0 seconds. CPU system time: 0 seconds. Elapsed time: 0.035 seconds; current allocated memory: 239.793 MB.
INFO: [HLS 200-10] Starting hardware synthesis ...
INFO: [HLS 200-10] Synthesizing 'comprator' ...
INFO: [HLS 200-10] ----------------------------------------------------------------
INFO: [HLS 200-42] -- Implementing module 'comprator' 
INFO: [HLS 200-10] ----------------------------------------------------------------
INFO: [SCHED 204-11] Starting scheduling ...
INFO: [SCHED 204-11] Finished scheduling.
INFO: [HLS 200-111] Finished Scheduling: CPU user time: 0 seconds. CPU system time: 0 seconds. Elapsed time: 0.154 seconds; current allocated memory: 239.793 MB.
INFO: [BIND 205-100] Starting micro-architecture generation ...
INFO: [BIND 205-101] Performing variable lifetime analysis.
INFO: [BIND 205-101] Exploring resource sharing.
INFO: [BIND 205-101] Binding ...
INFO: [BIND 205-100] Finished micro-architecture generation.
INFO: [HLS 200-111] Finished Binding: CPU user time: 0 seconds. CPU system time: 0 seconds. Elapsed time: 0.066 seconds; current allocated memory: 239.793 MB.
INFO: [HLS 200-10] ----------------------------------------------------------------
INFO: [HLS 200-10] -- Generating RTL for module 'comprator' 
INFO: [HLS 200-10] ----------------------------------------------------------------
INFO: [RTGEN 206-500] Setting interface mode on port 'comprator/a0' to 'ap_none'.
INFO: [RTGEN 206-500] Setting interface mode on port 'comprator/a1' to 'ap_none'.
INFO: [RTGEN 206-500] Setting interface mode on port 'comprator/a2' to 'ap_none'.
INFO: [RTGEN 206-500] Setting interface mode on port 'comprator/a3' to 'ap_none'.
INFO: [RTGEN 206-500] Setting interface mode on port 'comprator/b0' to 'ap_none'.
INFO: [RTGEN 206-500] Setting interface mode on port 'comprator/b1' to 'ap_none'.
INFO: [RTGEN 206-500] Setting interface mode on port 'comprator/b2' to 'ap_none'.
INFO: [RTGEN 206-500] Setting interface mode on port 'comprator/b3' to 'ap_none'.
INFO: [RTGEN 206-500] Setting interface mode on port 'comprator/M' to 'ap_none'.
WARNING: [RTGEN 206-101] Port 'M' with mode 'ap_none' may require an associated data valid signal to correctly communicate with other blocks or a test bench; automatic C/RTL co-simulation may not be able to verify such a port.
INFO: [RTGEN 206-500] Setting interface mode on port 'comprator/N' to 'ap_none'.
WARNING: [RTGEN 206-101] Port 'N' with mode 'ap_none' may require an associated data valid signal to correctly communicate with other blocks or a test bench; automatic C/RTL co-simulation may not be able to verify such a port.
INFO: [RTGEN 206-500] Setting interface mode on port 'comprator/P' to 'ap_none'.
WARNING: [RTGEN 206-101] Port 'P' with mode 'ap_none' may require an associated data valid signal to correctly communicate with other blocks or a test bench; automatic C/RTL co-simulation may not be able to verify such a port.
INFO: [RTGEN 206-500] Setting interface mode on function 'comprator' to 'ap_ctrl_none'.
INFO: [RTGEN 206-100] Finished creating RTL model for 'comprator'.
INFO: [HLS 200-111] Finished Creating RTL model: CPU user time: 0 seconds. CPU system time: 0 seconds. Elapsed time: 0.234 seconds; current allocated memory: 240.359 MB.
INFO: [HLS 200-111] Finished Generating all RTL models: CPU user time: 0 seconds. CPU system time: 0 seconds. Elapsed time: 0.409 seconds; current allocated memory: 245.238 MB.
INFO: [HLS 200-111] Finished Updating report files: CPU user time: 0 seconds. CPU system time: 0 seconds. Elapsed time: 0.705 seconds; current allocated memory: 249.754 MB.
INFO: [VHDL 208-304] Generating VHDL RTL for comprator.
INFO: [VLOG 209-307] Generating Verilog RTL for comprator.
INFO: [HLS 200-789] **** Estimated Fmax: 1106.19 MHz
INFO: [HLS 200-111] Finished Command csynth_design CPU user time: 1 seconds. CPU system time: 1 seconds. Elapsed time: 11.35 seconds; current allocated memory: 38.773 MB.
==============================================================
Vitis HLS - High-Level Synthesis from C, C++ and OpenCL v2023.2 (64-bit)
Tool Version Limit: 2023.10
Copyright 1986-2022 Xilinx, Inc. All Rights Reserved.
Copyright 2022-2023 Advanced Micro Devices, Inc. All Rights Reserved.

==============================================================
INFO: [SYN 201-201] Setting up clock 'default' with a period of 10ns.
INFO: [HLS 200-1611] Setting target device to 'xcvu11p-flga2577-1-e'
INFO: [HLS 200-1505] Using flow_target 'vivado'
INFO: [HLS 200-1510] Running: set_part xcvu11p-flga2577-1-e 
INFO: [HLS 200-1510] Running: create_clock -period 10 -name default 
INFO: [HLS 200-1510] Running: csynth_design 
INFO: [HLS 200-111] Finished File checks and directory preparation: CPU user time: 0 seconds. CPU system time: 0 seconds. Elapsed time: 0.154 seconds; current allocated memory: 210.039 MB.
INFO: [HLS 200-10] Analyzing design file 'Ex3/src/comparator.cpp' ... 
INFO: [HLS 200-111] Finished Source Code Analysis and Preprocessing: CPU user time: 0 seconds. CPU system time: 0 seconds. Elapsed time: 1.164 seconds; current allocated memory: 211.812 MB.
INFO: [HLS 200-777] Using interface defaults for 'Vivado' flow target.
INFO: [HLS 200-1995] There were 58 instructions in the design after the 'Compile/Link' phase of compilation. See the Design Size Report for more details: C:/OneDrive/Desktop/HLS-Tutorial/Take-Home-Ex/6-Combinational_Circuit/Ex3/solution1/syn/report/csynth_design_size.rpt
INFO: [HLS 200-1995] There were 42 instructions in the design after the 'Unroll/Inline (step 1)' phase of compilation. See the Design Size Report for more details: C:/OneDrive/Desktop/HLS-Tutorial/Take-Home-Ex/6-Combinational_Circuit/Ex3/solution1/syn/report/csynth_design_size.rpt
INFO: [HLS 200-1995] There were 42 instructions in the design after the 'Unroll/Inline (step 2)' phase of compilation. See the Design Size Report for more details: C:/OneDrive/Desktop/HLS-Tutorial/Take-Home-Ex/6-Combinational_Circuit/Ex3/solution1/syn/report/csynth_design_size.rpt
INFO: [HLS 200-1995] There were 42 instructions in the design after the 'Unroll/Inline (step 3)' phase of compilation. See the Design Size Report for more details: C:/OneDrive/Desktop/HLS-Tutorial/Take-Home-Ex/6-Combinational_Circuit/Ex3/solution1/syn/report/csynth_design_size.rpt
INFO: [HLS 200-1995] There were 41 instructions in the design after the 'Unroll/Inline (step 4)' phase of compilation. See the Design Size Report for more details: C:/OneDrive/Desktop/HLS-Tutorial/Take-Home-Ex/6-Combinational_Circuit/Ex3/solution1/syn/report/csynth_design_size.rpt
INFO: [HLS 200-1995] There were 41 instructions in the design after the 'Array/Struct (step 1)' phase of compilation. See the Design Size Report for more details: C:/OneDrive/Desktop/HLS-Tutorial/Take-Home-Ex/6-Combinational_Circuit/Ex3/solution1/syn/report/csynth_design_size.rpt
INFO: [HLS 200-1995] There were 41 instructions in the design after the 'Array/Struct (step 2)' phase of compilation. See the Design Size Report for more details: C:/OneDrive/Desktop/HLS-Tutorial/Take-Home-Ex/6-Combinational_Circuit/Ex3/solution1/syn/report/csynth_design_size.rpt
INFO: [HLS 200-1995] There were 41 instructions in the design after the 'Array/Struct (step 3)' phase of compilation. See the Design Size Report for more details: C:/OneDrive/Desktop/HLS-Tutorial/Take-Home-Ex/6-Combinational_Circuit/Ex3/solution1/syn/report/csynth_design_size.rpt
INFO: [HLS 200-1995] There were 41 instructions in the design after the 'Array/Struct (step 4)' phase of compilation. See the Design Size Report for more details: C:/OneDrive/Desktop/HLS-Tutorial/Take-Home-Ex/6-Combinational_Circuit/Ex3/solution1/syn/report/csynth_design_size.rpt
INFO: [HLS 200-1995] There were 41 instructions in the design after the 'Array/Struct (step 5)' phase of compilation. See the Design Size Report for more details: C:/OneDrive/Desktop/HLS-Tutorial/Take-Home-Ex/6-Combinational_Circuit/Ex3/solution1/syn/report/csynth_design_size.rpt
INFO: [HLS 200-1995] There were 41 instructions in the design after the 'Performance (step 1)' phase of compilation. See the Design Size Report for more details: C:/OneDrive/Desktop/HLS-Tutorial/Take-Home-Ex/6-Combinational_Circuit/Ex3/solution1/syn/report/csynth_design_size.rpt
INFO: [HLS 200-1995] There were 41 instructions in the design after the 'Performance (step 2)' phase of compilation. See the Design Size Report for more details: C:/OneDrive/Desktop/HLS-Tutorial/Take-Home-Ex/6-Combinational_Circuit/Ex3/solution1/syn/report/csynth_design_size.rpt
INFO: [HLS 200-1995] There were 41 instructions in the design after the 'Performance (step 3)' phase of compilation. See the Design Size Report for more details: C:/OneDrive/Desktop/HLS-Tutorial/Take-Home-Ex/6-Combinational_Circuit/Ex3/solution1/syn/report/csynth_design_size.rpt
INFO: [HLS 200-1995] There were 41 instructions in the design after the 'Performance (step 4)' phase of compilation. See the Design Size Report for more details: C:/OneDrive/Desktop/HLS-Tutorial/Take-Home-Ex/6-Combinational_Circuit/Ex3/solution1/syn/report/csynth_design_size.rpt
INFO: [HLS 200-1995] There were 52 instructions in the design after the 'HW Transforms (step 1)' phase of compilation. See the Design Size Report for more details: C:/OneDrive/Desktop/HLS-Tutorial/Take-Home-Ex/6-Combinational_Circuit/Ex3/solution1/syn/report/csynth_design_size.rpt
INFO: [HLS 200-1995] There were 53 instructions in the design after the 'HW Transforms (step 2)' phase of compilation. See the Design Size Report for more details: C:/OneDrive/Desktop/HLS-Tutorial/Take-Home-Ex/6-Combinational_Circuit/Ex3/solution1/syn/report/csynth_design_size.rpt
INFO: [HLS 200-111] Finished Compiling Optimization and Transform: CPU user time: 0 seconds. CPU system time: 0 seconds. Elapsed time: 8.217 seconds; current allocated memory: 213.402 MB.
INFO: [HLS 200-111] Finished Checking Pragmas: CPU user time: 0 seconds. CPU system time: 0 seconds. Elapsed time: 0.002 seconds; current allocated memory: 213.402 MB.
INFO: [HLS 200-10] Starting code transformations ...
INFO: [HLS 200-111] Finished Standard Transforms: CPU user time: 0 seconds. CPU system time: 0 seconds. Elapsed time: 0.028 seconds; current allocated memory: 217.508 MB.
INFO: [HLS 200-10] Checking synthesizability ...
INFO: [HLS 200-111] Finished Checking Synthesizability: CPU user time: 0 seconds. CPU system time: 0 seconds. Elapsed time: 0.025 seconds; current allocated memory: 218.812 MB.
INFO: [XFORM 203-11] Balancing expressions in function 'comprator' (Ex3/src/comparator.cpp:1)...6 expression(s) balanced.
INFO: [HLS 200-111] Finished Loop, function and other optimizations: CPU user time: 0 seconds. CPU system time: 0 seconds. Elapsed time: 0.059 seconds; current allocated memory: 239.113 MB.
INFO: [HLS 200-111] Finished Architecture Synthesis: CPU user time: 1 seconds. CPU system time: 0 seconds. Elapsed time: 0.035 seconds; current allocated memory: 239.117 MB.
INFO: [HLS 200-10] Starting hardware synthesis ...
INFO: [HLS 200-10] Synthesizing 'comprator' ...
INFO: [HLS 200-10] ----------------------------------------------------------------
INFO: [HLS 200-42] -- Implementing module 'comprator' 
INFO: [HLS 200-10] ----------------------------------------------------------------
INFO: [SCHED 204-11] Starting scheduling ...
INFO: [SCHED 204-11] Finished scheduling.
INFO: [HLS 200-111] Finished Scheduling: CPU user time: 0 seconds. CPU system time: 0 seconds. Elapsed time: 0.146 seconds; current allocated memory: 239.117 MB.
INFO: [BIND 205-100] Starting micro-architecture generation ...
INFO: [BIND 205-101] Performing variable lifetime analysis.
INFO: [BIND 205-101] Exploring resource sharing.
INFO: [BIND 205-101] Binding ...
INFO: [BIND 205-100] Finished micro-architecture generation.
INFO: [HLS 200-111] Finished Binding: CPU user time: 0 seconds. CPU system time: 0 seconds. Elapsed time: 0.066 seconds; current allocated memory: 239.117 MB.
INFO: [HLS 200-10] ----------------------------------------------------------------
INFO: [HLS 200-10] -- Generating RTL for module 'comprator' 
INFO: [HLS 200-10] ----------------------------------------------------------------
INFO: [RTGEN 206-500] Setting interface mode on port 'comprator/a0' to 'ap_none'.
INFO: [RTGEN 206-500] Setting interface mode on port 'comprator/a1' to 'ap_none'.
INFO: [RTGEN 206-500] Setting interface mode on port 'comprator/a2' to 'ap_none'.
INFO: [RTGEN 206-500] Setting interface mode on port 'comprator/a3' to 'ap_none'.
INFO: [RTGEN 206-500] Setting interface mode on port 'comprator/b0' to 'ap_none'.
INFO: [RTGEN 206-500] Setting interface mode on port 'comprator/b1' to 'ap_none'.
INFO: [RTGEN 206-500] Setting interface mode on port 'comprator/b2' to 'ap_none'.
INFO: [RTGEN 206-500] Setting interface mode on port 'comprator/b3' to 'ap_none'.
INFO: [RTGEN 206-500] Setting interface mode on port 'comprator/M' to 'ap_none'.
WARNING: [RTGEN 206-101] Port 'M' with mode 'ap_none' may require an associated data valid signal to correctly communicate with other blocks or a test bench; automatic C/RTL co-simulation may not be able to verify such a port.
INFO: [RTGEN 206-500] Setting interface mode on port 'comprator/N' to 'ap_none'.
WARNING: [RTGEN 206-101] Port 'N' with mode 'ap_none' may require an associated data valid signal to correctly communicate with other blocks or a test bench; automatic C/RTL co-simulation may not be able to verify such a port.
INFO: [RTGEN 206-500] Setting interface mode on port 'comprator/P' to 'ap_none'.
WARNING: [RTGEN 206-101] Port 'P' with mode 'ap_none' may require an associated data valid signal to correctly communicate with other blocks or a test bench; automatic C/RTL co-simulation may not be able to verify such a port.
INFO: [RTGEN 206-500] Setting interface mode on function 'comprator' to 'ap_ctrl_none'.
INFO: [RTGEN 206-100] Finished creating RTL model for 'comprator'.
INFO: [HLS 200-111] Finished Creating RTL model: CPU user time: 0 seconds. CPU system time: 0 seconds. Elapsed time: 0.217 seconds; current allocated memory: 239.414 MB.
INFO: [HLS 200-111] Finished Generating all RTL models: CPU user time: 0 seconds. CPU system time: 0 seconds. Elapsed time: 0.42 seconds; current allocated memory: 244.203 MB.
INFO: [HLS 200-111] Finished Updating report files: CPU user time: 0 seconds. CPU system time: 0 seconds. Elapsed time: 0.707 seconds; current allocated memory: 248.480 MB.
INFO: [VHDL 208-304] Generating VHDL RTL for comprator.
INFO: [VLOG 209-307] Generating Verilog RTL for comprator.
INFO: [HLS 200-789] **** Estimated Fmax: 1106.19 MHz
INFO: [HLS 200-111] Finished Command csynth_design CPU user time: 1 seconds. CPU system time: 0 seconds. Elapsed time: 11.317 seconds; current allocated memory: 38.895 MB.
