INFO-FLOW: Workspace C:/OneDrive/Desktop/HLS-Tutorial/Exercise/0-LED_on/solution1 opened at Thu Jun 27 21:43:18 +0330 2024
Execute     ap_set_clock -name default -period 10 -default=false 
INFO: [SYN 201-201] Setting up clock 'default' with a period of 10ns.
Execute     set_part xc7z010-clg400-1 
Execute       create_platform xc7z010-clg400-1 -board  
DBG:HLSDevice: Trying to load device library: C:/Xilinx/Vitis_HLS/2023.2\lib\win64.o\xv_hlsvwrap.dll
DBG:HLSDevice: first parts/arch.xml in RDI_DATADIR: C:/Xilinx/Vivado/2023.2/data/parts/arch.xml
DBG:HLSDevice: init success
INFO: [HLS 200-1611] Setting target device to 'xc7z010-clg400-1'
Command       create_platform done; 2.41 sec.
Execute       source C:/Xilinx/Vitis_HLS/2023.2/common/technology/xilinx/common/xilinx.gen 
Execute         source C:/Xilinx/Vitis_HLS/2023.2/common/technology/xilinx/interface/plb46.gen 
Execute         source C:/Xilinx/Vitis_HLS/2023.2/common/technology/xilinx/interface/axi4.gen 
Execute         source C:/Xilinx/Vitis_HLS/2023.2/common/technology/xilinx/interface/nativeAXI4.gen 
Execute           source C:/Xilinx/Vitis_HLS/2023.2/common/technology/xilinx/interface/saxilite.gen 
Execute         source C:/Xilinx/Vitis_HLS/2023.2/common/technology/xilinx/scripts/xilinxcoregen.gen 
Execute         source C:/Xilinx/Vitis_HLS/2023.2/common/technology/xilinx/interface/XilEDKCoreGen.gen 
Execute         source C:/Xilinx/Vitis_HLS/2023.2/common/technology/xilinx/ip/dds_compiler.gen 
Execute         source C:/Xilinx/Vitis_HLS/2023.2/common/technology/xilinx/ip/util.gen 
Execute         source C:/Xilinx/Vitis_HLS/2023.2/common/technology/xilinx/ip/xfft.gen 
Execute         source C:/Xilinx/Vitis_HLS/2023.2/common/technology/xilinx/ip/xfir.gen 
Execute         source C:/Xilinx/Vitis_HLS/2023.2/common/technology/xilinx/DSP48/dsp48.gen 
Command       ap_source done; 0.122 sec.
Execute       ap_part_info -name xc7z010-clg400-1 -data info 
Execute       config_compile -quiet -complex-mul-dsp=0 
Command     set_part done; 2.585 sec.
Execute     send_msg_by_id INFO @200-1505@%s%s  vivado 
INFO: [HLS 200-1505] Using flow_target 'vivado'
Execute     send_msg_by_id INFO @200-1464@%s config_export -output=C:/OneDrive/Desktop/HLS-Tutorial/Exercise/0-LED_on 
INFO: [HLS 200-1464] Running solution command: config_export -output=C:/OneDrive/Desktop/HLS-Tutorial/Exercise/0-LED_on
Execute     config_export -output=C:/OneDrive/Desktop/HLS-Tutorial/Exercise/0-LED_on 
Execute     send_msg_by_id INFO @200-1464@%s config_export -format=ip_catalog 
INFO: [HLS 200-1464] Running solution command: config_export -format=ip_catalog
Execute     config_export -format=ip_catalog 
Execute     send_msg_by_id INFO @200-1464@%s config_export -rtl=verilog 
INFO: [HLS 200-1464] Running solution command: config_export -rtl=verilog
Execute     config_export -rtl=verilog 
Command   open_solution done; 2.739 sec.
Execute   set_part xc7z010-clg400-1 
INFO: [HLS 200-1510] Running: set_part xc7z010-clg400-1 
Execute     create_platform xc7z010-clg400-1 -board  
Command     create_platform done; 0.144 sec.
Execute     source C:/Xilinx/Vitis_HLS/2023.2/common/technology/xilinx/common/xilinx.gen 
Execute       source C:/Xilinx/Vitis_HLS/2023.2/common/technology/xilinx/interface/plb46.gen 
Execute       source C:/Xilinx/Vitis_HLS/2023.2/common/technology/xilinx/interface/axi4.gen 
Execute       source C:/Xilinx/Vitis_HLS/2023.2/common/technology/xilinx/interface/nativeAXI4.gen 
Execute         source C:/Xilinx/Vitis_HLS/2023.2/common/technology/xilinx/interface/saxilite.gen 
Execute       source C:/Xilinx/Vitis_HLS/2023.2/common/technology/xilinx/scripts/xilinxcoregen.gen 
Execute       source C:/Xilinx/Vitis_HLS/2023.2/common/technology/xilinx/interface/XilEDKCoreGen.gen 
Execute       source C:/Xilinx/Vitis_HLS/2023.2/common/technology/xilinx/ip/dds_compiler.gen 
Execute       source C:/Xilinx/Vitis_HLS/2023.2/common/technology/xilinx/ip/util.gen 
Execute       source C:/Xilinx/Vitis_HLS/2023.2/common/technology/xilinx/ip/xfft.gen 
Execute       source C:/Xilinx/Vitis_HLS/2023.2/common/technology/xilinx/ip/xfir.gen 
Execute       source C:/Xilinx/Vitis_HLS/2023.2/common/technology/xilinx/DSP48/dsp48.gen 
Command     ap_source done; 0.111 sec.
Execute     ap_part_info -name xc7z010-clg400-1 -data info 
Execute     config_compile -quiet -complex-mul-dsp=0 
Command   set_part done; 0.306 sec.
Execute   create_clock -period 10 -name default 
INFO: [HLS 200-1510] Running: create_clock -period 10 -name default 
Execute   config_export -format ip_catalog -output C:/OneDrive/Desktop/HLS-Tutorial/Exercise/0-LED_on -rtl verilog 
INFO: [HLS 200-1510] Running: config_export -format ip_catalog -output C:/OneDrive/Desktop/HLS-Tutorial/Exercise/0-LED_on -rtl verilog 
Execute   source ./0-LED_on/solution1/directives.tcl 
INFO: [HLS 200-1510] Running: source ./0-LED_on/solution1/directives.tcl
Execute     set_directive_top -name led_on led_on 
INFO: [HLS 200-1510] Running: set_directive_top -name led_on led_on 
Execute   csynth_design 
INFO: [HLS 200-1510] Running: csynth_design 
INFO-FLOW: Running SLX 'csynth' proc: ::SLX::run_csynth
Execute     elaborate -effort=medium -skip_syncheck=0 -keep_printf=0 -skip_cdt=0 -skip_transform=0 -ng=0 -g=0 -opt_fp=0 -from_csynth_design=1 
INFO: [HLS 200-111] Finished File checks and directory preparation: CPU user time: 0 seconds. CPU system time: 0 seconds. Elapsed time: 0.117 seconds; current allocated memory: 210.438 MB.
Execute       set_directive_top led_on -name=led_on 
Execute       source C:/Xilinx/Vitis_HLS/2023.2/tps/tcl/tcllib1.11.1/yaml/huddle.tcl 
Execute       source C:/Xilinx/Vitis_HLS/2023.2/tps/tcl/tcllib1.11.1/yaml/json2huddle.tcl 
Execute         source C:/Xilinx/Vitis_HLS/2023.2/tps/tcl/tcllib1.11.1/try/try.tcl 
INFO: [HLS 200-10] Analyzing design file '0-LED_on/led_out.cpp' ... 
INFO-FLOW: Compiling one TU...
INFO-FLOW: Handling 0-LED_on/led_out.cpp as C++
Execute       ap_part_info -name xc7z010-clg400-1 -data info 
INFO-FLOW: Running: GCC PP 39
INFO-FLOW: Source preprocessing
INFO-FLOW: run_clang exec: C:/Xilinx/Vitis_HLS/2023.2/win64/tools/clang-3.9-csynth/bin/clang 0-LED_on/led_out.cpp -foptimization-record-file=C:/OneDrive/Desktop/HLS-Tutorial/Exercise/0-LED_on/solution1/.autopilot/db/led_out.cpp.clang.diag.yml -mllvm -pass-remarks-missed=reflow|pasta|unroll -mllvm -pass-remarks=reflow|pasta|unroll|inline -fno-limit-debug-info --sysroot C:/Xilinx/Vitis_HLS/2023.2/tps/mingw/8.3.0/win64.o/nt -fhls -fno-exceptions -insert-hls-directive=C:/OneDrive/Desktop/HLS-Tutorial/Exercise/0-LED_on/solution1/.autopilot/db/all.directive.json -E -fno-math-errno -c -emit-llvm -mllvm -disable-llvm-optzns -Werror=implicit-function-declaration -Werror=implicit-hls-streams -Werror=return-type -Wpragmas -Wunused-parameter -Wdump-hls-pragmas -Wno-error=dump-hls-pragmas -hls-clock-period=10 -fno-threadsafe-statics -fno-use-cxa-atexit -std=gnu++14 -target fpga64-xilinx-mingw32 -fno-threadsafe-statics -fno-use-cxa-atexit -D__VITIS_HLS__ -DAESL_SYN -D__SYNTHESIS__ -D__HLS_SYN__ -I C:/Xilinx/Vitis_HLS/2023.2/common/technology/autopilot -I C:/Xilinx/Vitis_HLS/2023.2/common/technology/autopilot/ap_sysc -include etc/autopilot_ssdm_op.h -D__DSP48E1__ -I /usr/include/x86_64-linux-gnu -o C:/OneDrive/Desktop/HLS-Tutorial/Exercise/0-LED_on/solution1/.autopilot/db/led_out.pp.0.cpp {-hls-platform-db-name=C:/Xilinx/Vitis_HLS/2023.2\common/technology\xilinx/common/platform.db} -hls-platform-name=zynq_slow -device-resource-info=BRAM_120.000000_DSP_80.000000_FF_35200.000000_LUT_17600.000000_SLICE_4400.000000_URAM_0.000000 -device-name-info=xc7z010clg400-1 > C:/OneDrive/Desktop/HLS-Tutorial/Exercise/0-LED_on/solution1/.autopilot/db/led_out.cpp.clang.out.log 2> C:/OneDrive/Desktop/HLS-Tutorial/Exercise/0-LED_on/solution1/.autopilot/db/led_out.cpp.clang.err.log
INFO-FLOW: Done: GCC PP 39 time: 0.3 seconds per iteration
INFO-FLOW: Source syntax check for synthesis
INFO-FLOW: run_clang exec: C:/Xilinx/Vitis_HLS/2023.2/win64/tools/clang-3.9-csynth/bin/clang -foptimization-record-file=C:/OneDrive/Desktop/HLS-Tutorial/Exercise/0-LED_on/solution1/.autopilot/db/clang.diag.yml -mllvm -pass-remarks-missed=reflow|pasta|unroll -mllvm -pass-remarks=reflow|pasta|unroll|inline -fsyntax-only -fhls -target fpga64-xilinx-linux-gnu C:/OneDrive/Desktop/HLS-Tutorial/Exercise/0-LED_on/solution1/.autopilot/db/led_out.pp.0.cpp {-hls-platform-db-name=C:/Xilinx/Vitis_HLS/2023.2\common/technology\xilinx/common/platform.db} -hls-platform-name=zynq_slow -device-resource-info=BRAM_120.000000_DSP_80.000000_FF_35200.000000_LUT_17600.000000_SLICE_4400.000000_URAM_0.000000 -device-name-info=xc7z010clg400-1 > C:/OneDrive/Desktop/HLS-Tutorial/Exercise/0-LED_on/solution1/.autopilot/db/clang.out.log 2> C:/OneDrive/Desktop/HLS-Tutorial/Exercise/0-LED_on/solution1/.autopilot/db/clang.err.log
Execute       clang_tidy xilinx-systemc-detector -desc systemc-detector C:/OneDrive/Desktop/HLS-Tutorial/Exercise/0-LED_on/solution1/.autopilot/db/led_out.pp.0.cpp std=gnu++14 -target fpga  -directive=C:/OneDrive/Desktop/HLS-Tutorial/Exercise/0-LED_on/solution1/.autopilot/db/.systemc_flag 
INFO-FLOW: exec C:/Xilinx/Vitis_HLS/2023.2/win64/tools/clang-3.9-csynth/bin/clang-tidy -header-filter=.* --checks=-*,xilinx-systemc-detector -import-directive=C:/OneDrive/Desktop/HLS-Tutorial/Exercise/0-LED_on/solution1/.autopilot/db/.systemc_flag -fix-errors C:/OneDrive/Desktop/HLS-Tutorial/Exercise/0-LED_on/solution1/.autopilot/db/led_out.pp.0.cpp -- -std=gnu++14 -target fpga -fhls -ferror-limit=0
INFO-FLOW: Running: clang-tidy CDT preprocess 39
Execute       clang_tidy xilinx-directive2pragma -desc directive2pragma C:/OneDrive/Desktop/HLS-Tutorial/Exercise/0-LED_on/solution1/.autopilot/db/led_out.pp.0.cpp std=gnu++14 -target fpga  -directive=C:/OneDrive/Desktop/HLS-Tutorial/Exercise/0-LED_on/solution1/.autopilot/db/all.directive.json 
INFO-FLOW: exec C:/Xilinx/Vitis_HLS/2023.2/win64/tools/clang-3.9-csynth/bin/clang-tidy -header-filter=.* --checks=-*,xilinx-directive2pragma -import-directive=C:/OneDrive/Desktop/HLS-Tutorial/Exercise/0-LED_on/solution1/.autopilot/db/all.directive.json -fix-errors C:/OneDrive/Desktop/HLS-Tutorial/Exercise/0-LED_on/solution1/.autopilot/db/led_out.pp.0.cpp -- -std=gnu++14 -target fpga -fhls -ferror-limit=0
INFO-FLOW: Done: clang-tidy CDT preprocess 39 time: 0.1 seconds per iteration
INFO-FLOW: Calling xilinx-label-all-loops ... 
INFO-FLOW: Calling xilinx-aggregate-on-hls-vector ... 
Execute       clang_tidy -errorcheck -desc loop-label xilinx-label-all-loops,xilinx-aggregate-on-hls-vector,,xilinx-warn-mayneed-no-ctor-attribute C:/OneDrive/Desktop/HLS-Tutorial/Exercise/0-LED_on/solution1/.autopilot/db/led_out.pp.0.cpp std=gnu++14 -target fpga  
INFO-FLOW: run_clang exec: C:/Xilinx/Vitis_HLS/2023.2/win64/tools/clang-3.9-csynth/bin/clang-tidy -export-fixes=C:/OneDrive/Desktop/HLS-Tutorial/Exercise/0-LED_on/solution1/.autopilot/db/led_out.pp.0.cpp.clang-tidy.loop-label.diag.yml -header-filter=.* --checks=-*,xilinx-label-all-loops,xilinx-aggregate-on-hls-vector,,xilinx-warn-mayneed-no-ctor-attribute -fix-errors C:/OneDrive/Desktop/HLS-Tutorial/Exercise/0-LED_on/solution1/.autopilot/db/led_out.pp.0.cpp -- -std=gnu++14 -target fpga -fhls -ferror-limit=0 > C:/OneDrive/Desktop/HLS-Tutorial/Exercise/0-LED_on/solution1/.autopilot/db/led_out.pp.0.cpp.clang-tidy.loop-label.out.log 2> C:/OneDrive/Desktop/HLS-Tutorial/Exercise/0-LED_on/solution1/.autopilot/db/led_out.pp.0.cpp.clang-tidy.loop-label.err.log
INFO-FLOW: run_clang exec: C:/Xilinx/Vitis_HLS/2023.2/win64/tools/clang-3.9-csynth/bin/xilinx-dataflow-lawyer -export-fixes=C:/OneDrive/Desktop/HLS-Tutorial/Exercise/0-LED_on/solution1/.autopilot/db/led_out.pp.0.cpp.xilinx-dataflow-lawyer.diag.yml C:/OneDrive/Desktop/HLS-Tutorial/Exercise/0-LED_on/solution1/.autopilot/db/led_out.pp.0.cpp -- -std=gnu++14 -target fpga -fhls -ferror-limit=0 -fstrict-dataflow > C:/OneDrive/Desktop/HLS-Tutorial/Exercise/0-LED_on/solution1/.autopilot/db/led_out.pp.0.cpp.xilinx-dataflow-lawyer.out.log 2> C:/OneDrive/Desktop/HLS-Tutorial/Exercise/0-LED_on/solution1/.autopilot/db/led_out.pp.0.cpp.xilinx-dataflow-lawyer.err.log
Execute       ap_part_info -name xc7z010-clg400-1 -data info 
INFO-FLOW: compiling source code to llvm bc
INFO-FLOW: run_clang exec: C:/Xilinx/Vitis_HLS/2023.2/win64/tools/clang-3.9-csynth/bin/clang -foptimization-record-file=C:/OneDrive/Desktop/HLS-Tutorial/Exercise/0-LED_on/solution1/.autopilot/db/led_out.pp.0.cpp.clang.diag.yml -mllvm -pass-remarks-missed=reflow|pasta|unroll -mllvm -pass-remarks=reflow|pasta|unroll|inline -fno-limit-debug-info -fhls -flto -fno-exceptions -Wno-error=c++11-narrowing -hls-emit-hint-scope C:/OneDrive/Desktop/HLS-Tutorial/Exercise/0-LED_on/solution1/.autopilot/db/led_out.pp.0.cpp -fno-math-errno -c -emit-llvm -mllvm -disable-llvm-optzns -Werror=implicit-function-declaration -Werror=implicit-hls-streams -Werror=return-type -Wpragmas -Wunused-parameter -Wdump-hls-pragmas -Wno-error=dump-hls-pragmas -hls-clock-period=10 -fno-threadsafe-statics -fno-use-cxa-atexit -std=gnu++14 -target fpga64-xilinx-linux-gnu -D__VITIS_HLS__ -DAESL_SYN -D__SYNTHESIS__ -D__HLS_SYN__ -I C:/Xilinx/Vitis_HLS/2023.2/common/technology/autopilot -I C:/Xilinx/Vitis_HLS/2023.2/common/technology/autopilot/ap_sysc -include etc/autopilot_ssdm_op.h -D__DSP48E1__ -g -o C:/OneDrive/Desktop/HLS-Tutorial/Exercise/0-LED_on/solution1/.autopilot/db/led_out.bc {-hls-platform-db-name=C:/Xilinx/Vitis_HLS/2023.2\common/technology\xilinx/common/platform.db} -hls-platform-name=zynq_slow -device-resource-info=BRAM_120.000000_DSP_80.000000_FF_35200.000000_LUT_17600.000000_SLICE_4400.000000_URAM_0.000000 -device-name-info=xc7z010clg400-1 > C:/OneDrive/Desktop/HLS-Tutorial/Exercise/0-LED_on/solution1/.autopilot/db/led_out.pp.0.cpp.clang.out.log 2> C:/OneDrive/Desktop/HLS-Tutorial/Exercise/0-LED_on/solution1/.autopilot/db/led_out.pp.0.cpp.clang.err.log
INFO: [HLS 200-111] Finished Source Code Analysis and Preprocessing: CPU user time: 0 seconds. CPU system time: 0 seconds. Elapsed time: 1.297 seconds; current allocated memory: 211.805 MB.
INFO-FLOW: Linking Debug ...
INFO-FLOW: Linking dut bc code.
Execute       run_link_or_opt -out C:/OneDrive/Desktop/HLS-Tutorial/Exercise/0-LED_on/solution1/.autopilot/db/a.g.ld.0.bc -args  "C:/OneDrive/Desktop/HLS-Tutorial/Exercise/0-LED_on/solution1/.autopilot/db/led_out.g.bc"  
INFO-FLOW: run_clang exec: C:/Xilinx/Vitis_HLS/2023.2/win64/tools/clang-3.9-csynth/bin/llvm-link C:/OneDrive/Desktop/HLS-Tutorial/Exercise/0-LED_on/solution1/.autopilot/db/led_out.g.bc -o C:/OneDrive/Desktop/HLS-Tutorial/Exercise/0-LED_on/solution1/.autopilot/db/a.g.ld.0.bc > C:/OneDrive/Desktop/HLS-Tutorial/Exercise/0-LED_on/solution1/.autopilot/db/a.g.ld.0.bc.llvm-link.out.log 2> C:/OneDrive/Desktop/HLS-Tutorial/Exercise/0-LED_on/solution1/.autopilot/db/a.g.ld.0.bc.llvm-link.err.log
INFO-FLOW: 
Execute       run_link_or_opt -opt -out C:/OneDrive/Desktop/HLS-Tutorial/Exercise/0-LED_on/solution1/.autopilot/db/a.g.ld.1.lower.bc -args C:/OneDrive/Desktop/HLS-Tutorial/Exercise/0-LED_on/solution1/.autopilot/db/a.g.ld.0.bc -reflow-lower-math-intrinsics 
INFO-FLOW: run_clang exec: C:/Xilinx/Vitis_HLS/2023.2/win64/tools/clang-3.9-csynth/bin/opt -pass-remarks-missed=reflow|pasta|unroll -pass-remarks=reflow|pasta|unroll|inline -pass-remarks-output=C:/OneDrive/Desktop/HLS-Tutorial/Exercise/0-LED_on/solution1/.autopilot/db/a.g.ld.1.lower.bc.opt.diag.yml C:/OneDrive/Desktop/HLS-Tutorial/Exercise/0-LED_on/solution1/.autopilot/db/a.g.ld.0.bc -reflow-lower-math-intrinsics -o C:/OneDrive/Desktop/HLS-Tutorial/Exercise/0-LED_on/solution1/.autopilot/db/a.g.ld.1.lower.bc > C:/OneDrive/Desktop/HLS-Tutorial/Exercise/0-LED_on/solution1/.autopilot/db/a.g.ld.1.lower.bc.opt.out.log 2> C:/OneDrive/Desktop/HLS-Tutorial/Exercise/0-LED_on/solution1/.autopilot/db/a.g.ld.1.lower.bc.opt.err.log
INFO-FLOW: 
INFO-FLOW: Running: gen_design_size_report post-opt
INFO-FLOW: Done: gen_design_size_report post-opt time: 0 seconds per iteration
INFO-FLOW: Linking math bc lib
Execute       run_link_or_opt -out C:/OneDrive/Desktop/HLS-Tutorial/Exercise/0-LED_on/solution1/.autopilot/db/a.g.ld.2.m1.bc -args C:/OneDrive/Desktop/HLS-Tutorial/Exercise/0-LED_on/solution1/.autopilot/db/a.g.ld.1.lower.bc -only-needed C:/Xilinx/Vitis_HLS/2023.2/win64/lib/libhlsm_39.bc C:/Xilinx/Vitis_HLS/2023.2/win64/lib/libhlsmc++_39.bc 
INFO-FLOW: run_clang exec: C:/Xilinx/Vitis_HLS/2023.2/win64/tools/clang-3.9-csynth/bin/llvm-link C:/OneDrive/Desktop/HLS-Tutorial/Exercise/0-LED_on/solution1/.autopilot/db/a.g.ld.1.lower.bc -only-needed C:/Xilinx/Vitis_HLS/2023.2/win64/lib/libhlsm_39.bc C:/Xilinx/Vitis_HLS/2023.2/win64/lib/libhlsmc++_39.bc -o C:/OneDrive/Desktop/HLS-Tutorial/Exercise/0-LED_on/solution1/.autopilot/db/a.g.ld.2.m1.bc > C:/OneDrive/Desktop/HLS-Tutorial/Exercise/0-LED_on/solution1/.autopilot/db/a.g.ld.2.m1.bc.llvm-link.out.log 2> C:/OneDrive/Desktop/HLS-Tutorial/Exercise/0-LED_on/solution1/.autopilot/db/a.g.ld.2.m1.bc.llvm-link.err.log
INFO-FLOW: 
Command       run_link_or_opt done; 1.813 sec.
Execute       run_link_or_opt -opt -out C:/OneDrive/Desktop/HLS-Tutorial/Exercise/0-LED_on/solution1/.autopilot/db/a.g.ld.3.fpc.bc -args C:/OneDrive/Desktop/HLS-Tutorial/Exercise/0-LED_on/solution1/.autopilot/db/a.g.ld.2.m1.bc -reflow-globaldce -hls-top-function-name=led_on -reflow-float-conversion 
INFO-FLOW: run_clang exec: C:/Xilinx/Vitis_HLS/2023.2/win64/tools/clang-3.9-csynth/bin/opt -pass-remarks-missed=reflow|pasta|unroll -pass-remarks=reflow|pasta|unroll|inline -pass-remarks-output=C:/OneDrive/Desktop/HLS-Tutorial/Exercise/0-LED_on/solution1/.autopilot/db/a.g.ld.3.fpc.bc.opt.diag.yml C:/OneDrive/Desktop/HLS-Tutorial/Exercise/0-LED_on/solution1/.autopilot/db/a.g.ld.2.m1.bc -reflow-globaldce -hls-top-function-name=led_on -reflow-float-conversion -o C:/OneDrive/Desktop/HLS-Tutorial/Exercise/0-LED_on/solution1/.autopilot/db/a.g.ld.3.fpc.bc > C:/OneDrive/Desktop/HLS-Tutorial/Exercise/0-LED_on/solution1/.autopilot/db/a.g.ld.3.fpc.bc.opt.out.log 2> C:/OneDrive/Desktop/HLS-Tutorial/Exercise/0-LED_on/solution1/.autopilot/db/a.g.ld.3.fpc.bc.opt.err.log
INFO-FLOW: 
INFO-FLOW: Running: gen_design_size_report post-opt
INFO-FLOW: Done: gen_design_size_report post-opt time: 0 seconds per iteration
Command       run_link_or_opt done; 0.842 sec.
Execute       run_link_or_opt -out C:/OneDrive/Desktop/HLS-Tutorial/Exercise/0-LED_on/solution1/.autopilot/db/a.g.ld.4.m2.bc -args C:/OneDrive/Desktop/HLS-Tutorial/Exercise/0-LED_on/solution1/.autopilot/db/a.g.ld.3.fpc.bc -only-needed C:/Xilinx/Vitis_HLS/2023.2/win64/lib/libfloatconversion_39.bc 
INFO-FLOW: run_clang exec: C:/Xilinx/Vitis_HLS/2023.2/win64/tools/clang-3.9-csynth/bin/llvm-link C:/OneDrive/Desktop/HLS-Tutorial/Exercise/0-LED_on/solution1/.autopilot/db/a.g.ld.3.fpc.bc -only-needed C:/Xilinx/Vitis_HLS/2023.2/win64/lib/libfloatconversion_39.bc -o C:/OneDrive/Desktop/HLS-Tutorial/Exercise/0-LED_on/solution1/.autopilot/db/a.g.ld.4.m2.bc > C:/OneDrive/Desktop/HLS-Tutorial/Exercise/0-LED_on/solution1/.autopilot/db/a.g.ld.4.m2.bc.llvm-link.out.log 2> C:/OneDrive/Desktop/HLS-Tutorial/Exercise/0-LED_on/solution1/.autopilot/db/a.g.ld.4.m2.bc.llvm-link.err.log
INFO-FLOW: 
Execute       run_link_or_opt -opt -out C:/OneDrive/Desktop/HLS-Tutorial/Exercise/0-LED_on/solution1/.autopilot/db/a.g.ld.5.gdce.bc -args C:/OneDrive/Desktop/HLS-Tutorial/Exercise/0-LED_on/solution1/.autopilot/db/a.g.ld.4.m2.bc -reflow-globaldce -hls-top-function-name=led_on 
INFO-FLOW: run_clang exec: C:/Xilinx/Vitis_HLS/2023.2/win64/tools/clang-3.9-csynth/bin/opt -pass-remarks-missed=reflow|pasta|unroll -pass-remarks=reflow|pasta|unroll|inline -pass-remarks-output=C:/OneDrive/Desktop/HLS-Tutorial/Exercise/0-LED_on/solution1/.autopilot/db/a.g.ld.5.gdce.bc.opt.diag.yml C:/OneDrive/Desktop/HLS-Tutorial/Exercise/0-LED_on/solution1/.autopilot/db/a.g.ld.4.m2.bc -reflow-globaldce -hls-top-function-name=led_on -o C:/OneDrive/Desktop/HLS-Tutorial/Exercise/0-LED_on/solution1/.autopilot/db/a.g.ld.5.gdce.bc > C:/OneDrive/Desktop/HLS-Tutorial/Exercise/0-LED_on/solution1/.autopilot/db/a.g.ld.5.gdce.bc.opt.out.log 2> C:/OneDrive/Desktop/HLS-Tutorial/Exercise/0-LED_on/solution1/.autopilot/db/a.g.ld.5.gdce.bc.opt.err.log
INFO-FLOW: 
INFO-FLOW: Running: gen_design_size_report post-opt
INFO-FLOW: Done: gen_design_size_report post-opt time: 0 seconds per iteration
Execute       send_msg_by_id INFO @200-777@%s Vivado 
INFO: [HLS 200-777] Using interface defaults for 'Vivado' flow target.
Execute       is_m_axi_addr64 
INFO-FLOW: Doing LTO.
INFO-FLOW: run_clang (background poll_ms 5000) exec: C:/Xilinx/Vitis_HLS/2023.2/win64/tools/clang-3.9-csynth/bin/clang -foptimization-record-file=C:/OneDrive/Desktop/HLS-Tutorial/Exercise/0-LED_on/solution1/.autopilot/db/a.g.ld.0.bc.clang.reflow.diag.yml -mllvm -pass-remarks-missed=reflow|pasta|unroll -mllvm -pass-remarks=reflow|pasta|unroll|inline -fhls -mllvm -hls-top-function-name=led_on -mllvm -hls-db-dir -mllvm C:/OneDrive/Desktop/HLS-Tutorial/Exercise/0-LED_on/solution1/.autopilot/db -emit-llvm -c -target fpga64-xilinx-none -mllvm -xcl-xmlinfo=C:/OneDrive/Desktop/HLS-Tutorial/Exercise/0-LED_on/solution1/.autopilot/db/kernel.internal.xml -mllvm -top-io-mapping-info=C:/OneDrive/Desktop/HLS-Tutorial/Exercise/0-LED_on/solution1/.autopilot/db/top-io-fe.xml -mllvm -hls-bitcode-version=3.1 -mllvm -reflow-enable-slave-interface-default-setting=true -mllvm -gen-kernel-xml=false -mllvm -default-maxi-offset=slave -mllvm -maxi-latency=0 -mllvm -hls-maxi-data-size-in-bits=8 -mllvm -hls-maxi-max-data-size-in-bits=1024 -mllvm -hls-max-widen-size-in-bits=0 -mllvm -xcl-kernel-max-mem-ports=0 -mllvm -maxi-read-trans=16 -mllvm -maxi-write-trans=16 -mllvm -maxi-read-burst-len=16 -mllvm -maxi-write-burst-len=16 -mllvm -reflow-enable-saxi-64bits=0 -mllvm -reflow-basic-block-instr-threshold=200000 -mllvm -reflow-auto-pipeline-threshold=64 -mllvm -reflow-enable-maxi-auto-id-channel=0 -mllvm -enable-fp-thr=0 -mllvm -reflow-bdd-simplify-threshold=1048576 -mllvm -reflow-fanout-threshold=16 -mllvm -assume-maxi-align=1 -mllvm -reflow-pipeline-style-llvm-setting=2 -mllvm -reflow-enable-dataflow-strict-mode-checking=1 -ftime-report -mllvm -time-passes -mllvm -reflow-auto-array-partition-mode=default -mllvm -reflow-enable-auto-array-partition=true -mllvm -reflow-enable-auto-parallel-performance-driven=true -mllvm -reflow-enable-partition-for-automation=true -mllvm -reflow-aggregate-bitwidth-threshold=4096 -mllvm -reflow-reserved-saxilite-registers=0 -mllvm -enable-reflow-auto-loop-pipeline -mllvm -reflow-max-unroll-threshold=409600 -mllvm -reflow-assume-no-address-wrap=true -mllvm -reflow-enable-occurrence-inference=true -mllvm -reflow-emit-hint-scope=true -mllvm -hls -mllvm -disable-inlined-alloca-merging=true -mllvm -default-clock-period=10 -x ir C:/OneDrive/Desktop/HLS-Tutorial/Exercise/0-LED_on/solution1/.autopilot/db/a.g.ld.5.gdce.bc -o C:/OneDrive/Desktop/HLS-Tutorial/Exercise/0-LED_on/solution1/.autopilot/db/a.g.lto.bc {-hls-platform-db-name=C:/Xilinx/Vitis_HLS/2023.2\common/technology\xilinx/common/platform.db} -hls-platform-name=zynq_slow -device-resource-info=BRAM_120.000000_DSP_80.000000_FF_35200.000000_LUT_17600.000000_SLICE_4400.000000_URAM_0.000000 -device-name-info=xc7z010clg400-1 2> C:/OneDrive/Desktop/HLS-Tutorial/Exercise/0-LED_on/solution1/.autopilot/db/a.g.ld.0.bc.clang.reflow.err.log bg_poll_cmd: ::AP::poll_clang_39_closed_source
Execute       send_msg_by_id INFO @200-1995@%s%s%s 4 Compile/Link C:/OneDrive/Desktop/HLS-Tutorial/Exercise/0-LED_on/solution1/syn/report/csynth_design_size.rpt 
INFO: [HLS 200-1995] There were 4 instructions in the design after the 'Compile/Link' phase of compilation. See the Design Size Report for more details: C:/OneDrive/Desktop/HLS-Tutorial/Exercise/0-LED_on/solution1/syn/report/csynth_design_size.rpt
Execute       send_msg_by_id INFO @200-1995@%s%s%s 4 Unroll/Inline (step 1) C:/OneDrive/Desktop/HLS-Tutorial/Exercise/0-LED_on/solution1/syn/report/csynth_design_size.rpt 
INFO: [HLS 200-1995] There were 4 instructions in the design after the 'Unroll/Inline (step 1)' phase of compilation. See the Design Size Report for more details: C:/OneDrive/Desktop/HLS-Tutorial/Exercise/0-LED_on/solution1/syn/report/csynth_design_size.rpt
Execute       send_msg_by_id INFO @200-1995@%s%s%s 4 Unroll/Inline (step 2) C:/OneDrive/Desktop/HLS-Tutorial/Exercise/0-LED_on/solution1/syn/report/csynth_design_size.rpt 
INFO: [HLS 200-1995] There were 4 instructions in the design after the 'Unroll/Inline (step 2)' phase of compilation. See the Design Size Report for more details: C:/OneDrive/Desktop/HLS-Tutorial/Exercise/0-LED_on/solution1/syn/report/csynth_design_size.rpt
Execute       send_msg_by_id INFO @200-1995@%s%s%s 4 Unroll/Inline (step 3) C:/OneDrive/Desktop/HLS-Tutorial/Exercise/0-LED_on/solution1/syn/report/csynth_design_size.rpt 
INFO: [HLS 200-1995] There were 4 instructions in the design after the 'Unroll/Inline (step 3)' phase of compilation. See the Design Size Report for more details: C:/OneDrive/Desktop/HLS-Tutorial/Exercise/0-LED_on/solution1/syn/report/csynth_design_size.rpt
Execute       send_msg_by_id INFO @200-1995@%s%s%s 4 Unroll/Inline (step 4) C:/OneDrive/Desktop/HLS-Tutorial/Exercise/0-LED_on/solution1/syn/report/csynth_design_size.rpt 
INFO: [HLS 200-1995] There were 4 instructions in the design after the 'Unroll/Inline (step 4)' phase of compilation. See the Design Size Report for more details: C:/OneDrive/Desktop/HLS-Tutorial/Exercise/0-LED_on/solution1/syn/report/csynth_design_size.rpt
Execute       send_msg_by_id INFO @200-1995@%s%s%s 4 Array/Struct (step 1) C:/OneDrive/Desktop/HLS-Tutorial/Exercise/0-LED_on/solution1/syn/report/csynth_design_size.rpt 
INFO: [HLS 200-1995] There were 4 instructions in the design after the 'Array/Struct (step 1)' phase of compilation. See the Design Size Report for more details: C:/OneDrive/Desktop/HLS-Tutorial/Exercise/0-LED_on/solution1/syn/report/csynth_design_size.rpt
Execute       send_msg_by_id INFO @200-1995@%s%s%s 4 Array/Struct (step 2) C:/OneDrive/Desktop/HLS-Tutorial/Exercise/0-LED_on/solution1/syn/report/csynth_design_size.rpt 
INFO: [HLS 200-1995] There were 4 instructions in the design after the 'Array/Struct (step 2)' phase of compilation. See the Design Size Report for more details: C:/OneDrive/Desktop/HLS-Tutorial/Exercise/0-LED_on/solution1/syn/report/csynth_design_size.rpt
Execute       send_msg_by_id INFO @200-1995@%s%s%s 4 Array/Struct (step 3) C:/OneDrive/Desktop/HLS-Tutorial/Exercise/0-LED_on/solution1/syn/report/csynth_design_size.rpt 
INFO: [HLS 200-1995] There were 4 instructions in the design after the 'Array/Struct (step 3)' phase of compilation. See the Design Size Report for more details: C:/OneDrive/Desktop/HLS-Tutorial/Exercise/0-LED_on/solution1/syn/report/csynth_design_size.rpt
Execute       send_msg_by_id INFO @200-1995@%s%s%s 4 Array/Struct (step 4) C:/OneDrive/Desktop/HLS-Tutorial/Exercise/0-LED_on/solution1/syn/report/csynth_design_size.rpt 
INFO: [HLS 200-1995] There were 4 instructions in the design after the 'Array/Struct (step 4)' phase of compilation. See the Design Size Report for more details: C:/OneDrive/Desktop/HLS-Tutorial/Exercise/0-LED_on/solution1/syn/report/csynth_design_size.rpt
Execute       send_msg_by_id INFO @200-1995@%s%s%s 4 Array/Struct (step 5) C:/OneDrive/Desktop/HLS-Tutorial/Exercise/0-LED_on/solution1/syn/report/csynth_design_size.rpt 
INFO: [HLS 200-1995] There were 4 instructions in the design after the 'Array/Struct (step 5)' phase of compilation. See the Design Size Report for more details: C:/OneDrive/Desktop/HLS-Tutorial/Exercise/0-LED_on/solution1/syn/report/csynth_design_size.rpt
Execute       send_msg_by_id INFO @200-1995@%s%s%s 4 Performance (step 1) C:/OneDrive/Desktop/HLS-Tutorial/Exercise/0-LED_on/solution1/syn/report/csynth_design_size.rpt 
INFO: [HLS 200-1995] There were 4 instructions in the design after the 'Performance (step 1)' phase of compilation. See the Design Size Report for more details: C:/OneDrive/Desktop/HLS-Tutorial/Exercise/0-LED_on/solution1/syn/report/csynth_design_size.rpt
Execute       send_msg_by_id INFO @200-1995@%s%s%s 4 Performance (step 2) C:/OneDrive/Desktop/HLS-Tutorial/Exercise/0-LED_on/solution1/syn/report/csynth_design_size.rpt 
INFO: [HLS 200-1995] There were 4 instructions in the design after the 'Performance (step 2)' phase of compilation. See the Design Size Report for more details: C:/OneDrive/Desktop/HLS-Tutorial/Exercise/0-LED_on/solution1/syn/report/csynth_design_size.rpt
Execute       send_msg_by_id INFO @200-1995@%s%s%s 4 Performance (step 3) C:/OneDrive/Desktop/HLS-Tutorial/Exercise/0-LED_on/solution1/syn/report/csynth_design_size.rpt 
INFO: [HLS 200-1995] There were 4 instructions in the design after the 'Performance (step 3)' phase of compilation. See the Design Size Report for more details: C:/OneDrive/Desktop/HLS-Tutorial/Exercise/0-LED_on/solution1/syn/report/csynth_design_size.rpt
Execute       send_msg_by_id INFO @200-1995@%s%s%s 4 Performance (step 4) C:/OneDrive/Desktop/HLS-Tutorial/Exercise/0-LED_on/solution1/syn/report/csynth_design_size.rpt 
INFO: [HLS 200-1995] There were 4 instructions in the design after the 'Performance (step 4)' phase of compilation. See the Design Size Report for more details: C:/OneDrive/Desktop/HLS-Tutorial/Exercise/0-LED_on/solution1/syn/report/csynth_design_size.rpt
Execute       send_msg_by_id INFO @200-1995@%s%s%s 5 HW Transforms (step 1) C:/OneDrive/Desktop/HLS-Tutorial/Exercise/0-LED_on/solution1/syn/report/csynth_design_size.rpt 
INFO: [HLS 200-1995] There were 5 instructions in the design after the 'HW Transforms (step 1)' phase of compilation. See the Design Size Report for more details: C:/OneDrive/Desktop/HLS-Tutorial/Exercise/0-LED_on/solution1/syn/report/csynth_design_size.rpt
Execute       send_msg_by_id INFO @200-1995@%s%s%s 6 HW Transforms (step 2) C:/OneDrive/Desktop/HLS-Tutorial/Exercise/0-LED_on/solution1/syn/report/csynth_design_size.rpt 
INFO: [HLS 200-1995] There were 6 instructions in the design after the 'HW Transforms (step 2)' phase of compilation. See the Design Size Report for more details: C:/OneDrive/Desktop/HLS-Tutorial/Exercise/0-LED_on/solution1/syn/report/csynth_design_size.rpt
INFO-FLOW: DBG:PUTS: copy_raw_kernel_xml ap_link_39: kernel.xml not generated: C:/OneDrive/Desktop/HLS-Tutorial/Exercise/0-LED_on/solution1/.autopilot/db/kernel.internal.xml
INFO: [HLS 200-111] Finished Compiling Optimization and Transform: CPU user time: 0 seconds. CPU system time: 0 seconds. Elapsed time: 8.011 seconds; current allocated memory: 213.715 MB.
INFO: [HLS 200-111] Finished Checking Pragmas: CPU user time: 0 seconds. CPU system time: 0 seconds. Elapsed time: 0.002 seconds; current allocated memory: 213.715 MB.
Execute       opt_and_import_c a -opt_level=2 -skip_syncheck=0 -ng=0 -keep_printf=0 
Execute         cleanup_all_models 
INFO: [HLS 200-10] Starting code transformations ...
INFO-FLOW: Running Standard Transforms...
Execute         transform -hls -share-std-xform -demangle-name -inline-byval-memcpy -always-inline -promote-dbg-pointer -interface-preproc -mem2reg -scalarrepl -mem2reg -keep-read-access -instcombine -dce -promote-dbg-pointer -bitop-raise -loop-simplify -indvarspre -indvars -loop-simplify -xunroll -constprop -instcombine -simplifycfg -indvars -simplifycfg -dce -globaldce -basicaa -simplifycfg -mem2reg -globalopt -global-constprop -deadargelim -instcombine -simplifycfg -scalarrepl -instcombine -reassociate -licm -simplifycfg -loop-simplify -indvars -instcombine -simplifycfg -mem2reg -loop-simplify -indvars -instcombine -gvn -gvn -instcombine -adce -break-crit-edges -simplifycfg -loop-delete -global-array-opt -dce -dse -adce -find-syn-modules -top led_on -deadargelim -mem2reg -instcombine -dce -presyn-prepare -interface-preproc -syn-check -check-rec-only -find-region -simplifycfg -func-extr -function-inline -globaldce -mem2reg -instcombine -dce -gvn -globaldce -adce -adse -constprop -instcombine -bit-constprop -instcombine -dce -simplifycfg -bitop-raise -simplifycfg -dce -loop-delete -reassociate -globalopt -global-privatize -mem2reg -dce -global-constprop -pointer-simplify -constprop -dce -auto-shift-reg-idiom -promote-dbg-pointer -norm-name C:/OneDrive/Desktop/HLS-Tutorial/Exercise/0-LED_on/solution1/.autopilot/db/a.g.0.bc -o C:/OneDrive/Desktop/HLS-Tutorial/Exercise/0-LED_on/solution1/.autopilot/db/a.g.1.bc -f -phase std-opt 
INFO: [HLS 200-111] Finished Standard Transforms: CPU user time: 0 seconds. CPU system time: 0 seconds. Elapsed time: 0.021 seconds; current allocated memory: 217.422 MB.
INFO: [HLS 200-10] Checking synthesizability ...
INFO-FLOW: Checking Synthesizability 1/2..
Execute         transform -hls -syn-check -check-rec-only -scalarrepl -norm-name -dce -mem2reg -instcombine -directive-preproc -mem2reg -dse -dce -dce -pag -array-normalize -instcombine -dce -array-seg-normalize -instcombine -dce -data-pack -instcombine -dce -inst-simplify -array-flatten -instcombine -dce -array-burst -dce -deadargelim -promote-global-argument -simplifycfg -mem2reg -globaldce -dce -deadargelim -dce -instcombine -function-inline -globaldce -dce -doublePtrSimplify -doublePtrElim -dce -doublePtrSimplify -promote-dbg-pointer -dce -scalarrepl -dse -adse -instcombine -ptrLegalization -simplifycfg -dce -instcombine -pointer-simplify -ptrArgReplace -dce -instcombine -resolve-double-ptr -scalarrepl -norm-name -dce -mem2reg -instcombine -ptrLegalization -simplifycfg -deadargelim -instcombine -dce -inst-simplify -directive-preproc -mem2reg -dse -dce -globaldce C:/OneDrive/Desktop/HLS-Tutorial/Exercise/0-LED_on/solution1/.autopilot/db/a.g.1.bc -o C:/OneDrive/Desktop/HLS-Tutorial/Exercise/0-LED_on/solution1/.autopilot/db/a.g.2.prechk.bc -f 
INFO-FLOW: Checking Synthesizability 2/2..
Execute         transform -syn-check C:/OneDrive/Desktop/HLS-Tutorial/Exercise/0-LED_on/solution1/.autopilot/db/a.g.2.prechk.bc -o C:/OneDrive/Desktop/HLS-Tutorial/Exercise/0-LED_on/solution1/.autopilot/db/a.g.2.bc -f -phase syn-check 
INFO: [HLS 200-111] Finished Checking Synthesizability: CPU user time: 0 seconds. CPU system time: 0 seconds. Elapsed time: 0.023 seconds; current allocated memory: 218.426 MB.
INFO-FLOW: Compiler optimizing ...
INFO-FLOW: Share syncheck's 1.bc for syn flow: copy C:/OneDrive/Desktop/HLS-Tutorial/Exercise/0-LED_on/solution1/.autopilot/db/a.g.1.bc to C:/OneDrive/Desktop/HLS-Tutorial/Exercise/0-LED_on/solution1/.autopilot/db/a.o.1.bc
INFO-FLOW: Presyn 1...
Execute         transform -hls -tmp C:/OneDrive/Desktop/HLS-Tutorial/Exercise/0-LED_on/solution1/.autopilot/db -interface-port-rename -directive-preproc -mem2reg -dse -dce -scalarrepl -norm-name -deadargelim -mem2reg -instcombine -dce -simplifycfg -dce -resource-proc -clib-intrinsic-prepare -dce -func-buffer -dce -pag -array-normalize -func-legal -instcombine -gvn -constprop -dce -simplifycfg -mem2reg -globaldce -resolve-double-ptr -dce -deadargelim -dce -instcombine -ptrArgReplace -mem2reg -dce -array-seg-normalize -deadargelim -instcombine -dce -directive-preproc -mem2reg -dse -dce -pointer-simplify -dce -port-alignment -dce -interface-preproc -data-pack -instcombine -dce -basicaa -aggr-aa -aggrmodref-aa -aggr-aa -gvn -gvn -basicaa -aggr-aa -aggrmodref-aa -aggr-aa -dse -adse -adce -loop-simplify -indvars -instcombine -gvn -loop-simplify -mem2reg -dce -find-region -instcombine -inst-simplify -interface-preproc -cfgopt -instcombine -indvars -auto-loop-unroll -loop-simplify -loop-bound -xunroll -constprop -instcombine -simplifycfg -indvars -simplifycfg -dce -globaldce -clean-region -attach-range -gvn -inst-simplify -constprop -simplifycfg -dce -pointer-simplify -dce -globalopt -constprop -dce -array-promote -scalar-auto-dep-elim -constprop -dce -ptrArgReplace -mem2reg -simplifycfg -dce -instcombine -dce -array-transform-check -array-reshape -instcombine -simplifycfg -dce -ptrArgReplace -deadargelim -mem2reg -instcombine -simplifycfg -dce -indvars -loop-simplify -loop-bound -xunroll -constprop -instcombine -simplifycfg -indvars -simplifycfg -dce -globaldce -basicaa -aggr-aa -aggrmodref-aa -aggr-aa -dse -duplicate-dataflow-processes -globaldce -instcombine -array-partition -prepare-dynamic-array-partition -instcombine -simplifycfg -dce -ptrArgReplace -global-constprop -deadargelim -mem2reg -func-legal -dce -global-constprop -deadargelim -mem2reg -simplifycfg -dce -merge-param -deadargelim -globalopt -constprop -dce -array-promote -scalar-auto-dep-elim -constprop -dce -ptrArgReplace -mem2reg -simplifycfg -dce -mem-intrinsic-preproc -dce -global-internalize -global-privatize -mem2reg -globaldce -promote-global-argument -ptrArgReplace -mem2reg -dce -globalopt -mergereturn -simplify-global-access -mem2reg -dce -pointer-simplify -dce -functionattrs -basicaa -aggr-aa -aggrmodref-aa -aggr-aa -gvn -gvn -basicaa -aggr-aa -aggrmodref-aa -aggr-aa -dse -adse -adce -dce -norm-name -basicaa -aggr-aa -aggrmodref-aa -aggr-aa -accesses-merge -function-inline -complex-op-raise -inst-simplify -globaldce -func-legal -dce -loop-bound -arraycheck -bitwidthmin2 -bitwidthmin2 -on-by-dataflow -loop-delete -instcombine -simplifycfg -globaldce -dce -gvn -deadargelim -dce -loop-simplify -clean-region -simplifycfg -propagate-stable-arguments -loop-stream -instcombine -simplifycfg -dce -globaldce -duplicate-dataflow-processes -stream-intrinsic-preproc -dce -check-ap-stream -loop-simplify -eliminate-keepreads -extract-dataflow-in-loop -loop-simplify -dce -gvn -deadargelim -dse -duplicate-dataflow-processes -check-dataflow-syntax -legalize-stream-variable -globaldce -legalize-global -extract-subproc -dce -dead-channel-elimination -canonicalize-gep -globaldce -dce -gvn -hls-dead-arg-elim -deadargelim -directive-preproc -canonicalize-dataflow -dce -globaldce -scalar-preprocessing -scalar-propagation2 -scalar-stream -deadargelim -globaldce -mem2reg -check-dataflow-channels -function-stream -dce -globaldce -prop-fifo-spec -internal-stream-gen -canonicalize-gep -globaldce -dce -gvn -deadargelim -mergereturn -indvars -loop-simplify -instcombine -array-stream -array-seg-normalize -array-partition -clean-array-spec -func-legal -instcombine -simplifycfg -dce -bundle-memfifo-ops -deadargelim -directive-preproc -mem2reg -dse -dce -group-axi-access -licm -simplifycfg -dce -loop-delete -hls-display -norm-name C:/OneDrive/Desktop/HLS-Tutorial/Exercise/0-LED_on/solution1/.autopilot/db/a.o.1.bc -o C:/OneDrive/Desktop/HLS-Tutorial/Exercise/0-LED_on/solution1/.autopilot/db/a.o.1.tmp.bc -f 
INFO-FLOW: Presyn 2...
Execute         transform -hls -keep-callgraph -scalarrepl -mem2reg -port-alignment -attach-range -dce -pipe-mux-gen -indvars -loop-bound -inst-simplify -instcombine -dce -merge-array-access -mem2reg -dce -clean-region -mergereturn -if-conv -instcombine -dce -constprop -basicaa -aggr-aa -aggrmodref-aa -aggr-aa -gvn -gvn -basicaa -aggr-aa -aggrmodref-aa -aggr-aa -dse -adse -adce -scalarrepl -mem2reg -global-constprop -deadargelim -deadargelim -instcombine -dce -simplifycfg -ptrArgReplace -mem2reg -function-inline -globaldce -mem2reg -instcombine -dce -expr-balance -instcombine -dce -bitwidthmin2 -bitwidthmin2 -interface-preproc -directive-preproc -inst-rectify -instcombine -dce -functionattrs -constprop -instcombine -bit-constprop -simplify-global-access -globalopt -globaldce -inst-simplify -instcombine -elimdeaddata -dce -loop-delete -simplifycfg -loop-simplify -barrier -norm-name C:/OneDrive/Desktop/HLS-Tutorial/Exercise/0-LED_on/solution1/.autopilot/db/a.o.1.tmp.bc -o C:/OneDrive/Desktop/HLS-Tutorial/Exercise/0-LED_on/solution1/.autopilot/db/a.o.2.bc -f -phase presyn 
INFO: [HLS 200-111] Finished Loop, function and other optimizations: CPU user time: 0 seconds. CPU system time: 0 seconds. Elapsed time: 0.03 seconds; current allocated memory: 238.480 MB.
INFO-FLOW: Building ssdm...
Execute         transform -hls -auto-function-inline -globaldce -ptrArgReplace -mem2reg -dce -reset-lda -loop-simplify -indvars -aggr-aa -licm -loop-dep -loop-bound -licm -loop-simplify -loop-sink-hoist -flattenloopnest -array-flatten -gvn -instcombine -dce -array-map -dce -func-legal -gvn -adce -instcombine -cfgopt -simplifycfg-lite -loop-simplify -array-burst -promote-global-argument -dce -array-seg-normalize -basicaa -aggrmodref-aa -globalsmodref-aa -aggr-aa -gvn -gvn -basicaa -aggrmodref-aa -globalsmodref-aa -aggr-aa -dse -adse -adce -licm -inst-simplify -dce -globaldce -instcombine -array-stream -eliminate-keepreads -instcombine -dce -deadargelim -doublePtrSimplify -doublePtrElim -dce -doublePtrSimplify -promote-dbg-pointer -dce -scalarrepl -mem2reg -norm-name -mem2reg -instcombine -dse -adse -adce -ptrLegalization -dce -array-flatten -dce -instcombine -check-doubleptr -loop-rot -constprop -cfgopt -simplifycfg-lite -loop-simplify -indvars -pointer-simplify -dce -loop-bound -loop-simplify -loop-preproc -constprop -global-constprop -gvn -mem2reg -instcombine -dce -loop-bound -loop-merge -dce -deadargelim -dce -canonicalize-dataflow -dce -deadargelim -globaldce -mem2reg -bram-byte-enable -inst-simplify -inst-rectify -instcombine -adce -deadargelim -load-elim -read-loop-dep -loop-simplify -loop-extract-inner -directive-preproc -bitwidthmin2 -bitwidthmin2 -read-loop-dep -interface-preproc -directive-preproc -interface-gen -bram-byte-enable-spec-prop -deadargelim -inst-simplify -dce -mem2reg -instcombine -gvn -dce -adse -loop-bound -instcombine -cfgopt -simplifycfg-lite -loop-simplify -clean-region -io-protocol -find-region -mem2reg -bitop-raise -complex-op-raise -inst-simplify -inst-rectify -instcombine -adce -deadargelim -float-op-raise -loop-simplify -phi-opt -bitop-raise -cfgopt -simplifycfg-lite -strip-dead-prototypes -interface-lower -bitop-lower -intrinsic-lower -auto-function-inline -basicaa -aggrmodref-aa -globalsmodref-aa -aggr-aa -inst-simplify -simplifycfg-lite -loop-simplify -mergereturn -inst-simplify -inst-rectify -globaldce -dce -load-elim -bitop-lower -float-op-raise -fma-raise -loop-rewind -pointer-simplify -dce -cfgopt -dce -loop-bound -loop-dep -read-loop-dep -dce -dyn-mem-reuse -dce -recurrence-min -dce -share-scalar-alloca -deadargelim -dce -check-stream -norm-name -legalize -validate-dataflow -inst-clarity -bitwidth -dce -dump-loop-dep-to-ir -check-all-ssdm -dump-complexity-metric -cdfg-build C:/OneDrive/Desktop/HLS-Tutorial/Exercise/0-LED_on/solution1/.autopilot/db/a.o.2.bc -o C:/OneDrive/Desktop/HLS-Tutorial/Exercise/0-LED_on/solution1/.autopilot/db/a.o.3.bc -f -phase build-ssdm 
Execute           auto_get_db
INFO: [HLS 200-111] Finished Architecture Synthesis: CPU user time: 0 seconds. CPU system time: 0 seconds. Elapsed time: 0.017 seconds; current allocated memory: 238.500 MB.
INFO-FLOW: Finish building internal data model.
Command     elaborate done; 9.421 sec.
Execute     ap_eval exec zip -j C:/OneDrive/Desktop/HLS-Tutorial/Exercise/0-LED_on/solution1/.autopilot/db/dut.hcp $dbDir/a.o.3.bc $dbDir/${topname}.rtl_wrap.cfg.tcl $dbDir/apatb_${topname}.cpp $dbDir/apatb_${topname}_util.cpp $dbDir/apatb_${topname}_ir.ll $dbDir/mapper_${topname}.cpp $dbDir/top-io-fe.xml $dbDir/kernel.internal.xml $workdir/../hls.app 
Execute     autosyn -from_csynth_design=1 
INFO: [HLS 200-10] Starting hardware synthesis ...
INFO-FLOW: Synthesizing C/C++ design ...
INFO: [HLS 200-10] Synthesizing 'led_on' ...
Execute       ap_set_top_model led_on 
Execute       get_model_list led_on -filter all-wo-channel -topdown 
Execute       preproc_iomode -model led_on 
Execute       get_model_list led_on -filter all-wo-channel 
INFO-FLOW: Model list for configure: led_on
INFO-FLOW: Configuring Module : led_on ...
Execute       set_default_model led_on 
Execute       apply_spec_resource_limit led_on 
INFO-FLOW: Model list for preprocess: led_on
INFO-FLOW: Preprocessing Module: led_on ...
Execute       set_default_model led_on 
Execute       cdfg_preprocess -model led_on 
Execute       rtl_gen_preprocess led_on 
INFO-FLOW: Model list for synthesis: led_on
INFO: [HLS 200-10] ----------------------------------------------------------------
INFO: [HLS 200-42] -- Implementing module 'led_on' 
INFO: [HLS 200-10] ----------------------------------------------------------------
Execute       set_default_model led_on 
Execute       schedule -model led_on 
INFO: [SCHED 204-11] Starting scheduling ...
INFO: [SCHED 204-11] Finished scheduling.
INFO: [HLS 200-111] Finished Scheduling: CPU user time: 0 seconds. CPU system time: 0 seconds. Elapsed time: 0.138 seconds; current allocated memory: 238.500 MB.
Execute       syn_report -verbosereport -o C:/OneDrive/Desktop/HLS-Tutorial/Exercise/0-LED_on/solution1/.autopilot/db/led_on.verbose.sched.rpt 
Execute         list_part -family xc7z010-clg400-1 
Execute           ap_family_info -name xc7z010-clg400-1 -data names 
Execute           ap_part_info -quiet -name xc7z010-clg400-1 -data family 
Execute       db_write -o C:/OneDrive/Desktop/HLS-Tutorial/Exercise/0-LED_on/solution1/.autopilot/db/led_on.sched.adb -f 
INFO-FLOW: Finish scheduling led_on.
Execute       set_default_model led_on 
Execute       bind -model led_on 
INFO: [BIND 205-100] Starting micro-architecture generation ...
INFO: [BIND 205-101] Performing variable lifetime analysis.
INFO: [BIND 205-101] Exploring resource sharing.
INFO: [BIND 205-101] Binding ...
INFO: [BIND 205-100] Finished micro-architecture generation.
INFO: [HLS 200-111] Finished Binding: CPU user time: 0 seconds. CPU system time: 0 seconds. Elapsed time: 0.054 seconds; current allocated memory: 238.500 MB.
Execute       syn_report -verbosereport -o C:/OneDrive/Desktop/HLS-Tutorial/Exercise/0-LED_on/solution1/.autopilot/db/led_on.verbose.bind.rpt 
Execute         list_part -family xc7z010-clg400-1 
Execute           ap_family_info -name xc7z010-clg400-1 -data names 
Execute           ap_part_info -quiet -name xc7z010-clg400-1 -data family 
Execute       db_write -o C:/OneDrive/Desktop/HLS-Tutorial/Exercise/0-LED_on/solution1/.autopilot/db/led_on.bind.adb -f 
INFO-FLOW: Finish binding led_on.
Execute       get_model_list led_on -filter all-wo-channel 
INFO-FLOW: Preprocessing for RTLGen ...
Execute       rtl_gen_preprocess led_on 
INFO-FLOW: Model list for RTL generation: led_on
INFO: [HLS 200-10] ----------------------------------------------------------------
INFO: [HLS 200-10] -- Generating RTL for module 'led_on' 
INFO: [HLS 200-10] ----------------------------------------------------------------
Execute       create_rtl_model led_on -top_prefix  -sub_prefix led_on_ -mg_file C:/OneDrive/Desktop/HLS-Tutorial/Exercise/0-LED_on/solution1/.autopilot/db/led_on.compgen.tcl 
INFO: [RTGEN 206-500] Setting interface mode on port 'led_on/o_led' to 'ap_none'.
WARNING: [RTGEN 206-101] Port 'o_led' with mode 'ap_none' may require an associated data valid signal to correctly communicate with other blocks or a test bench; automatic C/RTL co-simulation may not be able to verify such a port.
INFO: [RTGEN 206-500] Setting interface mode on function 'led_on' to 'ap_ctrl_none'.
INFO: [RTGEN 206-100] Finished creating RTL model for 'led_on'.
INFO: [HLS 200-111] Finished Creating RTL model: CPU user time: 0 seconds. CPU system time: 0 seconds. Elapsed time: 0.092 seconds; current allocated memory: 238.500 MB.
Execute       source C:/OneDrive/Desktop/HLS-Tutorial/Exercise/0-LED_on/solution1/.autopilot/db/led_on.rtl_wrap.cfg.tcl 
Execute       gen_rtl led_on -istop -style xilinx -f -lang vhdl -o C:/OneDrive/Desktop/HLS-Tutorial/Exercise/0-LED_on/solution1/syn/vhdl/led_on 
Execute       gen_rtl led_on -istop -style xilinx -f -lang vlog -o C:/OneDrive/Desktop/HLS-Tutorial/Exercise/0-LED_on/solution1/syn/verilog/led_on 
Execute       syn_report -csynth -model led_on -o C:/OneDrive/Desktop/HLS-Tutorial/Exercise/0-LED_on/solution1/syn/report/led_on_csynth.rpt 
Execute         list_part -family xc7z010-clg400-1 
Execute           ap_family_info -name xc7z010-clg400-1 -data names 
Execute           ap_part_info -quiet -name xc7z010-clg400-1 -data family 
Execute       syn_report -rtlxml -model led_on -o C:/OneDrive/Desktop/HLS-Tutorial/Exercise/0-LED_on/solution1/syn/report/led_on_csynth.xml 
Execute         list_part -family xc7z010-clg400-1 
Execute           ap_family_info -name xc7z010-clg400-1 -data names 
Execute           ap_part_info -quiet -name xc7z010-clg400-1 -data family 
Execute       syn_report -verbosereport -model led_on -o C:/OneDrive/Desktop/HLS-Tutorial/Exercise/0-LED_on/solution1/.autopilot/db/led_on.verbose.rpt 
Execute         list_part -family xc7z010-clg400-1 
Execute           ap_family_info -name xc7z010-clg400-1 -data names 
Execute           ap_part_info -quiet -name xc7z010-clg400-1 -data family 
Execute       db_write -model led_on -f -o C:/OneDrive/Desktop/HLS-Tutorial/Exercise/0-LED_on/solution1/.autopilot/db/led_on.adb 
Execute       db_write -model led_on -bindview -o C:/OneDrive/Desktop/HLS-Tutorial/Exercise/0-LED_on/solution1/.autopilot/db/design.bindinfo.xml 
Execute       gen_tb_info led_on -p C:/OneDrive/Desktop/HLS-Tutorial/Exercise/0-LED_on/solution1/.autopilot/db -o C:/OneDrive/Desktop/HLS-Tutorial/Exercise/0-LED_on/solution1/.autopilot/db/led_on 
Execute       export_constraint_db -f -tool general -o C:/OneDrive/Desktop/HLS-Tutorial/Exercise/0-LED_on/solution1/.autopilot/db/led_on.constraint.tcl 
Execute       syn_report -designview -model led_on -o C:/OneDrive/Desktop/HLS-Tutorial/Exercise/0-LED_on/solution1/.autopilot/db/led_on.design.xml 
Execute       syn_report -csynthDesign -model led_on -o C:/OneDrive/Desktop/HLS-Tutorial/Exercise/0-LED_on/solution1/syn/report/csynth.rpt -MHOut C:/OneDrive/Desktop/HLS-Tutorial/Exercise/0-LED_on/solution1/.autopilot/db/kernel_module_hierarchy.tcl 
Execute         list_part -family xc7z010-clg400-1 
Execute           ap_family_info -name xc7z010-clg400-1 -data names 
Execute           ap_part_info -quiet -name xc7z010-clg400-1 -data family 
Execute       syn_report -wcfg -model led_on -o C:/OneDrive/Desktop/HLS-Tutorial/Exercise/0-LED_on/solution1/.autopilot/db/led_on_dataflow_ana.wcfg 
Execute       syn_report -protoinst -model led_on -o C:/OneDrive/Desktop/HLS-Tutorial/Exercise/0-LED_on/solution1/.autopilot/db/led_on.protoinst 
Execute       sc_get_clocks led_on 
Execute       sc_get_portdomain led_on 
INFO-FLOW: Model list for RTL component generation: led_on
INFO-FLOW: Handling components in module [led_on] ... 
Execute       source C:/OneDrive/Desktop/HLS-Tutorial/Exercise/0-LED_on/solution1/.autopilot/db/led_on.compgen.tcl 
INFO-FLOW: Append model led_on
INFO-FLOW: Generating RTL model list ...
INFO-FLOW: All models in this session: led_on
INFO-FLOW: Generating C:/OneDrive/Desktop/HLS-Tutorial/Exercise/0-LED_on/solution1/.autopilot/db/autopilot.rtl.models.txt file...
INFO-FLOW: To file: write model led_on
INFO-FLOW: Generating C:/OneDrive/Desktop/HLS-Tutorial/Exercise/0-LED_on/solution1/.autopilot/db/autopilot.rtl.models.tcl file...
INFO-FLOW: Finished generating RTL model list.


INFO-FLOW: RTL Generation done.
INFO-FLOW: CAS Generation done.
INFO-FLOW: CBC Generation done.
INFO-FLOW: DBG:PROC: ::AESL_AUTOMG::auto_generate_csynth_design
INFO-FLOW: DBG:PUTS: read_platform_lib C:/OneDrive/Desktop/HLS-Tutorial/Exercise/0-LED_on/solution1/.autopilot/db/global.setting.tcl
Execute       source C:/Xilinx/Vitis_HLS/2023.2/common/technology/generic/autopilot/common.gen 
Execute         source C:/Xilinx/Vitis_HLS/2023.2/common/technology/generic/autopilot/APCoreGen.gen 
Execute       source C:/Xilinx/Vitis_HLS/2023.2/common/technology/generic/autopilot/op.gen 
Execute       source C:/Xilinx/Vitis_HLS/2023.2/common/technology/generic/autopilot/op_simcore.gen 
Execute       source C:/Xilinx/Vitis_HLS/2023.2/common/technology/generic/autopilot/interface.gen 
Execute       source C:/OneDrive/Desktop/HLS-Tutorial/Exercise/0-LED_on/solution1/.autopilot/db/global.setting.tcl 
Execute       source C:/Xilinx/Vitis_HLS/2023.2/common/technology/xilinx/common/xilinx.gen 
Execute         source C:/Xilinx/Vitis_HLS/2023.2/common/technology/xilinx/interface/plb46.gen 
Execute         source C:/Xilinx/Vitis_HLS/2023.2/common/technology/xilinx/interface/axi4.gen 
Execute         source C:/Xilinx/Vitis_HLS/2023.2/common/technology/xilinx/interface/nativeAXI4.gen 
Execute           source C:/Xilinx/Vitis_HLS/2023.2/common/technology/xilinx/interface/saxilite.gen 
Execute         source C:/Xilinx/Vitis_HLS/2023.2/common/technology/xilinx/scripts/xilinxcoregen.gen 
Execute         source C:/Xilinx/Vitis_HLS/2023.2/common/technology/xilinx/interface/XilEDKCoreGen.gen 
Execute         source C:/Xilinx/Vitis_HLS/2023.2/common/technology/xilinx/ip/dds_compiler.gen 
Execute         source C:/Xilinx/Vitis_HLS/2023.2/common/technology/xilinx/ip/util.gen 
Execute         source C:/Xilinx/Vitis_HLS/2023.2/common/technology/xilinx/ip/xfft.gen 
Execute         source C:/Xilinx/Vitis_HLS/2023.2/common/technology/xilinx/ip/xfir.gen 
Execute         source C:/Xilinx/Vitis_HLS/2023.2/common/technology/xilinx/DSP48/dsp48.gen 
Command       ap_source done; 0.114 sec.
INFO-FLOW: DBG:PUTS:   using AESL_AUTOCG::g_clock_period=10.000 (was NA)
INFO-FLOW: DBG:PROC: ::AESL_AUTOMG::generate_ip_cores gen_sim_model='1' gen_fp_models='0' gen_for_export='0' dstSCDir='' dstVhdlDir='C:/OneDrive/Desktop/HLS-Tutorial/Exercise/0-LED_on/solution1/.autopilot/db/vhdl' dstVlogDir='C:/OneDrive/Desktop/HLS-Tutorial/Exercise/0-LED_on/solution1/.autopilot/db/vlog' tclDir='C:/OneDrive/Desktop/HLS-Tutorial/Exercise/0-LED_on/solution1/.autopilot/db' modelList='led_on
' expOnly='0'
Execute       source C:/OneDrive/Desktop/HLS-Tutorial/Exercise/0-LED_on/solution1/.autopilot/db/global.setting.tcl 
Execute       ap_part_info -name xc7z010-clg400-1 -data names -quiet 
Execute       ap_part_info -name xc7z010-clg400-1 -data info -quiet 
Execute       source C:/OneDrive/Desktop/HLS-Tutorial/Exercise/0-LED_on/solution1/.autopilot/db/global.setting.tcl 
Execute       source C:/OneDrive/Desktop/HLS-Tutorial/Exercise/0-LED_on/solution1/.autopilot/db/global.setting.tcl 
Execute       source C:/OneDrive/Desktop/HLS-Tutorial/Exercise/0-LED_on/solution1/.autopilot/db/led_on.compgen.tcl 
INFO: [HLS 200-111] Finished Generating all RTL models: CPU user time: 0 seconds. CPU system time: 0 seconds. Elapsed time: 0.316 seconds; current allocated memory: 241.766 MB.
INFO-FLOW: DBG:PROC: ::HLSREPORTS::create_csynth_xml bind_info_var='bind_info' RtlSubPrefix='led_on_' outfile=''
INFO-FLOW: Running: create_csynth_xml read xml data
INFO-FLOW: Done: create_csynth_xml read xml data time: 0 seconds per iteration
INFO-FLOW: Running: create_csynth_xml bind info
INFO-FLOW: No bind nodes found for module_name led_on
INFO-FLOW: Done: create_csynth_xml bind info time: 0 seconds per iteration
INFO-FLOW: Running: create_csynth_xml config info
INFO-FLOW: Done: create_csynth_xml config info time: 0.4 seconds per iteration
INFO-FLOW: Running: create_csynth_xml write xml
INFO-FLOW: Done: create_csynth_xml write xml time: 0 seconds per iteration
INFO-FLOW: DBG:PUTS:      create_csynth_xml wrote csynth_xml=C:/OneDrive/Desktop/HLS-Tutorial/Exercise/0-LED_on/solution1/syn/report/csynth.xml
INFO-FLOW: DBG:PROC: ::AP::DESIGN_DATA::generate_json generate_bd_files='0' generate_xo_files='0' modelList='led_on
' rtl_lang='both' bootstrap_tcl='false' outdir='' outfilename=''
Execute       source C:/OneDrive/Desktop/HLS-Tutorial/Exercise/0-LED_on/solution1/.autopilot/db/global.setting.tcl 
Execute       source C:/OneDrive/Desktop/HLS-Tutorial/Exercise/0-LED_on/solution1/.autopilot/db/global.setting.tcl 
Execute       source C:/OneDrive/Desktop/HLS-Tutorial/Exercise/0-LED_on/solution1/.autopilot/db/top-io-be.tcl 
Execute       source C:/OneDrive/Desktop/HLS-Tutorial/Exercise/0-LED_on/solution1/.autopilot/db/led_on.tbgen.tcl 
Execute       source C:/OneDrive/Desktop/HLS-Tutorial/Exercise/0-LED_on/solution1/.autopilot/db/led_on.rtl_wrap.cfg.tcl 
Execute       source C:/OneDrive/Desktop/HLS-Tutorial/Exercise/0-LED_on/solution1/.autopilot/db/led_on.compgen.dataonly.tcl 
Execute       source C:/OneDrive/Desktop/HLS-Tutorial/Exercise/0-LED_on/solution1/.autopilot/db/led_on.tbgen.tcl 
Execute       source C:/OneDrive/Desktop/HLS-Tutorial/Exercise/0-LED_on/solution1/.autopilot/db/global.setting.tcl 
Execute       ap_part_info -name xc7z010-clg400-1 -data names -quiet 
Execute       ap_part_info -name xc7z010-clg400-1 -data info -quiet 
Execute       source C:/OneDrive/Desktop/HLS-Tutorial/Exercise/0-LED_on/solution1/.autopilot/db/led_on.constraint.tcl 
Execute       source C:/OneDrive/Desktop/HLS-Tutorial/Exercise/0-LED_on/solution1/.autopilot/db/global.setting.tcl 
INFO-FLOW: DBG:PROC: ::HLSREPORTS::add_csynth_report_sections bind_info_dict='adapter_nodes {} report_dict {TOPINST led_on MODULE2INSTS {led_on led_on} INST2MODULE {led_on led_on} INSTDATA {led_on {DEPTH 1 CHILDREN {}}} MODULEDATA {led_on {AREA {DSP 0 BRAM 0 URAM 0}}}}'
INFO-FLOW: DBG:PUTS:      update_csynth_reports json2rpt_hw_sw_interfaces
INFO-FLOW: Running: gen_csynth_sec_pragma
INFO-FLOW: Done: gen_csynth_sec_pragma time: 0 seconds per iteration
INFO-FLOW: DBG:PUTS:      update_csynth_reports wrote xml
INFO-FLOW: DBG:PUTS:      update_csynth_reports appended to csynth rpt file
INFO: [HLS 200-111] Finished Updating report files: CPU user time: 0 seconds. CPU system time: 0 seconds. Elapsed time: 0.583 seconds; current allocated memory: 245.965 MB.
INFO: [VHDL 208-304] Generating VHDL RTL for led_on.
INFO: [VLOG 209-307] Generating Verilog RTL for led_on.
Execute       syn_report -model led_on -printsummary 
INFO: [HLS 200-789] **** Estimated Fmax: 0.00 MHz
Command     autosyn done; 1.158 sec.
Command   csynth_design done; 10.776 sec.
INFO: [HLS 200-111] Finished Command csynth_design CPU user time: 0 seconds. CPU system time: 0 seconds. Elapsed time: 10.776 seconds; current allocated memory: 35.840 MB.
Command ap_source done; 13.863 sec.
Execute cleanup_all 
INFO-FLOW: Workspace C:/OneDrive/Desktop/HLS-Tutorial/Exercise/0-LED_on/solution1 opened at Thu Jun 27 21:55:50 +0330 2024
Execute     ap_set_clock -name default -period 10 -default=false 
INFO: [SYN 201-201] Setting up clock 'default' with a period of 10ns.
Execute     set_part xc7z010-clg400-1 
Execute       create_platform xc7z010-clg400-1 -board  
DBG:HLSDevice: Trying to load device library: C:/Xilinx/Vitis_HLS/2023.2\lib\win64.o\xv_hlsvwrap.dll
DBG:HLSDevice: first parts/arch.xml in RDI_DATADIR: C:/Xilinx/Vivado/2023.2/data/parts/arch.xml
DBG:HLSDevice: init success
INFO: [HLS 200-1611] Setting target device to 'xc7z010-clg400-1'
Command       create_platform done; 2.45 sec.
Execute       source C:/Xilinx/Vitis_HLS/2023.2/common/technology/xilinx/common/xilinx.gen 
Execute         source C:/Xilinx/Vitis_HLS/2023.2/common/technology/xilinx/interface/plb46.gen 
Execute         source C:/Xilinx/Vitis_HLS/2023.2/common/technology/xilinx/interface/axi4.gen 
Execute         source C:/Xilinx/Vitis_HLS/2023.2/common/technology/xilinx/interface/nativeAXI4.gen 
Execute           source C:/Xilinx/Vitis_HLS/2023.2/common/technology/xilinx/interface/saxilite.gen 
Execute         source C:/Xilinx/Vitis_HLS/2023.2/common/technology/xilinx/scripts/xilinxcoregen.gen 
Execute         source C:/Xilinx/Vitis_HLS/2023.2/common/technology/xilinx/interface/XilEDKCoreGen.gen 
Execute         source C:/Xilinx/Vitis_HLS/2023.2/common/technology/xilinx/ip/dds_compiler.gen 
Execute         source C:/Xilinx/Vitis_HLS/2023.2/common/technology/xilinx/ip/util.gen 
Execute         source C:/Xilinx/Vitis_HLS/2023.2/common/technology/xilinx/ip/xfft.gen 
Execute         source C:/Xilinx/Vitis_HLS/2023.2/common/technology/xilinx/ip/xfir.gen 
Execute         source C:/Xilinx/Vitis_HLS/2023.2/common/technology/xilinx/DSP48/dsp48.gen 
Command       ap_source done; 0.125 sec.
Execute       ap_part_info -name xc7z010-clg400-1 -data info 
Execute       config_compile -quiet -complex-mul-dsp=0 
Command     set_part done; 2.635 sec.
Execute     send_msg_by_id INFO @200-1505@%s%s  vivado 
INFO: [HLS 200-1505] Using flow_target 'vivado'
Execute     send_msg_by_id INFO @200-1464@%s config_export -format=sysgen 
INFO: [HLS 200-1464] Running solution command: config_export -format=sysgen
Execute     config_export -format=sysgen 
Execute     send_msg_by_id INFO @200-1464@%s config_export -output=C:/OneDrive/Desktop/HLS-Tutorial/Exercise/0-LED_on 
INFO: [HLS 200-1464] Running solution command: config_export -output=C:/OneDrive/Desktop/HLS-Tutorial/Exercise/0-LED_on
Execute     config_export -output=C:/OneDrive/Desktop/HLS-Tutorial/Exercise/0-LED_on 
Execute     send_msg_by_id INFO @200-1464@%s config_export -rtl=verilog 
INFO: [HLS 200-1464] Running solution command: config_export -rtl=verilog
Execute     config_export -rtl=verilog 
Command   open_solution done; 2.793 sec.
Execute   set_part xc7z010-clg400-1 
INFO: [HLS 200-1510] Running: set_part xc7z010-clg400-1 
Execute     create_platform xc7z010-clg400-1 -board  
Command     create_platform done; 0.149 sec.
Execute     source C:/Xilinx/Vitis_HLS/2023.2/common/technology/xilinx/common/xilinx.gen 
Execute       source C:/Xilinx/Vitis_HLS/2023.2/common/technology/xilinx/interface/plb46.gen 
Execute       source C:/Xilinx/Vitis_HLS/2023.2/common/technology/xilinx/interface/axi4.gen 
Execute       source C:/Xilinx/Vitis_HLS/2023.2/common/technology/xilinx/interface/nativeAXI4.gen 
Execute         source C:/Xilinx/Vitis_HLS/2023.2/common/technology/xilinx/interface/saxilite.gen 
Execute       source C:/Xilinx/Vitis_HLS/2023.2/common/technology/xilinx/scripts/xilinxcoregen.gen 
Execute       source C:/Xilinx/Vitis_HLS/2023.2/common/technology/xilinx/interface/XilEDKCoreGen.gen 
Execute       source C:/Xilinx/Vitis_HLS/2023.2/common/technology/xilinx/ip/dds_compiler.gen 
Execute       source C:/Xilinx/Vitis_HLS/2023.2/common/technology/xilinx/ip/util.gen 
Execute       source C:/Xilinx/Vitis_HLS/2023.2/common/technology/xilinx/ip/xfft.gen 
Execute       source C:/Xilinx/Vitis_HLS/2023.2/common/technology/xilinx/ip/xfir.gen 
Execute       source C:/Xilinx/Vitis_HLS/2023.2/common/technology/xilinx/DSP48/dsp48.gen 
Command     ap_source done; 0.114 sec.
Execute     ap_part_info -name xc7z010-clg400-1 -data info 
Execute     config_compile -quiet -complex-mul-dsp=0 
Command   set_part done; 0.319 sec.
Execute   create_clock -period 10 -name default 
INFO: [HLS 200-1510] Running: create_clock -period 10 -name default 
Execute   config_export -format sysgen -output C:/OneDrive/Desktop/HLS-Tutorial/Exercise/0-LED_on -rtl verilog 
INFO: [HLS 200-1510] Running: config_export -format sysgen -output C:/OneDrive/Desktop/HLS-Tutorial/Exercise/0-LED_on -rtl verilog 
Execute   source ./0-LED_on/solution1/directives.tcl 
INFO: [HLS 200-1510] Running: source ./0-LED_on/solution1/directives.tcl
Execute     set_directive_top -name led_on led_on 
INFO: [HLS 200-1510] Running: set_directive_top -name led_on led_on 
Execute   export_design -rtl verilog -format sysgen -output C:/OneDrive/Desktop/HLS-Tutorial/Exercise/0-LED_on 
INFO: [HLS 200-1510] Running: export_design -rtl verilog -format sysgen -output C:/OneDrive/Desktop/HLS-Tutorial/Exercise/0-LED_on 
Execute     config_export -format=sysgen -output=C:/OneDrive/Desktop/HLS-Tutorial/Exercise/0-LED_on -rtl=verilog 
INFO-FLOW: DBG:PUTS: export_design_wrap: -format sysgen -rtl verilog
Execute     source C:/OneDrive/Desktop/HLS-Tutorial/Exercise/0-LED_on/solution1/.autopilot/db/global.setting.tcl 
INFO-FLOW: DBG:PUTS:   auto_impl: pack: -export -rtl verilog
INFO-FLOW: DBG:PROC: ::AESL_AUTOIMPL::auto_impl args='-export -rtl verilog'
Execute     source C:/OneDrive/Desktop/HLS-Tutorial/Exercise/0-LED_on/solution1/.autopilot/db/global.setting.tcl 
INFO: [IMPL 213-8] Exporting RTL as a Vivado IP.
INFO-FLOW: DBG:PUTS: automg_wrap -export -pcore_version 1.00.a -rtl vlog -tool Vivado -impltomg_flag
INFO-FLOW: DBG:PROC: ::AESL_AUTOMG::auto_generate args='-export -pcore_version 1.00.a -rtl vlog -tool Vivado -impltomg_flag'
INFO-FLOW: DBG:PUTS:     auto_generate -export -pcore_version 1.00.a -rtl vlog -tool Vivado -impltomg_flag
Execute     source C:/OneDrive/Desktop/HLS-Tutorial/Exercise/0-LED_on/solution1/.autopilot/db/global.setting.tcl 
INFO-FLOW: DBG:PUTS: read_platform_lib C:/OneDrive/Desktop/HLS-Tutorial/Exercise/0-LED_on/solution1/.autopilot/db/global.setting.tcl
Execute     source C:/Xilinx/Vitis_HLS/2023.2/common/technology/generic/autopilot/common.gen 
Execute       source C:/Xilinx/Vitis_HLS/2023.2/common/technology/generic/autopilot/APCoreGen.gen 
Execute     source C:/Xilinx/Vitis_HLS/2023.2/common/technology/generic/autopilot/op.gen 
Execute     source C:/Xilinx/Vitis_HLS/2023.2/common/technology/generic/autopilot/op_simcore.gen 
Execute     source C:/Xilinx/Vitis_HLS/2023.2/common/technology/generic/autopilot/interface.gen 
Execute     source C:/OneDrive/Desktop/HLS-Tutorial/Exercise/0-LED_on/solution1/.autopilot/db/global.setting.tcl 
Execute     source C:/Xilinx/Vitis_HLS/2023.2/common/technology/xilinx/common/xilinx.gen 
Execute       source C:/Xilinx/Vitis_HLS/2023.2/common/technology/xilinx/interface/plb46.gen 
Execute       source C:/Xilinx/Vitis_HLS/2023.2/common/technology/xilinx/interface/axi4.gen 
Execute       source C:/Xilinx/Vitis_HLS/2023.2/common/technology/xilinx/interface/nativeAXI4.gen 
Execute         source C:/Xilinx/Vitis_HLS/2023.2/common/technology/xilinx/interface/saxilite.gen 
Execute       source C:/Xilinx/Vitis_HLS/2023.2/common/technology/xilinx/scripts/xilinxcoregen.gen 
Execute       source C:/Xilinx/Vitis_HLS/2023.2/common/technology/xilinx/interface/XilEDKCoreGen.gen 
Execute       source C:/Xilinx/Vitis_HLS/2023.2/common/technology/xilinx/ip/dds_compiler.gen 
Execute       source C:/Xilinx/Vitis_HLS/2023.2/common/technology/xilinx/ip/util.gen 
Execute       source C:/Xilinx/Vitis_HLS/2023.2/common/technology/xilinx/ip/xfft.gen 
Execute       source C:/Xilinx/Vitis_HLS/2023.2/common/technology/xilinx/ip/xfir.gen 
Execute       source C:/Xilinx/Vitis_HLS/2023.2/common/technology/xilinx/DSP48/dsp48.gen 
Command     ap_source done; 0.114 sec.
INFO-FLOW: DBG:PUTS:   using AESL_AUTOCG::g_clock_period=10.000 (was NA)
INFO-FLOW: DBG:PUTS:       initCTypeInfo top_module=led_on xml_exists=0
Execute     source C:/OneDrive/Desktop/HLS-Tutorial/Exercise/0-LED_on/solution1/.autopilot/db/led_on.rtl_wrap.cfg.tcl 
Execute     source C:/OneDrive/Desktop/HLS-Tutorial/Exercise/0-LED_on/solution1/.autopilot/db/led_on.rtl_wrap.cfg.tcl 
Execute     source C:/OneDrive/Desktop/HLS-Tutorial/Exercise/0-LED_on/solution1/.autopilot/db/led_on.rtl_wrap.cfg.tcl 
Execute     source C:/OneDrive/Desktop/HLS-Tutorial/Exercise/0-LED_on/solution1/.autopilot/db/led_on.tbgen.tcl 
Execute     source C:/OneDrive/Desktop/HLS-Tutorial/Exercise/0-LED_on/solution1/.autopilot/db/led_on.tbgen.tcl 
Execute     source C:/OneDrive/Desktop/HLS-Tutorial/Exercise/0-LED_on/solution1/.autopilot/db/global.setting.tcl 
Execute     source C:/OneDrive/Desktop/HLS-Tutorial/Exercise/0-LED_on/solution1/.autopilot/db/led_on.tbgen.tcl 
INFO-FLOW: DBG:PUTS:       cosim_export_main adding deadlock detection to led_on
INFO-FLOW: DBG:PUTS: Skipping loadAnalyze_DB, #g_database=1
INFO-FLOW: DBG:PUTS:       generate_json generate_bd_files=0 generate_xo_files=false #modelList=1 #gSsdmPorts=0
INFO-FLOW: DBG:PROC: ::AP::DESIGN_DATA::generate_json generate_bd_files='0' generate_xo_files='false' modelList='led_on
' rtl_lang='vlog' bootstrap_tcl='false' outdir='' outfilename=''
Execute     source C:/Xilinx/Vitis_HLS/2023.2/tps/tcl/tcllib1.11.1/yaml/huddle.tcl 
Execute     source C:/Xilinx/Vitis_HLS/2023.2/tps/tcl/tcllib1.11.1/yaml/json2huddle.tcl 
Execute       source C:/Xilinx/Vitis_HLS/2023.2/tps/tcl/tcllib1.11.1/try/try.tcl 
Execute     source C:/OneDrive/Desktop/HLS-Tutorial/Exercise/0-LED_on/solution1/.autopilot/db/global.setting.tcl 
Execute     source C:/OneDrive/Desktop/HLS-Tutorial/Exercise/0-LED_on/solution1/.autopilot/db/global.setting.tcl 
Execute     source C:/OneDrive/Desktop/HLS-Tutorial/Exercise/0-LED_on/solution1/.autopilot/db/top-io-be.tcl 
Execute     source C:/OneDrive/Desktop/HLS-Tutorial/Exercise/0-LED_on/solution1/.autopilot/db/led_on.tbgen.tcl 
Execute     source C:/OneDrive/Desktop/HLS-Tutorial/Exercise/0-LED_on/solution1/.autopilot/db/led_on.rtl_wrap.cfg.tcl 
Execute     source C:/OneDrive/Desktop/HLS-Tutorial/Exercise/0-LED_on/solution1/.autopilot/db/led_on.compgen.dataonly.tcl 
Execute     source C:/OneDrive/Desktop/HLS-Tutorial/Exercise/0-LED_on/solution1/.autopilot/db/led_on.tbgen.tcl 
Execute     source C:/OneDrive/Desktop/HLS-Tutorial/Exercise/0-LED_on/solution1/.autopilot/db/global.setting.tcl 
Execute     ap_part_info -name xc7z010-clg400-1 -data names -quiet 
Execute     ap_part_info -name xc7z010-clg400-1 -data info -quiet 
Execute     source C:/OneDrive/Desktop/HLS-Tutorial/Exercise/0-LED_on/solution1/.autopilot/db/led_on.constraint.tcl 
Execute     source C:/OneDrive/Desktop/HLS-Tutorial/Exercise/0-LED_on/solution1/.autopilot/db/global.setting.tcl 
Execute     source C:/OneDrive/Desktop/HLS-Tutorial/Exercise/0-LED_on/solution1/.autopilot/db/global.setting.tcl 
Execute     source C:/OneDrive/Desktop/HLS-Tutorial/Exercise/0-LED_on/solution1/.autopilot/db/led_on.tbgen.tcl 
INFO-FLOW: DBG:PUTS:       cosim_export_main adding deadlock detection to led_on
INFO-FLOW: DBG:PUTS:       generate_ip_script #gSsdmPorts=0 g_lang=vlog is_sdaccel=false is_sdsoc=true xo_file=
Execute     ap_part_info -name xc7z010-clg400-1 -data names -quiet 
Execute     ap_part_info -name xc7z010-clg400-1 -data info -quiet 
Execute     ap_part_info -name xc7z010-clg400-1 -data names -quiet 
Execute     ap_part_info -name xc7z010-clg400-1 -data info -quiet 
Execute     source C:/OneDrive/Desktop/HLS-Tutorial/Exercise/0-LED_on/solution1/.autopilot/db/led_on.tbgen.tcl 
Execute     source C:/OneDrive/Desktop/HLS-Tutorial/Exercise/0-LED_on/solution1/.autopilot/db/led_on.tbgen.tcl 
Execute     source C:/OneDrive/Desktop/HLS-Tutorial/Exercise/0-LED_on/solution1/.autopilot/db/global.setting.tcl 
INFO-FLOW: DBG:PUTS:       generate_top_info
INFO-FLOW: DBG:PUTS:       prepArgInfo -> loadAnalyze_DB top_module=led_on
Execute     source C:/OneDrive/Desktop/HLS-Tutorial/Exercise/0-LED_on/solution1/.autopilot/db/led_on.rtl_wrap.cfg.tcl 
Execute     source C:/OneDrive/Desktop/HLS-Tutorial/Exercise/0-LED_on/solution1/.autopilot/db/led_on.rtl_wrap.cfg.tcl 
Execute     source C:/OneDrive/Desktop/HLS-Tutorial/Exercise/0-LED_on/solution1/.autopilot/db/led_on.rtl_wrap.cfg.tcl 
Execute     source C:/OneDrive/Desktop/HLS-Tutorial/Exercise/0-LED_on/solution1/.autopilot/db/led_on.tbgen.tcl 
Execute     source C:/OneDrive/Desktop/HLS-Tutorial/Exercise/0-LED_on/solution1/.autopilot/db/led_on.tbgen.tcl 
Execute     ap_part_info -name xc7z010-clg400-1 -data names -quiet 
Execute     ap_part_info -name xc7z010-clg400-1 -data info -quiet 
Execute     ap_part_info -name xc7z010-clg400-1 -data names -quiet 
Execute     ap_part_info -name xc7z010-clg400-1 -data info -quiet 
Execute     source C:/OneDrive/Desktop/HLS-Tutorial/Exercise/0-LED_on/solution1/.autopilot/db/global.setting.tcl 
Execute     source C:/OneDrive/Desktop/HLS-Tutorial/Exercise/0-LED_on/solution1/.autopilot/db/led_on.constraint.tcl 
INFO-FLOW: DBG:PUTS:       generate_syn_sh
Execute     ap_part_info -name xc7z010-clg400-1 -data names -quiet 
Execute     ap_part_info -name xc7z010-clg400-1 -data info -quiet 
Execute     source C:/OneDrive/Desktop/HLS-Tutorial/Exercise/0-LED_on/solution1/.autopilot/db/global.setting.tcl 
INFO-FLOW: DBG:PUTS:       generate_imp_constraints
Execute     ap_part_info -name xc7z010-clg400-1 -data names -quiet 
Execute     ap_part_info -name xc7z010-clg400-1 -data info -quiet 
Execute     source C:/OneDrive/Desktop/HLS-Tutorial/Exercise/0-LED_on/solution1/.autopilot/db/led_on.constraint.tcl 
INFO-FLOW: DBG:PUTS:       delete-temp-dirs (skipped for debug)
Execute     ap_part_info -name xc7z010-clg400-1 -data names -quiet 
Execute     ap_part_info -name xc7z010-clg400-1 -data info -quiet 
INFO-FLOW: DBG:PUTS: read_platform_lib C:/OneDrive/Desktop/HLS-Tutorial/Exercise/0-LED_on/solution1/.autopilot/db/global.setting.tcl
Execute     source C:/Xilinx/Vitis_HLS/2023.2/common/technology/generic/autopilot/common.gen 
Execute       source C:/Xilinx/Vitis_HLS/2023.2/common/technology/generic/autopilot/APCoreGen.gen 
Execute     source C:/Xilinx/Vitis_HLS/2023.2/common/technology/generic/autopilot/op.gen 
Execute     source C:/Xilinx/Vitis_HLS/2023.2/common/technology/generic/autopilot/op_simcore.gen 
Execute     source C:/Xilinx/Vitis_HLS/2023.2/common/technology/generic/autopilot/interface.gen 
Execute     source C:/OneDrive/Desktop/HLS-Tutorial/Exercise/0-LED_on/solution1/.autopilot/db/global.setting.tcl 
Execute     source C:/Xilinx/Vitis_HLS/2023.2/common/technology/xilinx/common/xilinx.gen 
Execute       source C:/Xilinx/Vitis_HLS/2023.2/common/technology/xilinx/interface/plb46.gen 
Execute       source C:/Xilinx/Vitis_HLS/2023.2/common/technology/xilinx/interface/axi4.gen 
Execute       source C:/Xilinx/Vitis_HLS/2023.2/common/technology/xilinx/interface/nativeAXI4.gen 
Execute         source C:/Xilinx/Vitis_HLS/2023.2/common/technology/xilinx/interface/saxilite.gen 
Execute       source C:/Xilinx/Vitis_HLS/2023.2/common/technology/xilinx/scripts/xilinxcoregen.gen 
Execute       source C:/Xilinx/Vitis_HLS/2023.2/common/technology/xilinx/interface/XilEDKCoreGen.gen 
Execute       source C:/Xilinx/Vitis_HLS/2023.2/common/technology/xilinx/ip/dds_compiler.gen 
Execute       source C:/Xilinx/Vitis_HLS/2023.2/common/technology/xilinx/ip/util.gen 
Execute       source C:/Xilinx/Vitis_HLS/2023.2/common/technology/xilinx/ip/xfft.gen 
Execute       source C:/Xilinx/Vitis_HLS/2023.2/common/technology/xilinx/ip/xfir.gen 
Execute       source C:/Xilinx/Vitis_HLS/2023.2/common/technology/xilinx/DSP48/dsp48.gen 
Command     ap_source done; 0.111 sec.
INFO-FLOW: DBG:PUTS:     IP package: exec C:/OneDrive/Desktop/HLS-Tutorial/Exercise/0-LED_on/solution1/impl/ip/pack.bat
INFO-FLOW: DBG:PUTS:     IP package: success C:/OneDrive/Desktop/HLS-Tutorial/Exercise/0-LED_on/solution1/impl/ip/pack.bat
Execute     send_msg_by_id INFO @200-802@%s 0-LED_on/export.zip 
INFO: [HLS 200-802] Generated output file 0-LED_on/export.zip
Command   export_design done; 18.177 sec.
INFO: [HLS 200-111] Finished Command export_design CPU user time: 0 seconds. CPU system time: 1 seconds. Elapsed time: 18.177 seconds; current allocated memory: 6.172 MB.
Command ap_source done; 21.342 sec.
Execute cleanup_all 
