INFO-FLOW: Workspace C:/OneDrive/Desktop/HLS-Tutorial/Take-Home-Ex/6-Combinational_Circuit/Ex1/solution1 opened at Wed Jul 24 21:58:25 +0330 2024
Execute     ap_set_clock -name default -period 10 -default=false 
INFO: [SYN 201-201] Setting up clock 'default' with a period of 10ns.
Execute     set_part xcvu11p-flga2577-1-e 
Execute       create_platform xcvu11p-flga2577-1-e -board  
DBG:HLSDevice: Trying to load device library: C:/Xilinx/Vitis_HLS/2023.2\lib\win64.o\xv_hlsvwrap.dll
DBG:HLSDevice: first parts/arch.xml in RDI_DATADIR: C:/Xilinx/Vivado/2023.2/data/parts/arch.xml
DBG:HLSDevice: init success
INFO: [HLS 200-1611] Setting target device to 'xcvu11p-flga2577-1-e'
Command       create_platform done; 2.513 sec.
Execute       source C:/Xilinx/Vitis_HLS/2023.2/common/technology/xilinx/common/xilinx.gen 
Execute         source C:/Xilinx/Vitis_HLS/2023.2/common/technology/xilinx/interface/plb46.gen 
Execute         source C:/Xilinx/Vitis_HLS/2023.2/common/technology/xilinx/interface/axi4.gen 
Execute         source C:/Xilinx/Vitis_HLS/2023.2/common/technology/xilinx/interface/nativeAXI4.gen 
Execute           source C:/Xilinx/Vitis_HLS/2023.2/common/technology/xilinx/interface/saxilite.gen 
Execute         source C:/Xilinx/Vitis_HLS/2023.2/common/technology/xilinx/scripts/xilinxcoregen.gen 
Execute         source C:/Xilinx/Vitis_HLS/2023.2/common/technology/xilinx/interface/XilEDKCoreGen.gen 
Execute         source C:/Xilinx/Vitis_HLS/2023.2/common/technology/xilinx/ip/dds_compiler.gen 
Execute         source C:/Xilinx/Vitis_HLS/2023.2/common/technology/xilinx/ip/util.gen 
Execute         source C:/Xilinx/Vitis_HLS/2023.2/common/technology/xilinx/ip/xfft.gen 
Command         ap_source done; 0.103 sec.
Execute         source C:/Xilinx/Vitis_HLS/2023.2/common/technology/xilinx/ip/xfir.gen 
Execute         source C:/Xilinx/Vitis_HLS/2023.2/common/technology/xilinx/DSP48/dsp48.gen 
Command       ap_source done; 0.257 sec.
Execute       ap_part_info -name xcvu11p-flga2577-1-e -data info 
Execute       config_compile -quiet -complex-mul-dsp=0 
Command     set_part done; 2.828 sec.
Execute     send_msg_by_id INFO @200-1505@%s%s  vivado 
INFO: [HLS 200-1505] Using flow_target 'vivado'
Command   open_solution done; 3.004 sec.
Execute   set_part xcvu11p-flga2577-1-e 
INFO: [HLS 200-1510] Running: set_part xcvu11p-flga2577-1-e 
Execute     create_platform xcvu11p-flga2577-1-e -board  
Command     create_platform done; 0.147 sec.
Execute     source C:/Xilinx/Vitis_HLS/2023.2/common/technology/xilinx/common/xilinx.gen 
Execute       source C:/Xilinx/Vitis_HLS/2023.2/common/technology/xilinx/interface/plb46.gen 
Execute       source C:/Xilinx/Vitis_HLS/2023.2/common/technology/xilinx/interface/axi4.gen 
Execute       source C:/Xilinx/Vitis_HLS/2023.2/common/technology/xilinx/interface/nativeAXI4.gen 
Execute         source C:/Xilinx/Vitis_HLS/2023.2/common/technology/xilinx/interface/saxilite.gen 
Execute       source C:/Xilinx/Vitis_HLS/2023.2/common/technology/xilinx/scripts/xilinxcoregen.gen 
Execute       source C:/Xilinx/Vitis_HLS/2023.2/common/technology/xilinx/interface/XilEDKCoreGen.gen 
Execute       source C:/Xilinx/Vitis_HLS/2023.2/common/technology/xilinx/ip/dds_compiler.gen 
Execute       source C:/Xilinx/Vitis_HLS/2023.2/common/technology/xilinx/ip/util.gen 
Execute       source C:/Xilinx/Vitis_HLS/2023.2/common/technology/xilinx/ip/xfft.gen 
Execute       source C:/Xilinx/Vitis_HLS/2023.2/common/technology/xilinx/ip/xfir.gen 
Execute       source C:/Xilinx/Vitis_HLS/2023.2/common/technology/xilinx/DSP48/dsp48.gen 
Command     ap_source done; 0.116 sec.
Execute     ap_part_info -name xcvu11p-flga2577-1-e -data info 
Execute     config_compile -quiet -complex-mul-dsp=0 
Command   set_part done; 0.321 sec.
Execute   create_clock -period 10 -name default 
INFO: [HLS 200-1510] Running: create_clock -period 10 -name default 
Execute     ap_set_clock -name default -period 10 -default=false 
INFO: [SYN 201-201] Setting up clock 'default' with a period of 10ns.
Execute   csynth_design 
INFO: [HLS 200-1510] Running: csynth_design 
INFO-FLOW: Running SLX 'csynth' proc: ::SLX::run_csynth
Execute     elaborate -effort=medium -skip_syncheck=0 -keep_printf=0 -skip_cdt=0 -skip_transform=0 -ng=0 -g=0 -opt_fp=0 -from_csynth_design=1 
INFO: [HLS 200-111] Finished File checks and directory preparation: CPU user time: 0 seconds. CPU system time: 0 seconds. Elapsed time: 0.125 seconds; current allocated memory: 210.871 MB.
Execute       set_directive_top boolean_expression -name=boolean_expression 
Execute       source C:/Xilinx/Vitis_HLS/2023.2/tps/tcl/tcllib1.11.1/yaml/huddle.tcl 
Execute       source C:/Xilinx/Vitis_HLS/2023.2/tps/tcl/tcllib1.11.1/yaml/json2huddle.tcl 
Execute         source C:/Xilinx/Vitis_HLS/2023.2/tps/tcl/tcllib1.11.1/try/try.tcl 
INFO: [HLS 200-10] Analyzing design file 'Ex1/src/boolean_expression.cpp' ... 
INFO-FLOW: Compiling one TU...
INFO-FLOW: Handling Ex1/src/boolean_expression.cpp as C++
Execute       ap_part_info -name xcvu11p-flga2577-1-e -data info 
INFO-FLOW: Running: GCC PP 39
INFO-FLOW: Source preprocessing
INFO-FLOW: run_clang exec: C:/Xilinx/Vitis_HLS/2023.2/win64/tools/clang-3.9-csynth/bin/clang Ex1/src/boolean_expression.cpp -foptimization-record-file=C:/OneDrive/Desktop/HLS-Tutorial/Take-Home-Ex/6-Combinational_Circuit/Ex1/solution1/.autopilot/db/boolean_expression.cpp.clang.diag.yml -mllvm -pass-remarks-missed=reflow|pasta|unroll -mllvm -pass-remarks=reflow|pasta|unroll|inline -fno-limit-debug-info --sysroot C:/Xilinx/Vitis_HLS/2023.2/tps/mingw/8.3.0/win64.o/nt -fhls -fno-exceptions -insert-hls-directive=C:/OneDrive/Desktop/HLS-Tutorial/Take-Home-Ex/6-Combinational_Circuit/Ex1/solution1/.autopilot/db/all.directive.json -E -fno-math-errno -c -emit-llvm -mllvm -disable-llvm-optzns -Werror=implicit-function-declaration -Werror=implicit-hls-streams -Werror=return-type -Wpragmas -Wunused-parameter -Wdump-hls-pragmas -Wno-error=dump-hls-pragmas -hls-clock-period=10 -fno-threadsafe-statics -fno-use-cxa-atexit -std=gnu++14 -target fpga64-xilinx-mingw32 -fno-threadsafe-statics -fno-use-cxa-atexit -D__VITIS_HLS__ -DAESL_SYN -D__SYNTHESIS__ -D__HLS_SYN__ -I C:/Xilinx/Vitis_HLS/2023.2/common/technology/autopilot -I C:/Xilinx/Vitis_HLS/2023.2/common/technology/autopilot/ap_sysc -include etc/autopilot_ssdm_op.h -D__DSP48E2__ -I /usr/include/x86_64-linux-gnu -o C:/OneDrive/Desktop/HLS-Tutorial/Take-Home-Ex/6-Combinational_Circuit/Ex1/solution1/.autopilot/db/boolean_expression.pp.0.cpp {-hls-platform-db-name=C:/Xilinx/Vitis_HLS/2023.2\common/technology\xilinx/common/platform.db} -hls-platform-name=virtexuplus_slow -device-resource-info=BRAM_4032.000000_DSP_9216.000000_FF_2592000.000000_LUT_1296000.000000_SLICE_162000.000000_SLR_3.000000_URAM_960.000000 -device-name-info=xcvu11p-flga2577-1-e > C:/OneDrive/Desktop/HLS-Tutorial/Take-Home-Ex/6-Combinational_Circuit/Ex1/solution1/.autopilot/db/boolean_expression.cpp.clang.out.log 2> C:/OneDrive/Desktop/HLS-Tutorial/Take-Home-Ex/6-Combinational_Circuit/Ex1/solution1/.autopilot/db/boolean_expression.cpp.clang.err.log
INFO-FLOW: Done: GCC PP 39 time: 0.7 seconds per iteration
INFO-FLOW: Source syntax check for synthesis
INFO-FLOW: run_clang exec: C:/Xilinx/Vitis_HLS/2023.2/win64/tools/clang-3.9-csynth/bin/clang -foptimization-record-file=C:/OneDrive/Desktop/HLS-Tutorial/Take-Home-Ex/6-Combinational_Circuit/Ex1/solution1/.autopilot/db/clang.diag.yml -mllvm -pass-remarks-missed=reflow|pasta|unroll -mllvm -pass-remarks=reflow|pasta|unroll|inline -fsyntax-only -fhls -target fpga64-xilinx-linux-gnu C:/OneDrive/Desktop/HLS-Tutorial/Take-Home-Ex/6-Combinational_Circuit/Ex1/solution1/.autopilot/db/boolean_expression.pp.0.cpp {-hls-platform-db-name=C:/Xilinx/Vitis_HLS/2023.2\common/technology\xilinx/common/platform.db} -hls-platform-name=virtexuplus_slow -device-resource-info=BRAM_4032.000000_DSP_9216.000000_FF_2592000.000000_LUT_1296000.000000_SLICE_162000.000000_SLR_3.000000_URAM_960.000000 -device-name-info=xcvu11p-flga2577-1-e > C:/OneDrive/Desktop/HLS-Tutorial/Take-Home-Ex/6-Combinational_Circuit/Ex1/solution1/.autopilot/db/clang.out.log 2> C:/OneDrive/Desktop/HLS-Tutorial/Take-Home-Ex/6-Combinational_Circuit/Ex1/solution1/.autopilot/db/clang.err.log
WARNING: [HLS 207-4671] '^' within '|' (Ex1/src/boolean_expression.cpp:20:20)
INFO: [HLS 207-4428] place parentheses around the '^' expression to silence this warning (Ex1/src/boolean_expression.cpp:20:20)
Execute       clang_tidy xilinx-systemc-detector -desc systemc-detector C:/OneDrive/Desktop/HLS-Tutorial/Take-Home-Ex/6-Combinational_Circuit/Ex1/solution1/.autopilot/db/boolean_expression.pp.0.cpp std=gnu++14 -target fpga  -directive=C:/OneDrive/Desktop/HLS-Tutorial/Take-Home-Ex/6-Combinational_Circuit/Ex1/solution1/.autopilot/db/.systemc_flag 
INFO-FLOW: exec C:/Xilinx/Vitis_HLS/2023.2/win64/tools/clang-3.9-csynth/bin/clang-tidy -header-filter=.* --checks=-*,xilinx-systemc-detector -import-directive=C:/OneDrive/Desktop/HLS-Tutorial/Take-Home-Ex/6-Combinational_Circuit/Ex1/solution1/.autopilot/db/.systemc_flag -fix-errors C:/OneDrive/Desktop/HLS-Tutorial/Take-Home-Ex/6-Combinational_Circuit/Ex1/solution1/.autopilot/db/boolean_expression.pp.0.cpp -- -std=gnu++14 -target fpga -fhls -ferror-limit=0
Command       clang_tidy done; 0.208 sec.
INFO-FLOW: Running: clang-tidy CDT preprocess 39
Execute       clang_tidy xilinx-directive2pragma -desc directive2pragma C:/OneDrive/Desktop/HLS-Tutorial/Take-Home-Ex/6-Combinational_Circuit/Ex1/solution1/.autopilot/db/boolean_expression.pp.0.cpp std=gnu++14 -target fpga  -directive=C:/OneDrive/Desktop/HLS-Tutorial/Take-Home-Ex/6-Combinational_Circuit/Ex1/solution1/.autopilot/db/all.directive.json 
INFO-FLOW: exec C:/Xilinx/Vitis_HLS/2023.2/win64/tools/clang-3.9-csynth/bin/clang-tidy -header-filter=.* --checks=-*,xilinx-directive2pragma -import-directive=C:/OneDrive/Desktop/HLS-Tutorial/Take-Home-Ex/6-Combinational_Circuit/Ex1/solution1/.autopilot/db/all.directive.json -fix-errors C:/OneDrive/Desktop/HLS-Tutorial/Take-Home-Ex/6-Combinational_Circuit/Ex1/solution1/.autopilot/db/boolean_expression.pp.0.cpp -- -std=gnu++14 -target fpga -fhls -ferror-limit=0
Command       clang_tidy done; 0.101 sec.
INFO-FLOW: Done: clang-tidy CDT preprocess 39 time: 0.1 seconds per iteration
INFO-FLOW: Calling xilinx-label-all-loops ... 
INFO-FLOW: Calling xilinx-aggregate-on-hls-vector ... 
Execute       clang_tidy -errorcheck -desc loop-label xilinx-label-all-loops,xilinx-aggregate-on-hls-vector,,xilinx-warn-mayneed-no-ctor-attribute C:/OneDrive/Desktop/HLS-Tutorial/Take-Home-Ex/6-Combinational_Circuit/Ex1/solution1/.autopilot/db/boolean_expression.pp.0.cpp std=gnu++14 -target fpga  
INFO-FLOW: run_clang exec: C:/Xilinx/Vitis_HLS/2023.2/win64/tools/clang-3.9-csynth/bin/clang-tidy -export-fixes=C:/OneDrive/Desktop/HLS-Tutorial/Take-Home-Ex/6-Combinational_Circuit/Ex1/solution1/.autopilot/db/boolean_expression.pp.0.cpp.clang-tidy.loop-label.diag.yml -header-filter=.* --checks=-*,xilinx-label-all-loops,xilinx-aggregate-on-hls-vector,,xilinx-warn-mayneed-no-ctor-attribute -fix-errors C:/OneDrive/Desktop/HLS-Tutorial/Take-Home-Ex/6-Combinational_Circuit/Ex1/solution1/.autopilot/db/boolean_expression.pp.0.cpp -- -std=gnu++14 -target fpga -fhls -ferror-limit=0 > C:/OneDrive/Desktop/HLS-Tutorial/Take-Home-Ex/6-Combinational_Circuit/Ex1/solution1/.autopilot/db/boolean_expression.pp.0.cpp.clang-tidy.loop-label.out.log 2> C:/OneDrive/Desktop/HLS-Tutorial/Take-Home-Ex/6-Combinational_Circuit/Ex1/solution1/.autopilot/db/boolean_expression.pp.0.cpp.clang-tidy.loop-label.err.log
INFO-FLOW: run_clang exec: C:/Xilinx/Vitis_HLS/2023.2/win64/tools/clang-3.9-csynth/bin/xilinx-dataflow-lawyer -export-fixes=C:/OneDrive/Desktop/HLS-Tutorial/Take-Home-Ex/6-Combinational_Circuit/Ex1/solution1/.autopilot/db/boolean_expression.pp.0.cpp.xilinx-dataflow-lawyer.diag.yml C:/OneDrive/Desktop/HLS-Tutorial/Take-Home-Ex/6-Combinational_Circuit/Ex1/solution1/.autopilot/db/boolean_expression.pp.0.cpp -- -std=gnu++14 -target fpga -fhls -ferror-limit=0 -fstrict-dataflow > C:/OneDrive/Desktop/HLS-Tutorial/Take-Home-Ex/6-Combinational_Circuit/Ex1/solution1/.autopilot/db/boolean_expression.pp.0.cpp.xilinx-dataflow-lawyer.out.log 2> C:/OneDrive/Desktop/HLS-Tutorial/Take-Home-Ex/6-Combinational_Circuit/Ex1/solution1/.autopilot/db/boolean_expression.pp.0.cpp.xilinx-dataflow-lawyer.err.log
Execute       ap_part_info -name xcvu11p-flga2577-1-e -data info 
INFO-FLOW: compiling source code to llvm bc
INFO-FLOW: run_clang exec: C:/Xilinx/Vitis_HLS/2023.2/win64/tools/clang-3.9-csynth/bin/clang -foptimization-record-file=C:/OneDrive/Desktop/HLS-Tutorial/Take-Home-Ex/6-Combinational_Circuit/Ex1/solution1/.autopilot/db/boolean_expression.pp.0.cpp.clang.diag.yml -mllvm -pass-remarks-missed=reflow|pasta|unroll -mllvm -pass-remarks=reflow|pasta|unroll|inline -fno-limit-debug-info -fhls -flto -fno-exceptions -Wno-error=c++11-narrowing -hls-emit-hint-scope C:/OneDrive/Desktop/HLS-Tutorial/Take-Home-Ex/6-Combinational_Circuit/Ex1/solution1/.autopilot/db/boolean_expression.pp.0.cpp -fno-math-errno -c -emit-llvm -mllvm -disable-llvm-optzns -Werror=implicit-function-declaration -Werror=implicit-hls-streams -Werror=return-type -Wpragmas -Wunused-parameter -Wdump-hls-pragmas -Wno-error=dump-hls-pragmas -hls-clock-period=10 -fno-threadsafe-statics -fno-use-cxa-atexit -std=gnu++14 -target fpga64-xilinx-linux-gnu -D__VITIS_HLS__ -DAESL_SYN -D__SYNTHESIS__ -D__HLS_SYN__ -I C:/Xilinx/Vitis_HLS/2023.2/common/technology/autopilot -I C:/Xilinx/Vitis_HLS/2023.2/common/technology/autopilot/ap_sysc -include etc/autopilot_ssdm_op.h -D__DSP48E2__ -g -o C:/OneDrive/Desktop/HLS-Tutorial/Take-Home-Ex/6-Combinational_Circuit/Ex1/solution1/.autopilot/db/boolean_expression.bc {-hls-platform-db-name=C:/Xilinx/Vitis_HLS/2023.2\common/technology\xilinx/common/platform.db} -hls-platform-name=virtexuplus_slow -device-resource-info=BRAM_4032.000000_DSP_9216.000000_FF_2592000.000000_LUT_1296000.000000_SLICE_162000.000000_SLR_3.000000_URAM_960.000000 -device-name-info=xcvu11p-flga2577-1-e > C:/OneDrive/Desktop/HLS-Tutorial/Take-Home-Ex/6-Combinational_Circuit/Ex1/solution1/.autopilot/db/boolean_expression.pp.0.cpp.clang.out.log 2> C:/OneDrive/Desktop/HLS-Tutorial/Take-Home-Ex/6-Combinational_Circuit/Ex1/solution1/.autopilot/db/boolean_expression.pp.0.cpp.clang.err.log
INFO: [HLS 200-111] Finished Source Code Analysis and Preprocessing: CPU user time: 0 seconds. CPU system time: 0 seconds. Elapsed time: 2.319 seconds; current allocated memory: 212.023 MB.
INFO-FLOW: Linking Debug ...
INFO-FLOW: Linking dut bc code.
Execute       run_link_or_opt -out C:/OneDrive/Desktop/HLS-Tutorial/Take-Home-Ex/6-Combinational_Circuit/Ex1/solution1/.autopilot/db/a.g.ld.0.bc -args  "C:/OneDrive/Desktop/HLS-Tutorial/Take-Home-Ex/6-Combinational_Circuit/Ex1/solution1/.autopilot/db/boolean_expression.g.bc"  
INFO-FLOW: run_clang exec: C:/Xilinx/Vitis_HLS/2023.2/win64/tools/clang-3.9-csynth/bin/llvm-link C:/OneDrive/Desktop/HLS-Tutorial/Take-Home-Ex/6-Combinational_Circuit/Ex1/solution1/.autopilot/db/boolean_expression.g.bc -o C:/OneDrive/Desktop/HLS-Tutorial/Take-Home-Ex/6-Combinational_Circuit/Ex1/solution1/.autopilot/db/a.g.ld.0.bc > C:/OneDrive/Desktop/HLS-Tutorial/Take-Home-Ex/6-Combinational_Circuit/Ex1/solution1/.autopilot/db/a.g.ld.0.bc.llvm-link.out.log 2> C:/OneDrive/Desktop/HLS-Tutorial/Take-Home-Ex/6-Combinational_Circuit/Ex1/solution1/.autopilot/db/a.g.ld.0.bc.llvm-link.err.log
INFO-FLOW: 
Execute       run_link_or_opt -opt -out C:/OneDrive/Desktop/HLS-Tutorial/Take-Home-Ex/6-Combinational_Circuit/Ex1/solution1/.autopilot/db/a.g.ld.1.lower.bc -args C:/OneDrive/Desktop/HLS-Tutorial/Take-Home-Ex/6-Combinational_Circuit/Ex1/solution1/.autopilot/db/a.g.ld.0.bc -reflow-lower-math-intrinsics 
INFO-FLOW: run_clang exec: C:/Xilinx/Vitis_HLS/2023.2/win64/tools/clang-3.9-csynth/bin/opt -pass-remarks-missed=reflow|pasta|unroll -pass-remarks=reflow|pasta|unroll|inline -pass-remarks-output=C:/OneDrive/Desktop/HLS-Tutorial/Take-Home-Ex/6-Combinational_Circuit/Ex1/solution1/.autopilot/db/a.g.ld.1.lower.bc.opt.diag.yml C:/OneDrive/Desktop/HLS-Tutorial/Take-Home-Ex/6-Combinational_Circuit/Ex1/solution1/.autopilot/db/a.g.ld.0.bc -reflow-lower-math-intrinsics -o C:/OneDrive/Desktop/HLS-Tutorial/Take-Home-Ex/6-Combinational_Circuit/Ex1/solution1/.autopilot/db/a.g.ld.1.lower.bc > C:/OneDrive/Desktop/HLS-Tutorial/Take-Home-Ex/6-Combinational_Circuit/Ex1/solution1/.autopilot/db/a.g.ld.1.lower.bc.opt.out.log 2> C:/OneDrive/Desktop/HLS-Tutorial/Take-Home-Ex/6-Combinational_Circuit/Ex1/solution1/.autopilot/db/a.g.ld.1.lower.bc.opt.err.log
INFO-FLOW: 
INFO-FLOW: Running: gen_design_size_report post-opt
INFO-FLOW: Done: gen_design_size_report post-opt time: 0 seconds per iteration
Command       run_link_or_opt done; 0.266 sec.
INFO-FLOW: Linking math bc lib
Execute       run_link_or_opt -out C:/OneDrive/Desktop/HLS-Tutorial/Take-Home-Ex/6-Combinational_Circuit/Ex1/solution1/.autopilot/db/a.g.ld.2.m1.bc -args C:/OneDrive/Desktop/HLS-Tutorial/Take-Home-Ex/6-Combinational_Circuit/Ex1/solution1/.autopilot/db/a.g.ld.1.lower.bc -only-needed C:/Xilinx/Vitis_HLS/2023.2/win64/lib/libhlsm_39.bc C:/Xilinx/Vitis_HLS/2023.2/win64/lib/libhlsmc++_39.bc 
INFO-FLOW: run_clang exec: C:/Xilinx/Vitis_HLS/2023.2/win64/tools/clang-3.9-csynth/bin/llvm-link C:/OneDrive/Desktop/HLS-Tutorial/Take-Home-Ex/6-Combinational_Circuit/Ex1/solution1/.autopilot/db/a.g.ld.1.lower.bc -only-needed C:/Xilinx/Vitis_HLS/2023.2/win64/lib/libhlsm_39.bc C:/Xilinx/Vitis_HLS/2023.2/win64/lib/libhlsmc++_39.bc -o C:/OneDrive/Desktop/HLS-Tutorial/Take-Home-Ex/6-Combinational_Circuit/Ex1/solution1/.autopilot/db/a.g.ld.2.m1.bc > C:/OneDrive/Desktop/HLS-Tutorial/Take-Home-Ex/6-Combinational_Circuit/Ex1/solution1/.autopilot/db/a.g.ld.2.m1.bc.llvm-link.out.log 2> C:/OneDrive/Desktop/HLS-Tutorial/Take-Home-Ex/6-Combinational_Circuit/Ex1/solution1/.autopilot/db/a.g.ld.2.m1.bc.llvm-link.err.log
INFO-FLOW: 
Command       run_link_or_opt done; 2.185 sec.
Execute       run_link_or_opt -opt -out C:/OneDrive/Desktop/HLS-Tutorial/Take-Home-Ex/6-Combinational_Circuit/Ex1/solution1/.autopilot/db/a.g.ld.3.fpc.bc -args C:/OneDrive/Desktop/HLS-Tutorial/Take-Home-Ex/6-Combinational_Circuit/Ex1/solution1/.autopilot/db/a.g.ld.2.m1.bc -reflow-globaldce -hls-top-function-name=boolean_expression -reflow-float-conversion 
INFO-FLOW: run_clang exec: C:/Xilinx/Vitis_HLS/2023.2/win64/tools/clang-3.9-csynth/bin/opt -pass-remarks-missed=reflow|pasta|unroll -pass-remarks=reflow|pasta|unroll|inline -pass-remarks-output=C:/OneDrive/Desktop/HLS-Tutorial/Take-Home-Ex/6-Combinational_Circuit/Ex1/solution1/.autopilot/db/a.g.ld.3.fpc.bc.opt.diag.yml C:/OneDrive/Desktop/HLS-Tutorial/Take-Home-Ex/6-Combinational_Circuit/Ex1/solution1/.autopilot/db/a.g.ld.2.m1.bc -reflow-globaldce -hls-top-function-name=boolean_expression -reflow-float-conversion -o C:/OneDrive/Desktop/HLS-Tutorial/Take-Home-Ex/6-Combinational_Circuit/Ex1/solution1/.autopilot/db/a.g.ld.3.fpc.bc > C:/OneDrive/Desktop/HLS-Tutorial/Take-Home-Ex/6-Combinational_Circuit/Ex1/solution1/.autopilot/db/a.g.ld.3.fpc.bc.opt.out.log 2> C:/OneDrive/Desktop/HLS-Tutorial/Take-Home-Ex/6-Combinational_Circuit/Ex1/solution1/.autopilot/db/a.g.ld.3.fpc.bc.opt.err.log
INFO-FLOW: 
INFO-FLOW: Running: gen_design_size_report post-opt
INFO-FLOW: Done: gen_design_size_report post-opt time: 0 seconds per iteration
Command       run_link_or_opt done; 0.922 sec.
Execute       run_link_or_opt -out C:/OneDrive/Desktop/HLS-Tutorial/Take-Home-Ex/6-Combinational_Circuit/Ex1/solution1/.autopilot/db/a.g.ld.4.m2.bc -args C:/OneDrive/Desktop/HLS-Tutorial/Take-Home-Ex/6-Combinational_Circuit/Ex1/solution1/.autopilot/db/a.g.ld.3.fpc.bc -only-needed C:/Xilinx/Vitis_HLS/2023.2/win64/lib/libfloatconversion_39.bc 
INFO-FLOW: run_clang exec: C:/Xilinx/Vitis_HLS/2023.2/win64/tools/clang-3.9-csynth/bin/llvm-link C:/OneDrive/Desktop/HLS-Tutorial/Take-Home-Ex/6-Combinational_Circuit/Ex1/solution1/.autopilot/db/a.g.ld.3.fpc.bc -only-needed C:/Xilinx/Vitis_HLS/2023.2/win64/lib/libfloatconversion_39.bc -o C:/OneDrive/Desktop/HLS-Tutorial/Take-Home-Ex/6-Combinational_Circuit/Ex1/solution1/.autopilot/db/a.g.ld.4.m2.bc > C:/OneDrive/Desktop/HLS-Tutorial/Take-Home-Ex/6-Combinational_Circuit/Ex1/solution1/.autopilot/db/a.g.ld.4.m2.bc.llvm-link.out.log 2> C:/OneDrive/Desktop/HLS-Tutorial/Take-Home-Ex/6-Combinational_Circuit/Ex1/solution1/.autopilot/db/a.g.ld.4.m2.bc.llvm-link.err.log
INFO-FLOW: 
Execute       run_link_or_opt -opt -out C:/OneDrive/Desktop/HLS-Tutorial/Take-Home-Ex/6-Combinational_Circuit/Ex1/solution1/.autopilot/db/a.g.ld.5.gdce.bc -args C:/OneDrive/Desktop/HLS-Tutorial/Take-Home-Ex/6-Combinational_Circuit/Ex1/solution1/.autopilot/db/a.g.ld.4.m2.bc -reflow-globaldce -hls-top-function-name=boolean_expression 
INFO-FLOW: run_clang exec: C:/Xilinx/Vitis_HLS/2023.2/win64/tools/clang-3.9-csynth/bin/opt -pass-remarks-missed=reflow|pasta|unroll -pass-remarks=reflow|pasta|unroll|inline -pass-remarks-output=C:/OneDrive/Desktop/HLS-Tutorial/Take-Home-Ex/6-Combinational_Circuit/Ex1/solution1/.autopilot/db/a.g.ld.5.gdce.bc.opt.diag.yml C:/OneDrive/Desktop/HLS-Tutorial/Take-Home-Ex/6-Combinational_Circuit/Ex1/solution1/.autopilot/db/a.g.ld.4.m2.bc -reflow-globaldce -hls-top-function-name=boolean_expression -o C:/OneDrive/Desktop/HLS-Tutorial/Take-Home-Ex/6-Combinational_Circuit/Ex1/solution1/.autopilot/db/a.g.ld.5.gdce.bc > C:/OneDrive/Desktop/HLS-Tutorial/Take-Home-Ex/6-Combinational_Circuit/Ex1/solution1/.autopilot/db/a.g.ld.5.gdce.bc.opt.out.log 2> C:/OneDrive/Desktop/HLS-Tutorial/Take-Home-Ex/6-Combinational_Circuit/Ex1/solution1/.autopilot/db/a.g.ld.5.gdce.bc.opt.err.log
INFO-FLOW: 
INFO-FLOW: Running: gen_design_size_report post-opt
INFO-FLOW: Done: gen_design_size_report post-opt time: 0 seconds per iteration
Execute       send_msg_by_id INFO @200-777@%s Vivado 
INFO: [HLS 200-777] Using interface defaults for 'Vivado' flow target.
Execute       is_m_axi_addr64 
INFO-FLOW: Doing LTO.
INFO-FLOW: run_clang (background poll_ms 5000) exec: C:/Xilinx/Vitis_HLS/2023.2/win64/tools/clang-3.9-csynth/bin/clang -foptimization-record-file=C:/OneDrive/Desktop/HLS-Tutorial/Take-Home-Ex/6-Combinational_Circuit/Ex1/solution1/.autopilot/db/a.g.ld.0.bc.clang.reflow.diag.yml -mllvm -pass-remarks-missed=reflow|pasta|unroll -mllvm -pass-remarks=reflow|pasta|unroll|inline -fhls -mllvm -hls-top-function-name=boolean_expression -mllvm -hls-db-dir -mllvm C:/OneDrive/Desktop/HLS-Tutorial/Take-Home-Ex/6-Combinational_Circuit/Ex1/solution1/.autopilot/db -emit-llvm -c -target fpga64-xilinx-none -mllvm -xcl-xmlinfo=C:/OneDrive/Desktop/HLS-Tutorial/Take-Home-Ex/6-Combinational_Circuit/Ex1/solution1/.autopilot/db/kernel.internal.xml -mllvm -top-io-mapping-info=C:/OneDrive/Desktop/HLS-Tutorial/Take-Home-Ex/6-Combinational_Circuit/Ex1/solution1/.autopilot/db/top-io-fe.xml -mllvm -hls-bitcode-version=3.1 -mllvm -reflow-enable-slave-interface-default-setting=true -mllvm -gen-kernel-xml=false -mllvm -default-maxi-offset=slave -mllvm -maxi-latency=0 -mllvm -hls-maxi-data-size-in-bits=8 -mllvm -hls-maxi-max-data-size-in-bits=1024 -mllvm -hls-max-widen-size-in-bits=0 -mllvm -xcl-kernel-max-mem-ports=0 -mllvm -maxi-read-trans=16 -mllvm -maxi-write-trans=16 -mllvm -maxi-read-burst-len=16 -mllvm -maxi-write-burst-len=16 -mllvm -reflow-enable-saxi-64bits=0 -mllvm -reflow-basic-block-instr-threshold=200000 -mllvm -reflow-auto-pipeline-threshold=64 -mllvm -reflow-enable-maxi-auto-id-channel=0 -mllvm -enable-fp-thr=0 -mllvm -reflow-bdd-simplify-threshold=1048576 -mllvm -reflow-fanout-threshold=16 -mllvm -assume-maxi-align=1 -mllvm -reflow-pipeline-style-llvm-setting=2 -mllvm -reflow-enable-dataflow-strict-mode-checking=1 -ftime-report -mllvm -time-passes -mllvm -reflow-auto-array-partition-mode=default -mllvm -reflow-enable-auto-array-partition=true -mllvm -reflow-enable-auto-parallel-performance-driven=true -mllvm -reflow-enable-partition-for-automation=true -mllvm -reflow-aggregate-bitwidth-threshold=4096 -mllvm -reflow-reserved-saxilite-registers=0 -mllvm -enable-reflow-auto-loop-pipeline -mllvm -reflow-max-unroll-threshold=409600 -mllvm -reflow-assume-no-address-wrap=true -mllvm -reflow-enable-occurrence-inference=true -mllvm -reflow-emit-hint-scope=true -mllvm -hls -mllvm -disable-inlined-alloca-merging=true -mllvm -default-clock-period=10 -x ir C:/OneDrive/Desktop/HLS-Tutorial/Take-Home-Ex/6-Combinational_Circuit/Ex1/solution1/.autopilot/db/a.g.ld.5.gdce.bc -o C:/OneDrive/Desktop/HLS-Tutorial/Take-Home-Ex/6-Combinational_Circuit/Ex1/solution1/.autopilot/db/a.g.lto.bc {-hls-platform-db-name=C:/Xilinx/Vitis_HLS/2023.2\common/technology\xilinx/common/platform.db} -hls-platform-name=virtexuplus_slow -device-resource-info=BRAM_4032.000000_DSP_9216.000000_FF_2592000.000000_LUT_1296000.000000_SLICE_162000.000000_SLR_3.000000_URAM_960.000000 -device-name-info=xcvu11p-flga2577-1-e 2> C:/OneDrive/Desktop/HLS-Tutorial/Take-Home-Ex/6-Combinational_Circuit/Ex1/solution1/.autopilot/db/a.g.ld.0.bc.clang.reflow.err.log bg_poll_cmd: ::AP::poll_clang_39_closed_source
Execute       send_msg_by_id INFO @200-1995@%s%s%s 24 Compile/Link C:/OneDrive/Desktop/HLS-Tutorial/Take-Home-Ex/6-Combinational_Circuit/Ex1/solution1/syn/report/csynth_design_size.rpt 
INFO: [HLS 200-1995] There were 24 instructions in the design after the 'Compile/Link' phase of compilation. See the Design Size Report for more details: C:/OneDrive/Desktop/HLS-Tutorial/Take-Home-Ex/6-Combinational_Circuit/Ex1/solution1/syn/report/csynth_design_size.rpt
Execute       send_msg_by_id INFO @200-1995@%s%s%s 20 Unroll/Inline (step 1) C:/OneDrive/Desktop/HLS-Tutorial/Take-Home-Ex/6-Combinational_Circuit/Ex1/solution1/syn/report/csynth_design_size.rpt 
INFO: [HLS 200-1995] There were 20 instructions in the design after the 'Unroll/Inline (step 1)' phase of compilation. See the Design Size Report for more details: C:/OneDrive/Desktop/HLS-Tutorial/Take-Home-Ex/6-Combinational_Circuit/Ex1/solution1/syn/report/csynth_design_size.rpt
Execute       send_msg_by_id INFO @200-1995@%s%s%s 18 Unroll/Inline (step 2) C:/OneDrive/Desktop/HLS-Tutorial/Take-Home-Ex/6-Combinational_Circuit/Ex1/solution1/syn/report/csynth_design_size.rpt 
INFO: [HLS 200-1995] There were 18 instructions in the design after the 'Unroll/Inline (step 2)' phase of compilation. See the Design Size Report for more details: C:/OneDrive/Desktop/HLS-Tutorial/Take-Home-Ex/6-Combinational_Circuit/Ex1/solution1/syn/report/csynth_design_size.rpt
Execute       send_msg_by_id INFO @200-1995@%s%s%s 18 Unroll/Inline (step 3) C:/OneDrive/Desktop/HLS-Tutorial/Take-Home-Ex/6-Combinational_Circuit/Ex1/solution1/syn/report/csynth_design_size.rpt 
INFO: [HLS 200-1995] There were 18 instructions in the design after the 'Unroll/Inline (step 3)' phase of compilation. See the Design Size Report for more details: C:/OneDrive/Desktop/HLS-Tutorial/Take-Home-Ex/6-Combinational_Circuit/Ex1/solution1/syn/report/csynth_design_size.rpt
Execute       send_msg_by_id INFO @200-1995@%s%s%s 18 Unroll/Inline (step 4) C:/OneDrive/Desktop/HLS-Tutorial/Take-Home-Ex/6-Combinational_Circuit/Ex1/solution1/syn/report/csynth_design_size.rpt 
INFO: [HLS 200-1995] There were 18 instructions in the design after the 'Unroll/Inline (step 4)' phase of compilation. See the Design Size Report for more details: C:/OneDrive/Desktop/HLS-Tutorial/Take-Home-Ex/6-Combinational_Circuit/Ex1/solution1/syn/report/csynth_design_size.rpt
Execute       send_msg_by_id INFO @200-1995@%s%s%s 18 Array/Struct (step 1) C:/OneDrive/Desktop/HLS-Tutorial/Take-Home-Ex/6-Combinational_Circuit/Ex1/solution1/syn/report/csynth_design_size.rpt 
INFO: [HLS 200-1995] There were 18 instructions in the design after the 'Array/Struct (step 1)' phase of compilation. See the Design Size Report for more details: C:/OneDrive/Desktop/HLS-Tutorial/Take-Home-Ex/6-Combinational_Circuit/Ex1/solution1/syn/report/csynth_design_size.rpt
Execute       send_msg_by_id INFO @200-1995@%s%s%s 18 Array/Struct (step 2) C:/OneDrive/Desktop/HLS-Tutorial/Take-Home-Ex/6-Combinational_Circuit/Ex1/solution1/syn/report/csynth_design_size.rpt 
INFO: [HLS 200-1995] There were 18 instructions in the design after the 'Array/Struct (step 2)' phase of compilation. See the Design Size Report for more details: C:/OneDrive/Desktop/HLS-Tutorial/Take-Home-Ex/6-Combinational_Circuit/Ex1/solution1/syn/report/csynth_design_size.rpt
Execute       send_msg_by_id INFO @200-1995@%s%s%s 18 Array/Struct (step 3) C:/OneDrive/Desktop/HLS-Tutorial/Take-Home-Ex/6-Combinational_Circuit/Ex1/solution1/syn/report/csynth_design_size.rpt 
INFO: [HLS 200-1995] There were 18 instructions in the design after the 'Array/Struct (step 3)' phase of compilation. See the Design Size Report for more details: C:/OneDrive/Desktop/HLS-Tutorial/Take-Home-Ex/6-Combinational_Circuit/Ex1/solution1/syn/report/csynth_design_size.rpt
Execute       send_msg_by_id INFO @200-1995@%s%s%s 18 Array/Struct (step 4) C:/OneDrive/Desktop/HLS-Tutorial/Take-Home-Ex/6-Combinational_Circuit/Ex1/solution1/syn/report/csynth_design_size.rpt 
INFO: [HLS 200-1995] There were 18 instructions in the design after the 'Array/Struct (step 4)' phase of compilation. See the Design Size Report for more details: C:/OneDrive/Desktop/HLS-Tutorial/Take-Home-Ex/6-Combinational_Circuit/Ex1/solution1/syn/report/csynth_design_size.rpt
Execute       send_msg_by_id INFO @200-1995@%s%s%s 18 Array/Struct (step 5) C:/OneDrive/Desktop/HLS-Tutorial/Take-Home-Ex/6-Combinational_Circuit/Ex1/solution1/syn/report/csynth_design_size.rpt 
INFO: [HLS 200-1995] There were 18 instructions in the design after the 'Array/Struct (step 5)' phase of compilation. See the Design Size Report for more details: C:/OneDrive/Desktop/HLS-Tutorial/Take-Home-Ex/6-Combinational_Circuit/Ex1/solution1/syn/report/csynth_design_size.rpt
Execute       send_msg_by_id INFO @200-1995@%s%s%s 18 Performance (step 1) C:/OneDrive/Desktop/HLS-Tutorial/Take-Home-Ex/6-Combinational_Circuit/Ex1/solution1/syn/report/csynth_design_size.rpt 
INFO: [HLS 200-1995] There were 18 instructions in the design after the 'Performance (step 1)' phase of compilation. See the Design Size Report for more details: C:/OneDrive/Desktop/HLS-Tutorial/Take-Home-Ex/6-Combinational_Circuit/Ex1/solution1/syn/report/csynth_design_size.rpt
Execute       send_msg_by_id INFO @200-1995@%s%s%s 18 Performance (step 2) C:/OneDrive/Desktop/HLS-Tutorial/Take-Home-Ex/6-Combinational_Circuit/Ex1/solution1/syn/report/csynth_design_size.rpt 
INFO: [HLS 200-1995] There were 18 instructions in the design after the 'Performance (step 2)' phase of compilation. See the Design Size Report for more details: C:/OneDrive/Desktop/HLS-Tutorial/Take-Home-Ex/6-Combinational_Circuit/Ex1/solution1/syn/report/csynth_design_size.rpt
Execute       send_msg_by_id INFO @200-1995@%s%s%s 18 Performance (step 3) C:/OneDrive/Desktop/HLS-Tutorial/Take-Home-Ex/6-Combinational_Circuit/Ex1/solution1/syn/report/csynth_design_size.rpt 
INFO: [HLS 200-1995] There were 18 instructions in the design after the 'Performance (step 3)' phase of compilation. See the Design Size Report for more details: C:/OneDrive/Desktop/HLS-Tutorial/Take-Home-Ex/6-Combinational_Circuit/Ex1/solution1/syn/report/csynth_design_size.rpt
Execute       send_msg_by_id INFO @200-1995@%s%s%s 18 Performance (step 4) C:/OneDrive/Desktop/HLS-Tutorial/Take-Home-Ex/6-Combinational_Circuit/Ex1/solution1/syn/report/csynth_design_size.rpt 
INFO: [HLS 200-1995] There were 18 instructions in the design after the 'Performance (step 4)' phase of compilation. See the Design Size Report for more details: C:/OneDrive/Desktop/HLS-Tutorial/Take-Home-Ex/6-Combinational_Circuit/Ex1/solution1/syn/report/csynth_design_size.rpt
Execute       send_msg_by_id INFO @200-1995@%s%s%s 26 HW Transforms (step 1) C:/OneDrive/Desktop/HLS-Tutorial/Take-Home-Ex/6-Combinational_Circuit/Ex1/solution1/syn/report/csynth_design_size.rpt 
INFO: [HLS 200-1995] There were 26 instructions in the design after the 'HW Transforms (step 1)' phase of compilation. See the Design Size Report for more details: C:/OneDrive/Desktop/HLS-Tutorial/Take-Home-Ex/6-Combinational_Circuit/Ex1/solution1/syn/report/csynth_design_size.rpt
Execute       send_msg_by_id INFO @200-1995@%s%s%s 27 HW Transforms (step 2) C:/OneDrive/Desktop/HLS-Tutorial/Take-Home-Ex/6-Combinational_Circuit/Ex1/solution1/syn/report/csynth_design_size.rpt 
INFO: [HLS 200-1995] There were 27 instructions in the design after the 'HW Transforms (step 2)' phase of compilation. See the Design Size Report for more details: C:/OneDrive/Desktop/HLS-Tutorial/Take-Home-Ex/6-Combinational_Circuit/Ex1/solution1/syn/report/csynth_design_size.rpt
INFO-FLOW: DBG:PUTS: copy_raw_kernel_xml ap_link_39: kernel.xml not generated: C:/OneDrive/Desktop/HLS-Tutorial/Take-Home-Ex/6-Combinational_Circuit/Ex1/solution1/.autopilot/db/kernel.internal.xml
INFO: [HLS 200-111] Finished Compiling Optimization and Transform: CPU user time: 0 seconds. CPU system time: 0 seconds. Elapsed time: 8.829 seconds; current allocated memory: 213.738 MB.
INFO: [HLS 200-111] Finished Checking Pragmas: CPU user time: 0 seconds. CPU system time: 0 seconds. Elapsed time: 0.002 seconds; current allocated memory: 213.738 MB.
Execute       opt_and_import_c a -opt_level=2 -skip_syncheck=0 -ng=0 -keep_printf=0 
Execute         cleanup_all_models 
INFO: [HLS 200-10] Starting code transformations ...
INFO-FLOW: Running Standard Transforms...
Execute         transform -hls -share-std-xform -demangle-name -inline-byval-memcpy -always-inline -promote-dbg-pointer -interface-preproc -mem2reg -scalarrepl -mem2reg -keep-read-access -instcombine -dce -promote-dbg-pointer -bitop-raise -loop-simplify -indvarspre -indvars -loop-simplify -xunroll -constprop -instcombine -simplifycfg -indvars -simplifycfg -dce -globaldce -basicaa -simplifycfg -mem2reg -globalopt -global-constprop -deadargelim -instcombine -simplifycfg -scalarrepl -instcombine -reassociate -licm -simplifycfg -loop-simplify -indvars -instcombine -simplifycfg -mem2reg -loop-simplify -indvars -instcombine -gvn -gvn -instcombine -adce -break-crit-edges -simplifycfg -loop-delete -global-array-opt -dce -dse -adce -find-syn-modules -top boolean_expression -deadargelim -mem2reg -instcombine -dce -presyn-prepare -interface-preproc -syn-check -check-rec-only -find-region -simplifycfg -func-extr -function-inline -globaldce -mem2reg -instcombine -dce -gvn -globaldce -adce -adse -constprop -instcombine -bit-constprop -instcombine -dce -simplifycfg -bitop-raise -simplifycfg -dce -loop-delete -reassociate -globalopt -global-privatize -mem2reg -dce -global-constprop -pointer-simplify -constprop -dce -auto-shift-reg-idiom -promote-dbg-pointer -norm-name C:/OneDrive/Desktop/HLS-Tutorial/Take-Home-Ex/6-Combinational_Circuit/Ex1/solution1/.autopilot/db/a.g.0.bc -o C:/OneDrive/Desktop/HLS-Tutorial/Take-Home-Ex/6-Combinational_Circuit/Ex1/solution1/.autopilot/db/a.g.1.bc -f -phase std-opt 
Command         transform done; 0.286 sec.
INFO: [HLS 200-111] Finished Standard Transforms: CPU user time: 0 seconds. CPU system time: 0 seconds. Elapsed time: 0.306 seconds; current allocated memory: 217.879 MB.
INFO: [HLS 200-10] Checking synthesizability ...
INFO-FLOW: Checking Synthesizability 1/2..
Execute         transform -hls -syn-check -check-rec-only -scalarrepl -norm-name -dce -mem2reg -instcombine -directive-preproc -mem2reg -dse -dce -dce -pag -array-normalize -instcombine -dce -array-seg-normalize -instcombine -dce -data-pack -instcombine -dce -inst-simplify -array-flatten -instcombine -dce -array-burst -dce -deadargelim -promote-global-argument -simplifycfg -mem2reg -globaldce -dce -deadargelim -dce -instcombine -function-inline -globaldce -dce -doublePtrSimplify -doublePtrElim -dce -doublePtrSimplify -promote-dbg-pointer -dce -scalarrepl -dse -adse -instcombine -ptrLegalization -simplifycfg -dce -instcombine -pointer-simplify -ptrArgReplace -dce -instcombine -resolve-double-ptr -scalarrepl -norm-name -dce -mem2reg -instcombine -ptrLegalization -simplifycfg -deadargelim -instcombine -dce -inst-simplify -directive-preproc -mem2reg -dse -dce -globaldce C:/OneDrive/Desktop/HLS-Tutorial/Take-Home-Ex/6-Combinational_Circuit/Ex1/solution1/.autopilot/db/a.g.1.bc -o C:/OneDrive/Desktop/HLS-Tutorial/Take-Home-Ex/6-Combinational_Circuit/Ex1/solution1/.autopilot/db/a.g.2.prechk.bc -f 
INFO-FLOW: Checking Synthesizability 2/2..
Execute         transform -syn-check C:/OneDrive/Desktop/HLS-Tutorial/Take-Home-Ex/6-Combinational_Circuit/Ex1/solution1/.autopilot/db/a.g.2.prechk.bc -o C:/OneDrive/Desktop/HLS-Tutorial/Take-Home-Ex/6-Combinational_Circuit/Ex1/solution1/.autopilot/db/a.g.2.bc -f -phase syn-check 
INFO: [HLS 200-111] Finished Checking Synthesizability: CPU user time: 0 seconds. CPU system time: 0 seconds. Elapsed time: 0.076 seconds; current allocated memory: 219.094 MB.
INFO-FLOW: Compiler optimizing ...
INFO-FLOW: Share syncheck's 1.bc for syn flow: copy C:/OneDrive/Desktop/HLS-Tutorial/Take-Home-Ex/6-Combinational_Circuit/Ex1/solution1/.autopilot/db/a.g.1.bc to C:/OneDrive/Desktop/HLS-Tutorial/Take-Home-Ex/6-Combinational_Circuit/Ex1/solution1/.autopilot/db/a.o.1.bc
INFO-FLOW: Presyn 1...
Execute         transform -hls -tmp C:/OneDrive/Desktop/HLS-Tutorial/Take-Home-Ex/6-Combinational_Circuit/Ex1/solution1/.autopilot/db -interface-port-rename -directive-preproc -mem2reg -dse -dce -scalarrepl -norm-name -deadargelim -mem2reg -instcombine -dce -simplifycfg -dce -resource-proc -clib-intrinsic-prepare -dce -func-buffer -dce -pag -array-normalize -func-legal -instcombine -gvn -constprop -dce -simplifycfg -mem2reg -globaldce -resolve-double-ptr -dce -deadargelim -dce -instcombine -ptrArgReplace -mem2reg -dce -array-seg-normalize -deadargelim -instcombine -dce -directive-preproc -mem2reg -dse -dce -pointer-simplify -dce -port-alignment -dce -interface-preproc -data-pack -instcombine -dce -basicaa -aggr-aa -aggrmodref-aa -aggr-aa -gvn -gvn -basicaa -aggr-aa -aggrmodref-aa -aggr-aa -dse -adse -adce -loop-simplify -indvars -instcombine -gvn -loop-simplify -mem2reg -dce -find-region -instcombine -inst-simplify -interface-preproc -cfgopt -instcombine -indvars -auto-loop-unroll -loop-simplify -loop-bound -xunroll -constprop -instcombine -simplifycfg -indvars -simplifycfg -dce -globaldce -clean-region -attach-range -gvn -inst-simplify -constprop -simplifycfg -dce -pointer-simplify -dce -globalopt -constprop -dce -array-promote -scalar-auto-dep-elim -constprop -dce -ptrArgReplace -mem2reg -simplifycfg -dce -instcombine -dce -array-transform-check -array-reshape -instcombine -simplifycfg -dce -ptrArgReplace -deadargelim -mem2reg -instcombine -simplifycfg -dce -indvars -loop-simplify -loop-bound -xunroll -constprop -instcombine -simplifycfg -indvars -simplifycfg -dce -globaldce -basicaa -aggr-aa -aggrmodref-aa -aggr-aa -dse -duplicate-dataflow-processes -globaldce -instcombine -array-partition -prepare-dynamic-array-partition -instcombine -simplifycfg -dce -ptrArgReplace -global-constprop -deadargelim -mem2reg -func-legal -dce -global-constprop -deadargelim -mem2reg -simplifycfg -dce -merge-param -deadargelim -globalopt -constprop -dce -array-promote -scalar-auto-dep-elim -constprop -dce -ptrArgReplace -mem2reg -simplifycfg -dce -mem-intrinsic-preproc -dce -global-internalize -global-privatize -mem2reg -globaldce -promote-global-argument -ptrArgReplace -mem2reg -dce -globalopt -mergereturn -simplify-global-access -mem2reg -dce -pointer-simplify -dce -functionattrs -basicaa -aggr-aa -aggrmodref-aa -aggr-aa -gvn -gvn -basicaa -aggr-aa -aggrmodref-aa -aggr-aa -dse -adse -adce -dce -norm-name -basicaa -aggr-aa -aggrmodref-aa -aggr-aa -accesses-merge -function-inline -complex-op-raise -inst-simplify -globaldce -func-legal -dce -loop-bound -arraycheck -bitwidthmin2 -bitwidthmin2 -on-by-dataflow -loop-delete -instcombine -simplifycfg -globaldce -dce -gvn -deadargelim -dce -loop-simplify -clean-region -simplifycfg -propagate-stable-arguments -loop-stream -instcombine -simplifycfg -dce -globaldce -duplicate-dataflow-processes -stream-intrinsic-preproc -dce -check-ap-stream -loop-simplify -eliminate-keepreads -extract-dataflow-in-loop -loop-simplify -dce -gvn -deadargelim -dse -duplicate-dataflow-processes -check-dataflow-syntax -legalize-stream-variable -globaldce -legalize-global -extract-subproc -dce -dead-channel-elimination -canonicalize-gep -globaldce -dce -gvn -hls-dead-arg-elim -deadargelim -directive-preproc -canonicalize-dataflow -dce -globaldce -scalar-preprocessing -scalar-propagation2 -scalar-stream -deadargelim -globaldce -mem2reg -check-dataflow-channels -function-stream -dce -globaldce -prop-fifo-spec -internal-stream-gen -canonicalize-gep -globaldce -dce -gvn -deadargelim -mergereturn -indvars -loop-simplify -instcombine -array-stream -array-seg-normalize -array-partition -clean-array-spec -func-legal -instcombine -simplifycfg -dce -bundle-memfifo-ops -deadargelim -directive-preproc -mem2reg -dse -dce -group-axi-access -licm -simplifycfg -dce -loop-delete -hls-display -norm-name C:/OneDrive/Desktop/HLS-Tutorial/Take-Home-Ex/6-Combinational_Circuit/Ex1/solution1/.autopilot/db/a.o.1.bc -o C:/OneDrive/Desktop/HLS-Tutorial/Take-Home-Ex/6-Combinational_Circuit/Ex1/solution1/.autopilot/db/a.o.1.tmp.bc -f 
INFO-FLOW: Presyn 2...
Execute         transform -hls -keep-callgraph -scalarrepl -mem2reg -port-alignment -attach-range -dce -pipe-mux-gen -indvars -loop-bound -inst-simplify -instcombine -dce -merge-array-access -mem2reg -dce -clean-region -mergereturn -if-conv -instcombine -dce -constprop -basicaa -aggr-aa -aggrmodref-aa -aggr-aa -gvn -gvn -basicaa -aggr-aa -aggrmodref-aa -aggr-aa -dse -adse -adce -scalarrepl -mem2reg -global-constprop -deadargelim -deadargelim -instcombine -dce -simplifycfg -ptrArgReplace -mem2reg -function-inline -globaldce -mem2reg -instcombine -dce -expr-balance -instcombine -dce -bitwidthmin2 -bitwidthmin2 -interface-preproc -directive-preproc -inst-rectify -instcombine -dce -functionattrs -constprop -instcombine -bit-constprop -simplify-global-access -globalopt -globaldce -inst-simplify -instcombine -elimdeaddata -dce -loop-delete -simplifycfg -loop-simplify -barrier -norm-name C:/OneDrive/Desktop/HLS-Tutorial/Take-Home-Ex/6-Combinational_Circuit/Ex1/solution1/.autopilot/db/a.o.1.tmp.bc -o C:/OneDrive/Desktop/HLS-Tutorial/Take-Home-Ex/6-Combinational_Circuit/Ex1/solution1/.autopilot/db/a.o.2.bc -f -phase presyn 
INFO: [HLS 200-111] Finished Loop, function and other optimizations: CPU user time: 0 seconds. CPU system time: 0 seconds. Elapsed time: 0.098 seconds; current allocated memory: 239.184 MB.
INFO-FLOW: Building ssdm...
Execute         transform -hls -auto-function-inline -globaldce -ptrArgReplace -mem2reg -dce -reset-lda -loop-simplify -indvars -aggr-aa -licm -loop-dep -loop-bound -licm -loop-simplify -loop-sink-hoist -flattenloopnest -array-flatten -gvn -instcombine -dce -array-map -dce -func-legal -gvn -adce -instcombine -cfgopt -simplifycfg-lite -loop-simplify -array-burst -promote-global-argument -dce -array-seg-normalize -basicaa -aggrmodref-aa -globalsmodref-aa -aggr-aa -gvn -gvn -basicaa -aggrmodref-aa -globalsmodref-aa -aggr-aa -dse -adse -adce -licm -inst-simplify -dce -globaldce -instcombine -array-stream -eliminate-keepreads -instcombine -dce -deadargelim -doublePtrSimplify -doublePtrElim -dce -doublePtrSimplify -promote-dbg-pointer -dce -scalarrepl -mem2reg -norm-name -mem2reg -instcombine -dse -adse -adce -ptrLegalization -dce -array-flatten -dce -instcombine -check-doubleptr -loop-rot -constprop -cfgopt -simplifycfg-lite -loop-simplify -indvars -pointer-simplify -dce -loop-bound -loop-simplify -loop-preproc -constprop -global-constprop -gvn -mem2reg -instcombine -dce -loop-bound -loop-merge -dce -deadargelim -dce -canonicalize-dataflow -dce -deadargelim -globaldce -mem2reg -bram-byte-enable -inst-simplify -inst-rectify -instcombine -adce -deadargelim -load-elim -read-loop-dep -loop-simplify -loop-extract-inner -directive-preproc -bitwidthmin2 -bitwidthmin2 -read-loop-dep -interface-preproc -directive-preproc -interface-gen -bram-byte-enable-spec-prop -deadargelim -inst-simplify -dce -mem2reg -instcombine -gvn -dce -adse -loop-bound -instcombine -cfgopt -simplifycfg-lite -loop-simplify -clean-region -io-protocol -find-region -mem2reg -bitop-raise -complex-op-raise -inst-simplify -inst-rectify -instcombine -adce -deadargelim -float-op-raise -loop-simplify -phi-opt -bitop-raise -cfgopt -simplifycfg-lite -strip-dead-prototypes -interface-lower -bitop-lower -intrinsic-lower -auto-function-inline -basicaa -aggrmodref-aa -globalsmodref-aa -aggr-aa -inst-simplify -simplifycfg-lite -loop-simplify -mergereturn -inst-simplify -inst-rectify -globaldce -dce -load-elim -bitop-lower -float-op-raise -fma-raise -loop-rewind -pointer-simplify -dce -cfgopt -dce -loop-bound -loop-dep -read-loop-dep -dce -dyn-mem-reuse -dce -recurrence-min -dce -share-scalar-alloca -deadargelim -dce -check-stream -norm-name -legalize -validate-dataflow -inst-clarity -bitwidth -dce -dump-loop-dep-to-ir -check-all-ssdm -dump-complexity-metric -cdfg-build C:/OneDrive/Desktop/HLS-Tutorial/Take-Home-Ex/6-Combinational_Circuit/Ex1/solution1/.autopilot/db/a.o.2.bc -o C:/OneDrive/Desktop/HLS-Tutorial/Take-Home-Ex/6-Combinational_Circuit/Ex1/solution1/.autopilot/db/a.o.3.bc -f -phase build-ssdm 
Execute           auto_get_db
INFO: [HLS 200-111] Finished Architecture Synthesis: CPU user time: 0 seconds. CPU system time: 0 seconds. Elapsed time: 0.092 seconds; current allocated memory: 239.215 MB.
INFO-FLOW: Finish building internal data model.
Command       opt_and_import_c done; 0.581 sec.
Command     elaborate done; 11.751 sec.
Execute     ap_eval exec zip -j C:/OneDrive/Desktop/HLS-Tutorial/Take-Home-Ex/6-Combinational_Circuit/Ex1/solution1/.autopilot/db/dut.hcp $dbDir/a.o.3.bc $dbDir/${topname}.rtl_wrap.cfg.tcl $dbDir/apatb_${topname}.cpp $dbDir/apatb_${topname}_util.cpp $dbDir/apatb_${topname}_ir.ll $dbDir/mapper_${topname}.cpp $dbDir/top-io-fe.xml $dbDir/kernel.internal.xml $workdir/../hls.app 
Command     ap_eval done; 0.179 sec.
Execute     autosyn -from_csynth_design=1 
INFO: [HLS 200-10] Starting hardware synthesis ...
INFO-FLOW: Synthesizing C/C++ design ...
INFO: [HLS 200-10] Synthesizing 'boolean_expression' ...
Execute       ap_set_top_model boolean_expression 
Execute       get_model_list boolean_expression -filter all-wo-channel -topdown 
Execute       preproc_iomode -model boolean_expression 
Execute       get_model_list boolean_expression -filter all-wo-channel 
INFO-FLOW: Model list for configure: boolean_expression
INFO-FLOW: Configuring Module : boolean_expression ...
Execute       set_default_model boolean_expression 
Execute       apply_spec_resource_limit boolean_expression 
INFO-FLOW: Model list for preprocess: boolean_expression
INFO-FLOW: Preprocessing Module: boolean_expression ...
Execute       set_default_model boolean_expression 
Execute       cdfg_preprocess -model boolean_expression 
Execute       rtl_gen_preprocess boolean_expression 
INFO-FLOW: Model list for synthesis: boolean_expression
INFO: [HLS 200-10] ----------------------------------------------------------------
INFO: [HLS 200-42] -- Implementing module 'boolean_expression' 
INFO: [HLS 200-10] ----------------------------------------------------------------
Execute       set_default_model boolean_expression 
Execute       schedule -model boolean_expression 
INFO: [SCHED 204-11] Starting scheduling ...
INFO: [SCHED 204-11] Finished scheduling.
Command       schedule done; 0.152 sec.
INFO: [HLS 200-111] Finished Scheduling: CPU user time: 0 seconds. CPU system time: 0 seconds. Elapsed time: 0.374 seconds; current allocated memory: 239.215 MB.
Execute       syn_report -verbosereport -o C:/OneDrive/Desktop/HLS-Tutorial/Take-Home-Ex/6-Combinational_Circuit/Ex1/solution1/.autopilot/db/boolean_expression.verbose.sched.rpt 
Execute         list_part -family xcvu11p-flga2577-1-e 
Execute           ap_family_info -name xcvu11p-flga2577-1-e -data names 
Execute           ap_part_info -quiet -name xcvu11p-flga2577-1-e -data family 
Execute       db_write -o C:/OneDrive/Desktop/HLS-Tutorial/Take-Home-Ex/6-Combinational_Circuit/Ex1/solution1/.autopilot/db/boolean_expression.sched.adb -f 
INFO-FLOW: Finish scheduling boolean_expression.
Execute       set_default_model boolean_expression 
Execute       bind -model boolean_expression 
INFO: [BIND 205-100] Starting micro-architecture generation ...
INFO: [BIND 205-101] Performing variable lifetime analysis.
INFO: [BIND 205-101] Exploring resource sharing.
INFO: [BIND 205-101] Binding ...
INFO: [BIND 205-100] Finished micro-architecture generation.
INFO: [HLS 200-111] Finished Binding: CPU user time: 0 seconds. CPU system time: 0 seconds. Elapsed time: 0.106 seconds; current allocated memory: 239.215 MB.
Execute       syn_report -verbosereport -o C:/OneDrive/Desktop/HLS-Tutorial/Take-Home-Ex/6-Combinational_Circuit/Ex1/solution1/.autopilot/db/boolean_expression.verbose.bind.rpt 
Execute         list_part -family xcvu11p-flga2577-1-e 
Execute           ap_family_info -name xcvu11p-flga2577-1-e -data names 
Execute           ap_part_info -quiet -name xcvu11p-flga2577-1-e -data family 
Execute       db_write -o C:/OneDrive/Desktop/HLS-Tutorial/Take-Home-Ex/6-Combinational_Circuit/Ex1/solution1/.autopilot/db/boolean_expression.bind.adb -f 
INFO-FLOW: Finish binding boolean_expression.
Execute       get_model_list boolean_expression -filter all-wo-channel 
INFO-FLOW: Preprocessing for RTLGen ...
Execute       rtl_gen_preprocess boolean_expression 
INFO-FLOW: Model list for RTL generation: boolean_expression
INFO: [HLS 200-10] ----------------------------------------------------------------
INFO: [HLS 200-10] -- Generating RTL for module 'boolean_expression' 
INFO: [HLS 200-10] ----------------------------------------------------------------
Execute       create_rtl_model boolean_expression -top_prefix  -sub_prefix boolean_expression_ -mg_file C:/OneDrive/Desktop/HLS-Tutorial/Take-Home-Ex/6-Combinational_Circuit/Ex1/solution1/.autopilot/db/boolean_expression.compgen.tcl 
INFO: [RTGEN 206-500] Setting interface mode on port 'boolean_expression/a' to 'ap_none'.
INFO: [RTGEN 206-500] Setting interface mode on port 'boolean_expression/b' to 'ap_none'.
INFO: [RTGEN 206-500] Setting interface mode on port 'boolean_expression/c' to 'ap_none'.
INFO: [RTGEN 206-500] Setting interface mode on port 'boolean_expression/e' to 'ap_none'.
INFO: [RTGEN 206-500] Setting interface mode on port 'boolean_expression/g' to 'ap_none'.
INFO: [RTGEN 206-500] Setting interface mode on port 'boolean_expression/f' to 'ap_none'.
INFO: [RTGEN 206-500] Setting interface mode on port 'boolean_expression/h' to 'ap_vld'.
INFO: [RTGEN 206-500] Setting interface mode on function 'boolean_expression' to 'ap_ctrl_none'.
INFO: [RTGEN 206-100] Finished creating RTL model for 'boolean_expression'.
Command       create_rtl_model done; 0.113 sec.
INFO: [HLS 200-111] Finished Creating RTL model: CPU user time: 0 seconds. CPU system time: 0 seconds. Elapsed time: 0.165 seconds; current allocated memory: 239.215 MB.
Execute       source C:/OneDrive/Desktop/HLS-Tutorial/Take-Home-Ex/6-Combinational_Circuit/Ex1/solution1/.autopilot/db/boolean_expression.rtl_wrap.cfg.tcl 
Execute       gen_rtl boolean_expression -istop -style xilinx -f -lang vhdl -o C:/OneDrive/Desktop/HLS-Tutorial/Take-Home-Ex/6-Combinational_Circuit/Ex1/solution1/syn/vhdl/boolean_expression 
Execute       gen_rtl boolean_expression -istop -style xilinx -f -lang vlog -o C:/OneDrive/Desktop/HLS-Tutorial/Take-Home-Ex/6-Combinational_Circuit/Ex1/solution1/syn/verilog/boolean_expression 
Execute       syn_report -csynth -model boolean_expression -o C:/OneDrive/Desktop/HLS-Tutorial/Take-Home-Ex/6-Combinational_Circuit/Ex1/solution1/syn/report/boolean_expression_csynth.rpt 
Execute         list_part -family xcvu11p-flga2577-1-e 
Execute           ap_family_info -name xcvu11p-flga2577-1-e -data names 
Execute           ap_part_info -quiet -name xcvu11p-flga2577-1-e -data family 
Execute       syn_report -rtlxml -model boolean_expression -o C:/OneDrive/Desktop/HLS-Tutorial/Take-Home-Ex/6-Combinational_Circuit/Ex1/solution1/syn/report/boolean_expression_csynth.xml 
Execute         list_part -family xcvu11p-flga2577-1-e 
Execute           ap_family_info -name xcvu11p-flga2577-1-e -data names 
Execute           ap_part_info -quiet -name xcvu11p-flga2577-1-e -data family 
Execute       syn_report -verbosereport -model boolean_expression -o C:/OneDrive/Desktop/HLS-Tutorial/Take-Home-Ex/6-Combinational_Circuit/Ex1/solution1/.autopilot/db/boolean_expression.verbose.rpt 
Execute         list_part -family xcvu11p-flga2577-1-e 
Execute           ap_family_info -name xcvu11p-flga2577-1-e -data names 
Execute           ap_part_info -quiet -name xcvu11p-flga2577-1-e -data family 
Execute       db_write -model boolean_expression -f -o C:/OneDrive/Desktop/HLS-Tutorial/Take-Home-Ex/6-Combinational_Circuit/Ex1/solution1/.autopilot/db/boolean_expression.adb 
Execute       db_write -model boolean_expression -bindview -o C:/OneDrive/Desktop/HLS-Tutorial/Take-Home-Ex/6-Combinational_Circuit/Ex1/solution1/.autopilot/db/design.bindinfo.xml 
Execute       gen_tb_info boolean_expression -p C:/OneDrive/Desktop/HLS-Tutorial/Take-Home-Ex/6-Combinational_Circuit/Ex1/solution1/.autopilot/db -o C:/OneDrive/Desktop/HLS-Tutorial/Take-Home-Ex/6-Combinational_Circuit/Ex1/solution1/.autopilot/db/boolean_expression 
Execute       export_constraint_db -f -tool general -o C:/OneDrive/Desktop/HLS-Tutorial/Take-Home-Ex/6-Combinational_Circuit/Ex1/solution1/.autopilot/db/boolean_expression.constraint.tcl 
Execute       syn_report -designview -model boolean_expression -o C:/OneDrive/Desktop/HLS-Tutorial/Take-Home-Ex/6-Combinational_Circuit/Ex1/solution1/.autopilot/db/boolean_expression.design.xml 
Execute       syn_report -csynthDesign -model boolean_expression -o C:/OneDrive/Desktop/HLS-Tutorial/Take-Home-Ex/6-Combinational_Circuit/Ex1/solution1/syn/report/csynth.rpt -MHOut C:/OneDrive/Desktop/HLS-Tutorial/Take-Home-Ex/6-Combinational_Circuit/Ex1/solution1/.autopilot/db/kernel_module_hierarchy.tcl 
Execute         list_part -family xcvu11p-flga2577-1-e 
Execute           ap_family_info -name xcvu11p-flga2577-1-e -data names 
Execute           ap_part_info -quiet -name xcvu11p-flga2577-1-e -data family 
Execute       syn_report -wcfg -model boolean_expression -o C:/OneDrive/Desktop/HLS-Tutorial/Take-Home-Ex/6-Combinational_Circuit/Ex1/solution1/.autopilot/db/boolean_expression_dataflow_ana.wcfg 
Execute       syn_report -protoinst -model boolean_expression -o C:/OneDrive/Desktop/HLS-Tutorial/Take-Home-Ex/6-Combinational_Circuit/Ex1/solution1/.autopilot/db/boolean_expression.protoinst 
Execute       sc_get_clocks boolean_expression 
Execute       sc_get_portdomain boolean_expression 
INFO-FLOW: Model list for RTL component generation: boolean_expression
INFO-FLOW: Handling components in module [boolean_expression] ... 
Execute       source C:/OneDrive/Desktop/HLS-Tutorial/Take-Home-Ex/6-Combinational_Circuit/Ex1/solution1/.autopilot/db/boolean_expression.compgen.tcl 
INFO-FLOW: Append model boolean_expression
INFO-FLOW: Generating RTL model list ...
INFO-FLOW: All models in this session: boolean_expression
INFO-FLOW: Generating C:/OneDrive/Desktop/HLS-Tutorial/Take-Home-Ex/6-Combinational_Circuit/Ex1/solution1/.autopilot/db/autopilot.rtl.models.txt file...
INFO-FLOW: To file: write model boolean_expression
INFO-FLOW: Generating C:/OneDrive/Desktop/HLS-Tutorial/Take-Home-Ex/6-Combinational_Circuit/Ex1/solution1/.autopilot/db/autopilot.rtl.models.tcl file...
INFO-FLOW: Finished generating RTL model list.


INFO-FLOW: RTL Generation done.
INFO-FLOW: CAS Generation done.
INFO-FLOW: CBC Generation done.
INFO-FLOW: DBG:PROC: ::AESL_AUTOMG::auto_generate_csynth_design
INFO-FLOW: DBG:PUTS: read_platform_lib C:/OneDrive/Desktop/HLS-Tutorial/Take-Home-Ex/6-Combinational_Circuit/Ex1/solution1/.autopilot/db/global.setting.tcl
Execute       source C:/Xilinx/Vitis_HLS/2023.2/common/technology/generic/autopilot/common.gen 
Execute         source C:/Xilinx/Vitis_HLS/2023.2/common/technology/generic/autopilot/APCoreGen.gen 
Execute       source C:/Xilinx/Vitis_HLS/2023.2/common/technology/generic/autopilot/op.gen 
Execute       source C:/Xilinx/Vitis_HLS/2023.2/common/technology/generic/autopilot/op_simcore.gen 
Execute       source C:/Xilinx/Vitis_HLS/2023.2/common/technology/generic/autopilot/interface.gen 
Execute       source C:/OneDrive/Desktop/HLS-Tutorial/Take-Home-Ex/6-Combinational_Circuit/Ex1/solution1/.autopilot/db/global.setting.tcl 
Execute       source C:/Xilinx/Vitis_HLS/2023.2/common/technology/xilinx/common/xilinx.gen 
Execute         source C:/Xilinx/Vitis_HLS/2023.2/common/technology/xilinx/interface/plb46.gen 
Execute         source C:/Xilinx/Vitis_HLS/2023.2/common/technology/xilinx/interface/axi4.gen 
Execute         source C:/Xilinx/Vitis_HLS/2023.2/common/technology/xilinx/interface/nativeAXI4.gen 
Execute           source C:/Xilinx/Vitis_HLS/2023.2/common/technology/xilinx/interface/saxilite.gen 
Execute         source C:/Xilinx/Vitis_HLS/2023.2/common/technology/xilinx/scripts/xilinxcoregen.gen 
Execute         source C:/Xilinx/Vitis_HLS/2023.2/common/technology/xilinx/interface/XilEDKCoreGen.gen 
Execute         source C:/Xilinx/Vitis_HLS/2023.2/common/technology/xilinx/ip/dds_compiler.gen 
Execute         source C:/Xilinx/Vitis_HLS/2023.2/common/technology/xilinx/ip/util.gen 
Execute         source C:/Xilinx/Vitis_HLS/2023.2/common/technology/xilinx/ip/xfft.gen 
Execute         source C:/Xilinx/Vitis_HLS/2023.2/common/technology/xilinx/ip/xfir.gen 
Execute         source C:/Xilinx/Vitis_HLS/2023.2/common/technology/xilinx/DSP48/dsp48.gen 
Command       ap_source done; 0.113 sec.
INFO-FLOW: DBG:PUTS:   using AESL_AUTOCG::g_clock_period=10.000 (was NA)
INFO-FLOW: DBG:PROC: ::AESL_AUTOMG::generate_ip_cores gen_sim_model='1' gen_fp_models='0' gen_for_export='0' dstSCDir='' dstVhdlDir='C:/OneDrive/Desktop/HLS-Tutorial/Take-Home-Ex/6-Combinational_Circuit/Ex1/solution1/.autopilot/db/vhdl' dstVlogDir='C:/OneDrive/Desktop/HLS-Tutorial/Take-Home-Ex/6-Combinational_Circuit/Ex1/solution1/.autopilot/db/vlog' tclDir='C:/OneDrive/Desktop/HLS-Tutorial/Take-Home-Ex/6-Combinational_Circuit/Ex1/solution1/.autopilot/db' modelList='boolean_expression
' expOnly='0'
Execute       source C:/OneDrive/Desktop/HLS-Tutorial/Take-Home-Ex/6-Combinational_Circuit/Ex1/solution1/.autopilot/db/global.setting.tcl 
Execute       ap_part_info -name xcvu11p-flga2577-1-e -data names -quiet 
Execute       ap_part_info -name xcvu11p-flga2577-1-e -data info -quiet 
Execute       source C:/OneDrive/Desktop/HLS-Tutorial/Take-Home-Ex/6-Combinational_Circuit/Ex1/solution1/.autopilot/db/global.setting.tcl 
Execute       source C:/OneDrive/Desktop/HLS-Tutorial/Take-Home-Ex/6-Combinational_Circuit/Ex1/solution1/.autopilot/db/global.setting.tcl 
Execute       source C:/OneDrive/Desktop/HLS-Tutorial/Take-Home-Ex/6-Combinational_Circuit/Ex1/solution1/.autopilot/db/boolean_expression.compgen.tcl 
INFO: [HLS 200-111] Finished Generating all RTL models: CPU user time: 0 seconds. CPU system time: 0 seconds. Elapsed time: 0.413 seconds; current allocated memory: 242.898 MB.
INFO-FLOW: DBG:PROC: ::HLSREPORTS::create_csynth_xml bind_info_var='bind_info' RtlSubPrefix='boolean_expression_' outfile=''
INFO-FLOW: Running: create_csynth_xml read xml data
INFO-FLOW: Done: create_csynth_xml read xml data time: 0 seconds per iteration
INFO-FLOW: Running: create_csynth_xml bind info
INFO-FLOW: No bind nodes found for module_name boolean_expression
INFO-FLOW: Done: create_csynth_xml bind info time: 0 seconds per iteration
INFO-FLOW: Running: create_csynth_xml config info
INFO-FLOW: Done: create_csynth_xml config info time: 0.4 seconds per iteration
INFO-FLOW: Running: create_csynth_xml write xml
INFO-FLOW: Done: create_csynth_xml write xml time: 0 seconds per iteration
INFO-FLOW: DBG:PUTS:      create_csynth_xml wrote csynth_xml=C:/OneDrive/Desktop/HLS-Tutorial/Take-Home-Ex/6-Combinational_Circuit/Ex1/solution1/syn/report/csynth.xml
INFO-FLOW: DBG:PROC: ::AP::DESIGN_DATA::generate_json generate_bd_files='0' generate_xo_files='0' modelList='boolean_expression
' rtl_lang='both' bootstrap_tcl='false' outdir='' outfilename=''
Execute       source C:/OneDrive/Desktop/HLS-Tutorial/Take-Home-Ex/6-Combinational_Circuit/Ex1/solution1/.autopilot/db/global.setting.tcl 
Execute       source C:/OneDrive/Desktop/HLS-Tutorial/Take-Home-Ex/6-Combinational_Circuit/Ex1/solution1/.autopilot/db/global.setting.tcl 
Execute       source C:/OneDrive/Desktop/HLS-Tutorial/Take-Home-Ex/6-Combinational_Circuit/Ex1/solution1/.autopilot/db/top-io-be.tcl 
Execute       source C:/OneDrive/Desktop/HLS-Tutorial/Take-Home-Ex/6-Combinational_Circuit/Ex1/solution1/.autopilot/db/boolean_expression.tbgen.tcl 
Execute       source C:/OneDrive/Desktop/HLS-Tutorial/Take-Home-Ex/6-Combinational_Circuit/Ex1/solution1/.autopilot/db/boolean_expression.rtl_wrap.cfg.tcl 
Execute       source C:/OneDrive/Desktop/HLS-Tutorial/Take-Home-Ex/6-Combinational_Circuit/Ex1/solution1/.autopilot/db/boolean_expression.compgen.dataonly.tcl 
Execute       source C:/OneDrive/Desktop/HLS-Tutorial/Take-Home-Ex/6-Combinational_Circuit/Ex1/solution1/.autopilot/db/boolean_expression.tbgen.tcl 
Execute       source C:/OneDrive/Desktop/HLS-Tutorial/Take-Home-Ex/6-Combinational_Circuit/Ex1/solution1/.autopilot/db/global.setting.tcl 
Execute       ap_part_info -name xcvu11p-flga2577-1-e -data names -quiet 
Execute       ap_part_info -name xcvu11p-flga2577-1-e -data info -quiet 
Execute       source C:/OneDrive/Desktop/HLS-Tutorial/Take-Home-Ex/6-Combinational_Circuit/Ex1/solution1/.autopilot/db/boolean_expression.constraint.tcl 
Execute       source C:/OneDrive/Desktop/HLS-Tutorial/Take-Home-Ex/6-Combinational_Circuit/Ex1/solution1/.autopilot/db/global.setting.tcl 
INFO-FLOW: DBG:PROC: ::HLSREPORTS::add_csynth_report_sections bind_info_dict='adapter_nodes {} report_dict {TOPINST boolean_expression MODULE2INSTS {boolean_expression boolean_expression} INST2MODULE {boolean_expression boolean_expression} INSTDATA {boolean_expression {DEPTH 1 CHILDREN {}}} MODULEDATA {boolean_expression {AREA {DSP 0 BRAM 0 URAM 0}}}}'
INFO-FLOW: DBG:PUTS:      update_csynth_reports json2rpt_hw_sw_interfaces
INFO-FLOW: Running: gen_csynth_sec_pragma
INFO-FLOW: Done: gen_csynth_sec_pragma time: 0 seconds per iteration
INFO-FLOW: DBG:PUTS:      update_csynth_reports wrote xml
INFO-FLOW: DBG:PUTS:      update_csynth_reports appended to csynth rpt file
INFO: [HLS 200-111] Finished Updating report files: CPU user time: 1 seconds. CPU system time: 0 seconds. Elapsed time: 0.663 seconds; current allocated memory: 247.199 MB.
INFO: [VHDL 208-304] Generating VHDL RTL for boolean_expression.
INFO: [VLOG 209-307] Generating Verilog RTL for boolean_expression.
Execute       syn_report -model boolean_expression -printsummary 
INFO: [HLS 200-789] **** Estimated Fmax: 6756.76 MHz
Command     autosyn done; 1.597 sec.
Command   csynth_design done; 13.65 sec.
INFO: [HLS 200-111] Finished Command csynth_design CPU user time: 1 seconds. CPU system time: 0 seconds. Elapsed time: 13.65 seconds; current allocated memory: 36.562 MB.
Command ap_source done; 17.03 sec.
Execute cleanup_all 
