INFO: [HLS 200-10] Running 'C:/Xilinx/Vitis_HLS/2023.2/bin/unwrapped/win64.o/vitis_hls.exe'
INFO: [HLS 200-10] For user 'User1' on host 'desktop-a2lg1n2' (Windows NT_amd64 version 6.2) on Wed Jul 24 23:13:53 +0330 2024
INFO: [HLS 200-10] In directory 'C:/OneDrive/Desktop/HLS-Tutorial/Take-Home-Ex/6-Combinational_Circuit'
INFO: [HLS 200-2053] The vitis_hls executable is being deprecated. Consider using vitis-run --mode hls --tcl
Sourcing Tcl script 'C:/OneDrive/Desktop/HLS-Tutorial/Take-Home-Ex/6-Combinational_Circuit/Ex3/solution1/csynth.tcl'
INFO: [HLS 200-1510] Running: source C:/OneDrive/Desktop/HLS-Tutorial/Take-Home-Ex/6-Combinational_Circuit/Ex3/solution1/csynth.tcl
INFO: [HLS 200-1510] Running: open_project Ex3 
INFO: [HLS 200-10] Opening project 'C:/OneDrive/Desktop/HLS-Tutorial/Take-Home-Ex/6-Combinational_Circuit/Ex3'.
INFO: [HLS 200-1510] Running: set_top comprator 
INFO: [HLS 200-1510] Running: add_files Ex3/src/comparator.cpp 
INFO: [HLS 200-10] Adding design file 'Ex3/src/comparator.cpp' to the project
INFO: [HLS 200-1510] Running: open_solution solution1 -flow_target vivado 
INFO: [HLS 200-10] Opening solution 'C:/OneDrive/Desktop/HLS-Tutorial/Take-Home-Ex/6-Combinational_Circuit/Ex3/solution1'.
INFO: [SYN 201-201] Setting up clock 'default' with a period of 10ns.
INFO: [HLS 200-1611] Setting target device to 'xcvu11p-flga2577-1-e'
INFO: [HLS 200-1505] Using flow_target 'vivado'
Resolution: For help on HLS 200-1505 see docs.xilinx.com/access/sources/dita/topic?Doc_Version=2023.2%20English&url=ug1448-hls-guidance&resourceid=200-1505.html
INFO: [HLS 200-1510] Running: set_part xcvu11p-flga2577-1-e 
INFO: [HLS 200-1510] Running: create_clock -period 10 -name default 
INFO: [HLS 200-1510] Running: csynth_design 
INFO: [HLS 200-111] Finished File checks and directory preparation: CPU user time: 0 seconds. CPU system time: 0 seconds. Elapsed time: 0.154 seconds; current allocated memory: 210.039 MB.
INFO: [HLS 200-10] Analyzing design file 'Ex3/src/comparator.cpp' ... 
INFO: [HLS 200-111] Finished Source Code Analysis and Preprocessing: CPU user time: 0 seconds. CPU system time: 0 seconds. Elapsed time: 1.164 seconds; current allocated memory: 211.812 MB.
INFO: [HLS 200-777] Using interface defaults for 'Vivado' flow target.
INFO: [HLS 200-1995] There were 58 instructions in the design after the 'Compile/Link' phase of compilation. See the Design Size Report for more details: C:/OneDrive/Desktop/HLS-Tutorial/Take-Home-Ex/6-Combinational_Circuit/Ex3/solution1/syn/report/csynth_design_size.rpt
INFO: [HLS 200-1995] There were 42 instructions in the design after the 'Unroll/Inline (step 1)' phase of compilation. See the Design Size Report for more details: C:/OneDrive/Desktop/HLS-Tutorial/Take-Home-Ex/6-Combinational_Circuit/Ex3/solution1/syn/report/csynth_design_size.rpt
INFO: [HLS 200-1995] There were 42 instructions in the design after the 'Unroll/Inline (step 2)' phase of compilation. See the Design Size Report for more details: C:/OneDrive/Desktop/HLS-Tutorial/Take-Home-Ex/6-Combinational_Circuit/Ex3/solution1/syn/report/csynth_design_size.rpt
INFO: [HLS 200-1995] There were 42 instructions in the design after the 'Unroll/Inline (step 3)' phase of compilation. See the Design Size Report for more details: C:/OneDrive/Desktop/HLS-Tutorial/Take-Home-Ex/6-Combinational_Circuit/Ex3/solution1/syn/report/csynth_design_size.rpt
INFO: [HLS 200-1995] There were 41 instructions in the design after the 'Unroll/Inline (step 4)' phase of compilation. See the Design Size Report for more details: C:/OneDrive/Desktop/HLS-Tutorial/Take-Home-Ex/6-Combinational_Circuit/Ex3/solution1/syn/report/csynth_design_size.rpt
INFO: [HLS 200-1995] There were 41 instructions in the design after the 'Array/Struct (step 1)' phase of compilation. See the Design Size Report for more details: C:/OneDrive/Desktop/HLS-Tutorial/Take-Home-Ex/6-Combinational_Circuit/Ex3/solution1/syn/report/csynth_design_size.rpt
INFO: [HLS 200-1995] There were 41 instructions in the design after the 'Array/Struct (step 2)' phase of compilation. See the Design Size Report for more details: C:/OneDrive/Desktop/HLS-Tutorial/Take-Home-Ex/6-Combinational_Circuit/Ex3/solution1/syn/report/csynth_design_size.rpt
INFO: [HLS 200-1995] There were 41 instructions in the design after the 'Array/Struct (step 3)' phase of compilation. See the Design Size Report for more details: C:/OneDrive/Desktop/HLS-Tutorial/Take-Home-Ex/6-Combinational_Circuit/Ex3/solution1/syn/report/csynth_design_size.rpt
INFO: [HLS 200-1995] There were 41 instructions in the design after the 'Array/Struct (step 4)' phase of compilation. See the Design Size Report for more details: C:/OneDrive/Desktop/HLS-Tutorial/Take-Home-Ex/6-Combinational_Circuit/Ex3/solution1/syn/report/csynth_design_size.rpt
INFO: [HLS 200-1995] There were 41 instructions in the design after the 'Array/Struct (step 5)' phase of compilation. See the Design Size Report for more details: C:/OneDrive/Desktop/HLS-Tutorial/Take-Home-Ex/6-Combinational_Circuit/Ex3/solution1/syn/report/csynth_design_size.rpt
INFO: [HLS 200-1995] There were 41 instructions in the design after the 'Performance (step 1)' phase of compilation. See the Design Size Report for more details: C:/OneDrive/Desktop/HLS-Tutorial/Take-Home-Ex/6-Combinational_Circuit/Ex3/solution1/syn/report/csynth_design_size.rpt
INFO: [HLS 200-1995] There were 41 instructions in the design after the 'Performance (step 2)' phase of compilation. See the Design Size Report for more details: C:/OneDrive/Desktop/HLS-Tutorial/Take-Home-Ex/6-Combinational_Circuit/Ex3/solution1/syn/report/csynth_design_size.rpt
INFO: [HLS 200-1995] There were 41 instructions in the design after the 'Performance (step 3)' phase of compilation. See the Design Size Report for more details: C:/OneDrive/Desktop/HLS-Tutorial/Take-Home-Ex/6-Combinational_Circuit/Ex3/solution1/syn/report/csynth_design_size.rpt
INFO: [HLS 200-1995] There were 41 instructions in the design after the 'Performance (step 4)' phase of compilation. See the Design Size Report for more details: C:/OneDrive/Desktop/HLS-Tutorial/Take-Home-Ex/6-Combinational_Circuit/Ex3/solution1/syn/report/csynth_design_size.rpt
INFO: [HLS 200-1995] There were 52 instructions in the design after the 'HW Transforms (step 1)' phase of compilation. See the Design Size Report for more details: C:/OneDrive/Desktop/HLS-Tutorial/Take-Home-Ex/6-Combinational_Circuit/Ex3/solution1/syn/report/csynth_design_size.rpt
INFO: [HLS 200-1995] There were 53 instructions in the design after the 'HW Transforms (step 2)' phase of compilation. See the Design Size Report for more details: C:/OneDrive/Desktop/HLS-Tutorial/Take-Home-Ex/6-Combinational_Circuit/Ex3/solution1/syn/report/csynth_design_size.rpt
INFO: [HLS 200-111] Finished Compiling Optimization and Transform: CPU user time: 0 seconds. CPU system time: 0 seconds. Elapsed time: 8.217 seconds; current allocated memory: 213.402 MB.
INFO: [HLS 200-111] Finished Checking Pragmas: CPU user time: 0 seconds. CPU system time: 0 seconds. Elapsed time: 0.002 seconds; current allocated memory: 213.402 MB.
INFO: [HLS 200-10] Starting code transformations ...
INFO: [HLS 200-111] Finished Standard Transforms: CPU user time: 0 seconds. CPU system time: 0 seconds. Elapsed time: 0.028 seconds; current allocated memory: 217.508 MB.
INFO: [HLS 200-10] Checking synthesizability ...
INFO: [HLS 200-111] Finished Checking Synthesizability: CPU user time: 0 seconds. CPU system time: 0 seconds. Elapsed time: 0.025 seconds; current allocated memory: 218.812 MB.
INFO: [XFORM 203-11] Balancing expressions in function 'comprator' (Ex3/src/comparator.cpp:1)...6 expression(s) balanced.
INFO: [HLS 200-111] Finished Loop, function and other optimizations: CPU user time: 0 seconds. CPU system time: 0 seconds. Elapsed time: 0.059 seconds; current allocated memory: 239.113 MB.
INFO: [HLS 200-111] Finished Architecture Synthesis: CPU user time: 1 seconds. CPU system time: 0 seconds. Elapsed time: 0.035 seconds; current allocated memory: 239.117 MB.
INFO: [HLS 200-10] Starting hardware synthesis ...
INFO: [HLS 200-10] Synthesizing 'comprator' ...
INFO: [HLS 200-10] ----------------------------------------------------------------
INFO: [HLS 200-42] -- Implementing module 'comprator' 
INFO: [HLS 200-10] ----------------------------------------------------------------
INFO: [SCHED 204-11] Starting scheduling ...
INFO: [SCHED 204-11] Finished scheduling.
INFO: [HLS 200-111] Finished Scheduling: CPU user time: 0 seconds. CPU system time: 0 seconds. Elapsed time: 0.146 seconds; current allocated memory: 239.117 MB.
INFO: [BIND 205-100] Starting micro-architecture generation ...
INFO: [BIND 205-101] Performing variable lifetime analysis.
INFO: [BIND 205-101] Exploring resource sharing.
INFO: [BIND 205-101] Binding ...
INFO: [BIND 205-100] Finished micro-architecture generation.
INFO: [HLS 200-111] Finished Binding: CPU user time: 0 seconds. CPU system time: 0 seconds. Elapsed time: 0.066 seconds; current allocated memory: 239.117 MB.
INFO: [HLS 200-10] ----------------------------------------------------------------
INFO: [HLS 200-10] -- Generating RTL for module 'comprator' 
INFO: [HLS 200-10] ----------------------------------------------------------------
INFO: [RTGEN 206-500] Setting interface mode on port 'comprator/a0' to 'ap_none'.
INFO: [RTGEN 206-500] Setting interface mode on port 'comprator/a1' to 'ap_none'.
INFO: [RTGEN 206-500] Setting interface mode on port 'comprator/a2' to 'ap_none'.
INFO: [RTGEN 206-500] Setting interface mode on port 'comprator/a3' to 'ap_none'.
INFO: [RTGEN 206-500] Setting interface mode on port 'comprator/b0' to 'ap_none'.
INFO: [RTGEN 206-500] Setting interface mode on port 'comprator/b1' to 'ap_none'.
INFO: [RTGEN 206-500] Setting interface mode on port 'comprator/b2' to 'ap_none'.
INFO: [RTGEN 206-500] Setting interface mode on port 'comprator/b3' to 'ap_none'.
INFO: [RTGEN 206-500] Setting interface mode on port 'comprator/M' to 'ap_none'.
WARNING: [RTGEN 206-101] Port 'M' with mode 'ap_none' may require an associated data valid signal to correctly communicate with other blocks or a test bench; automatic C/RTL co-simulation may not be able to verify such a port.
INFO: [RTGEN 206-500] Setting interface mode on port 'comprator/N' to 'ap_none'.
WARNING: [RTGEN 206-101] Port 'N' with mode 'ap_none' may require an associated data valid signal to correctly communicate with other blocks or a test bench; automatic C/RTL co-simulation may not be able to verify such a port.
INFO: [RTGEN 206-500] Setting interface mode on port 'comprator/P' to 'ap_none'.
WARNING: [RTGEN 206-101] Port 'P' with mode 'ap_none' may require an associated data valid signal to correctly communicate with other blocks or a test bench; automatic C/RTL co-simulation may not be able to verify such a port.
INFO: [RTGEN 206-500] Setting interface mode on function 'comprator' to 'ap_ctrl_none'.
INFO: [RTGEN 206-100] Finished creating RTL model for 'comprator'.
INFO: [HLS 200-111] Finished Creating RTL model: CPU user time: 0 seconds. CPU system time: 0 seconds. Elapsed time: 0.217 seconds; current allocated memory: 239.414 MB.
INFO: [HLS 200-111] Finished Generating all RTL models: CPU user time: 0 seconds. CPU system time: 0 seconds. Elapsed time: 0.42 seconds; current allocated memory: 244.203 MB.
INFO: [HLS 200-111] Finished Updating report files: CPU user time: 0 seconds. CPU system time: 0 seconds. Elapsed time: 0.707 seconds; current allocated memory: 248.480 MB.
INFO: [VHDL 208-304] Generating VHDL RTL for comprator.
INFO: [VLOG 209-307] Generating Verilog RTL for comprator.
INFO: [HLS 200-789] **** Estimated Fmax: 1106.19 MHz
INFO: [HLS 200-111] Finished Command csynth_design CPU user time: 1 seconds. CPU system time: 0 seconds. Elapsed time: 11.317 seconds; current allocated memory: 38.895 MB.
INFO: [HLS 200-112] Total CPU user time: 2 seconds. Total CPU system time: 1 seconds. Total elapsed time: 15.577 seconds; peak allocated memory: 249.133 MB.
